10/6/2025, 7:40:53 am — [INFO] — Kailas Nimbalkar-->GET--->quotations
10/6/2025, 7:40:53 am — [INFO] — Kailas Nimbalkar-->GET--->quotations
10/6/2025, 7:43:51 am — [INFO] — Kailas Nimbalkar-->GET--->quotations
10/6/2025, 7:43:52 am — [INFO] — Kailas Nimbalkar-->GET--->quotations
10/6/2025, 7:49:05 am — [INFO] — Kailas Nimbalkar-->POST--->quotations
10/6/2025, 7:51:07 am — [INFO] — Kailas Nimbalkar-->GET--->quotations
10/6/2025, 7:51:07 am — [INFO] — Kailas Nimbalkar-->GET--->quotations
10/6/2025, 7:51:16 am — [INFO] — Kailas Nimbalkar-->DELETE--->quotations
10/6/2025, 7:58:58 am — [INFO] — Kailas Nimbalkar-->GET--->quotations
10/6/2025, 7:58:58 am — [INFO] — Kailas Nimbalkar-->GET--->quotations
10/6/2025, 8:01:10 am — [INFO] — Kailas Nimbalkar-->GET--->quotations
10/6/2025, 8:01:10 am — [INFO] — Kailas Nimbalkar-->GET--->quotations
10/6/2025, 8:02:52 am — [INFO] — Kailas Nimbalkar-->GET--->products
10/6/2025, 8:02:52 am — [INFO] — Kailas Nimbalkar-->GET--->products
10/6/2025, 8:02:57 am — [INFO] — Kailas Nimbalkar-->GET--->quotations
10/6/2025, 8:02:57 am — [INFO] — Kailas Nimbalkar-->GET--->quotations
10/6/2025, 8:13:00 am — [INFO] — Kailas Nimbalkar-->GET--->quotations
10/6/2025, 8:13:00 am — [INFO] — Kailas Nimbalkar-->GET--->quotations
10/6/2025, 8:18:52 am — [INFO] — Kailas Nimbalkar-->GET--->quotations
10/6/2025, 8:18:52 am — [INFO] — Kailas Nimbalkar-->GET--->quotations
10/6/2025, 8:21:55 am — [INFO] — Kailas Nimbalkar-->GET--->quotations
10/6/2025, 8:21:55 am — [INFO] — Kailas Nimbalkar-->GET--->quotations
10/6/2025, 8:32:45 am — [INFO] — Kailas Nimbalkar-->GET--->quotations
10/6/2025, 8:32:45 am — [INFO] — Kailas Nimbalkar-->GET--->quotations
10/6/2025, 8:35:47 am — [INFO] — Kailas Nimbalkar-->GET--->products
10/6/2025, 8:35:47 am — [INFO] — Kailas Nimbalkar-->GET--->products
10/6/2025, 8:35:49 am — [INFO] — Kailas Nimbalkar-->GET--->quotations
10/6/2025, 8:35:49 am — [INFO] — Kailas Nimbalkar-->GET--->quotations
10/6/2025, 8:36:31 am — [INFO] — Kailas Nimbalkar-->POST--->quotations
10/6/2025, 8:40:32 am — [INFO] — Kailas Nimbalkar-->GET--->products
10/6/2025, 8:40:32 am — [INFO] — Kailas Nimbalkar-->GET--->products
10/6/2025, 8:40:35 am — [INFO] — Kailas Nimbalkar-->GET--->quotations
10/6/2025, 8:40:35 am — [INFO] — Kailas Nimbalkar-->GET--->quotations
10/6/2025, 8:40:41 am — [INFO] — Kailas Nimbalkar-->GET--->products
10/6/2025, 8:40:41 am — [INFO] — Kailas Nimbalkar-->GET--->products
10/6/2025, 8:40:44 am — [INFO] — Kailas Nimbalkar-->GET--->quotations
10/6/2025, 8:40:44 am — [INFO] — Kailas Nimbalkar-->GET--->quotations
10/6/2025, 8:40:54 am — [WARN] — Unauthorized operation -->PUT--->quotations
10/6/2025, 8:41:27 am — [INFO] — Kailas Nimbalkar-->GET--->quotations
10/6/2025, 8:41:27 am — [INFO] — Kailas Nimbalkar-->GET--->quotations
10/6/2025, 8:41:34 am — [INFO] — Kailas Nimbalkar-->PUT--->quotations
10/6/2025, 8:41:38 am — [INFO] — Kailas Nimbalkar-->GET--->products
10/6/2025, 8:41:38 am — [INFO] — Kailas Nimbalkar-->GET--->products
10/6/2025, 8:42:40 am — [INFO] — Kailas Nimbalkar-->GET--->quotations
10/6/2025, 8:42:40 am — [INFO] — Kailas Nimbalkar-->GET--->quotations
10/6/2025, 8:44:39 am — [INFO] — Kailas Nimbalkar-->GET--->products
10/6/2025, 8:44:39 am — [INFO] — Kailas Nimbalkar-->GET--->products
10/6/2025, 8:44:42 am — [INFO] — Kailas Nimbalkar-->GET--->quotations
10/6/2025, 8:44:42 am — [INFO] — Kailas Nimbalkar-->GET--->quotations
10/6/2025, 8:45:42 am — [INFO] — Kailas Nimbalkar-->GET--->products
10/6/2025, 8:45:42 am — [INFO] — Kailas Nimbalkar-->GET--->products
10/6/2025, 8:47:23 am — [INFO] — Kailas Nimbalkar-->GET--->customers
10/6/2025, 8:47:23 am — [INFO] — Kailas Nimbalkar-->GET--->customers
10/6/2025, 8:47:23 am — [INFO] — Kailas Nimbalkar-->GET--->products
10/6/2025, 8:47:23 am — [INFO] — Kailas Nimbalkar-->GET--->products
10/6/2025, 8:47:37 am — [INFO] — Kailas Nimbalkar-->GET--->quotations
10/6/2025, 8:47:37 am — [INFO] — Kailas Nimbalkar-->GET--->quotations
10/6/2025, 8:48:15 am — [INFO] — Kailas Nimbalkar-->GET--->products
10/6/2025, 8:48:15 am — [INFO] — Kailas Nimbalkar-->GET--->products
10/6/2025, 8:48:16 am — [INFO] — Kailas Nimbalkar-->GET--->quotations
10/6/2025, 8:48:16 am — [INFO] — Kailas Nimbalkar-->GET--->quotations
10/6/2025, 8:51:53 am — [INFO] — Kailas Nimbalkar-->GET--->quotations
10/6/2025, 8:51:53 am — [INFO] — Kailas Nimbalkar-->GET--->quotations
10/6/2025, 9:13:39 am — [INFO] — Kailas Nimbalkar-->GET--->products
10/6/2025, 9:13:39 am — [INFO] — Kailas Nimbalkar-->GET--->products
10/6/2025, 9:13:43 am — [INFO] — Kailas Nimbalkar-->DELETE--->products
10/6/2025, 9:13:46 am — [INFO] — Kailas Nimbalkar-->DELETE--->products
10/6/2025, 9:13:48 am — [INFO] — Kailas Nimbalkar-->DELETE--->products
10/6/2025, 9:14:36 am — [INFO] — Kailas Nimbalkar-->GET--->customers
10/6/2025, 9:14:36 am — [INFO] — Kailas Nimbalkar-->GET--->customers
10/6/2025, 9:14:37 am — [INFO] — Kailas Nimbalkar-->GET--->products
10/6/2025, 9:14:37 am — [INFO] — Kailas Nimbalkar-->GET--->products
10/6/2025, 9:14:41 am — [INFO] — Kailas Nimbalkar-->DELETE--->products
10/6/2025, 9:14:43 am — [INFO] — Kailas Nimbalkar-->DELETE--->products
10/6/2025, 9:14:50 am — [INFO] — Kailas Nimbalkar-->GET--->customers
10/6/2025, 9:14:50 am — [INFO] — Kailas Nimbalkar-->GET--->customers
10/6/2025, 9:14:52 am — [INFO] — Kailas Nimbalkar-->GET--->quotations
10/6/2025, 9:14:52 am — [INFO] — Kailas Nimbalkar-->GET--->quotations
10/6/2025, 9:14:54 am — [INFO] — Kailas Nimbalkar-->GET--->products
10/6/2025, 9:14:54 am — [INFO] — Kailas Nimbalkar-->GET--->products
10/6/2025, 9:38:47 am — [INFO] — Kailas Nimbalkar-->GET--->products
10/6/2025, 9:38:47 am — [INFO] — Kailas Nimbalkar-->GET--->products
10/6/2025, 9:40:55 am — [INFO] — Kailas Nimbalkar-->GET--->products
10/6/2025, 9:40:55 am — [INFO] — Kailas Nimbalkar-->GET--->products
10/6/2025, 9:41:32 am — [WARN] — Unauthorized operation -->GET--->products
10/6/2025, 9:41:32 am — [WARN] — Unauthorized operation -->GET--->products
10/6/2025, 9:45:50 am — [INFO] — Kailas Nimbalkar-->GET--->products
10/6/2025, 9:45:50 am — [INFO] — Kailas Nimbalkar-->GET--->products
10/6/2025, 9:53:08 am — [INFO] — Kailas Nimbalkar-->GET--->products
10/6/2025, 9:53:08 am — [INFO] — Kailas Nimbalkar-->GET--->products
10/6/2025, 9:57:35 am — [INFO] — Kailas Nimbalkar-->POST--->products
10/6/2025, 10:05:03 am — [INFO] — Kailas Nimbalkar-->GET--->products
10/6/2025, 10:05:03 am — [INFO] — Kailas Nimbalkar-->GET--->products
10/6/2025, 10:09:57 am — [INFO] — Kailas Nimbalkar-->GET--->products
10/6/2025, 10:09:57 am — [INFO] — Kailas Nimbalkar-->GET--->products
10/6/2025, 10:15:19 am — [INFO] — Kailas Nimbalkar-->GET--->products
10/6/2025, 10:15:19 am — [INFO] — Kailas Nimbalkar-->GET--->products
10/6/2025, 10:18:28 am — [INFO] — Kailas Nimbalkar-->GET--->products
10/6/2025, 10:18:28 am — [INFO] — Kailas Nimbalkar-->GET--->products
10/6/2025, 10:19:52 am — [INFO] — Kailas Nimbalkar-->GET--->products
10/6/2025, 10:19:52 am — [INFO] — Kailas Nimbalkar-->GET--->products
10/6/2025, 10:20:21 am — [INFO] — Kailas Nimbalkar-->GET--->customers
10/6/2025, 10:20:21 am — [INFO] — Kailas Nimbalkar-->GET--->customers
10/6/2025, 10:20:22 am — [INFO] — Kailas Nimbalkar-->GET--->products
10/6/2025, 10:20:22 am — [INFO] — Kailas Nimbalkar-->GET--->products
10/6/2025, 10:21:54 am — [INFO] — Kailas Nimbalkar-->GET--->customers
10/6/2025, 10:21:54 am — [INFO] — Kailas Nimbalkar-->GET--->customers
10/6/2025, 10:21:55 am — [INFO] — Kailas Nimbalkar-->GET--->products
10/6/2025, 10:21:55 am — [INFO] — Kailas Nimbalkar-->GET--->products
10/6/2025, 10:31:25 am — [INFO] — Kailas Nimbalkar-->GET--->products
10/6/2025, 10:31:26 am — [INFO] — Kailas Nimbalkar-->GET--->products
10/6/2025, 10:39:38 am — [INFO] — Kailas Nimbalkar-->GET--->products
10/6/2025, 10:39:38 am — [INFO] — Kailas Nimbalkar-->GET--->products
10/6/2025, 10:43:26 am — [INFO] — Kailas Nimbalkar-->GET--->products
10/6/2025, 10:43:27 am — [INFO] — Kailas Nimbalkar-->GET--->products
10/6/2025, 10:43:28 am — [INFO] — Kailas Nimbalkar-->GET--->enquiries
10/6/2025, 10:43:28 am — [INFO] — Kailas Nimbalkar-->GET--->enquiries
10/6/2025, 10:48:59 am — [INFO] — Kailas Nimbalkar-->GET--->enquiries
10/6/2025, 10:48:59 am — [INFO] — Kailas Nimbalkar-->GET--->enquiries
10/6/2025, 10:49:47 am — [INFO] — Kailas Nimbalkar-->GET--->enquiries
10/6/2025, 10:49:47 am — [INFO] — Kailas Nimbalkar-->GET--->enquiries
10/6/2025, 10:49:54 am — [INFO] — Kailas Nimbalkar-->GET--->enquiries
10/6/2025, 10:49:54 am — [INFO] — Kailas Nimbalkar-->GET--->enquiries
10/6/2025, 11:11:41 am — [INFO] — Kailas Nimbalkar-->GET--->products
10/6/2025, 11:11:41 am — [INFO] — Kailas Nimbalkar-->GET--->products
10/6/2025, 11:11:42 am — [INFO] — Kailas Nimbalkar-->GET--->enquiries
10/6/2025, 11:11:42 am — [INFO] — Kailas Nimbalkar-->GET--->enquiries
10/6/2025, 11:16:26 am — [INFO] — Kailas Nimbalkar-->GET--->customers
10/6/2025, 11:16:28 am — [INFO] — Kailas Nimbalkar-->GET--->products
10/6/2025, 11:16:29 am — [INFO] — Kailas Nimbalkar-->GET--->products
10/6/2025, 11:16:45 am — [INFO] — Kailas Nimbalkar-->GET--->products
10/6/2025, 11:21:07 am — [INFO] — Kailas Nimbalkar-->GET--->customers
10/6/2025, 11:25:09 am — [INFO] — Kailas Nimbalkar-->PUT--->customers
10/6/2025, 11:25:53 am — [INFO] — Kailas Nimbalkar-->PUT--->customers
10/6/2025, 11:27:04 am — [INFO] — Kailas Nimbalkar-->GET--->products
10/6/2025, 11:27:04 am — [INFO] — Kailas Nimbalkar-->GET--->customers
10/6/2025, 11:28:43 am — [INFO] — Kailas Nimbalkar-->POST--->customers
10/6/2025, 11:31:23 am — [INFO] — Kailas Nimbalkar-->GET--->products
10/6/2025, 11:31:23 am — [INFO] — Kailas Nimbalkar-->GET--->products
10/6/2025, 11:31:34 am — [INFO] — Kailas Nimbalkar-->GET--->enquiries
10/6/2025, 11:31:34 am — [INFO] — Kailas Nimbalkar-->GET--->enquiries
10/6/2025, 11:31:36 am — [INFO] — Kailas Nimbalkar-->GET--->products
10/6/2025, 11:31:36 am — [INFO] — Kailas Nimbalkar-->GET--->products
10/6/2025, 11:31:36 am — [INFO] — Kailas Nimbalkar-->GET--->enquiries
10/6/2025, 11:31:36 am — [INFO] — Kailas Nimbalkar-->GET--->enquiries
10/6/2025, 11:41:24 am — [INFO] — Kailas Nimbalkar-->GET--->products
10/6/2025, 11:41:24 am — [INFO] — Kailas Nimbalkar-->GET--->products
10/6/2025, 11:41:27 am — [INFO] — Kailas Nimbalkar-->GET--->enquiries
10/6/2025, 11:41:27 am — [INFO] — Kailas Nimbalkar-->GET--->enquiries
10/6/2025, 11:49:52 am — [WARN] — Unauthorized operation -->GET--->customers
10/6/2025, 11:49:54 am — [WARN] — Unauthorized operation -->GET--->products
10/6/2025, 11:49:55 am — [WARN] — Unauthorized operation -->GET--->customers
10/6/2025, 11:50:06 am — [WARN] — Unauthorized operation -->GET--->customers
10/6/2025, 11:50:07 am — [WARN] — Unauthorized operation -->GET--->products
10/6/2025, 11:50:33 am — [WARN] — Unauthorized operation -->GET--->products
10/6/2025, 11:50:34 am — [WARN] — Unauthorized operation -->GET--->customers
10/6/2025, 11:51:24 am — [WARN] — Unauthorized operation -->POST--->customers
10/6/2025, 11:51:27 am — [WARN] — Unauthorized operation -->POST--->customers
10/6/2025, 11:51:53 am — [WARN] — Unauthorized operation -->POST--->customers
10/6/2025, 11:52:00 am — [WARN] — Unauthorized operation -->POST--->customers
10/6/2025, 11:53:18 am — [INFO] — Kailas Nimbalkar-->GET--->products
10/6/2025, 11:53:18 am — [INFO] — Kailas Nimbalkar-->GET--->products
10/6/2025, 12:11:06 pm — [INFO] — Kailas Nimbalkar-->GET--->enquiries
10/6/2025, 12:11:06 pm — [INFO] — Kailas Nimbalkar-->GET--->enquiries
10/6/2025, 12:11:06 pm — [INFO] — Kailas Nimbalkar-->GET--->products
10/6/2025, 12:11:06 pm — [INFO] — Kailas Nimbalkar-->GET--->products
10/6/2025, 12:13:11 pm — [INFO] — Kailas Nimbalkar-->GET--->enquiries
10/6/2025, 12:13:11 pm — [INFO] — Kailas Nimbalkar-->GET--->enquiries
10/6/2025, 12:13:11 pm — [INFO] — Kailas Nimbalkar-->GET--->products
10/6/2025, 12:13:11 pm — [INFO] — Kailas Nimbalkar-->GET--->products
10/6/2025, 12:14:10 pm — [INFO] — Kailas Nimbalkar-->GET--->enquiries
10/6/2025, 12:14:10 pm — [INFO] — Kailas Nimbalkar-->GET--->enquiries
10/6/2025, 12:14:10 pm — [INFO] — Kailas Nimbalkar-->GET--->products
10/6/2025, 12:14:10 pm — [INFO] — Kailas Nimbalkar-->GET--->products
10/6/2025, 12:14:32 pm — [INFO] — Kailas Nimbalkar-->GET--->products
10/6/2025, 12:14:32 pm — [INFO] — Kailas Nimbalkar-->GET--->products
10/6/2025, 12:14:34 pm — [INFO] — Kailas Nimbalkar-->GET--->enquiries
10/6/2025, 12:14:34 pm — [INFO] — Kailas Nimbalkar-->GET--->enquiries
10/6/2025, 12:14:34 pm — [INFO] — Kailas Nimbalkar-->GET--->products
10/6/2025, 12:14:34 pm — [INFO] — Kailas Nimbalkar-->GET--->products
10/6/2025, 12:17:03 pm — [INFO] — Kailas Nimbalkar-->POST--->enquiries
10/6/2025, 12:19:07 pm — [INFO] — Kailas Nimbalkar-->GET--->enquiries
10/6/2025, 12:19:07 pm — [INFO] — Kailas Nimbalkar-->GET--->products
10/6/2025, 12:19:09 pm — [INFO] — Kailas Nimbalkar-->GET--->enquiries
10/6/2025, 12:19:09 pm — [INFO] — Kailas Nimbalkar-->GET--->products
10/6/2025, 12:19:12 pm — [INFO] — Kailas Nimbalkar-->GET--->enquiries
10/6/2025, 12:19:12 pm — [INFO] — Kailas Nimbalkar-->GET--->products
10/6/2025, 12:19:18 pm — [INFO] — Kailas Nimbalkar-->GET--->enquiries
10/6/2025, 12:19:18 pm — [INFO] — Kailas Nimbalkar-->GET--->products
10/6/2025, 12:19:53 pm — [INFO] — Kailas Nimbalkar-->GET--->products
10/6/2025, 12:19:53 pm — [INFO] — Kailas Nimbalkar-->GET--->products
10/6/2025, 12:19:58 pm — [INFO] — Kailas Nimbalkar-->GET--->enquiries
10/6/2025, 12:19:58 pm — [INFO] — Kailas Nimbalkar-->GET--->enquiries
10/6/2025, 12:19:58 pm — [INFO] — Kailas Nimbalkar-->GET--->products
10/6/2025, 12:19:58 pm — [INFO] — Kailas Nimbalkar-->GET--->products
10/6/2025, 12:20:49 pm — [INFO] — Kailas Nimbalkar-->GET--->products
10/6/2025, 12:20:49 pm — [INFO] — Kailas Nimbalkar-->GET--->products
10/6/2025, 12:20:49 pm — [INFO] — Kailas Nimbalkar-->GET--->enquiries
10/6/2025, 12:20:49 pm — [INFO] — Kailas Nimbalkar-->GET--->enquiries
10/6/2025, 12:20:49 pm — [INFO] — Kailas Nimbalkar-->GET--->products
10/6/2025, 12:20:49 pm — [INFO] — Kailas Nimbalkar-->GET--->products
10/6/2025, 12:33:23 pm — [INFO] — Kailas Nimbalkar-->GET--->enquiries
10/6/2025, 12:33:23 pm — [INFO] — Kailas Nimbalkar-->GET--->enquiries
10/6/2025, 12:33:23 pm — [INFO] — Kailas Nimbalkar-->GET--->products
10/6/2025, 12:33:23 pm — [INFO] — Kailas Nimbalkar-->GET--->products
10/6/2025, 12:35:11 pm — [INFO] — Kailas Nimbalkar-->GET--->enquiries
10/6/2025, 12:35:11 pm — [INFO] — Kailas Nimbalkar-->GET--->enquiries
10/6/2025, 12:35:11 pm — [INFO] — Kailas Nimbalkar-->GET--->products
10/6/2025, 12:35:11 pm — [INFO] — Kailas Nimbalkar-->GET--->products
10/6/2025, 12:37:53 pm — [INFO] — Kailas Nimbalkar-->GET--->enquiries
10/6/2025, 12:37:54 pm — [INFO] — Kailas Nimbalkar-->GET--->enquiries
10/6/2025, 12:37:54 pm — [INFO] — Kailas Nimbalkar-->GET--->products
10/6/2025, 12:37:54 pm — [INFO] — Kailas Nimbalkar-->GET--->products
10/6/2025, 12:57:58 pm — [INFO] — Kailas Nimbalkar-->GET--->products
10/6/2025, 12:57:58 pm — [INFO] — Kailas Nimbalkar-->GET--->products
10/6/2025, 12:57:59 pm — [INFO] — Kailas Nimbalkar-->GET--->enquiries
10/6/2025, 12:57:59 pm — [INFO] — Kailas Nimbalkar-->GET--->enquiries
10/6/2025, 12:57:59 pm — [INFO] — Kailas Nimbalkar-->GET--->products
10/6/2025, 12:57:59 pm — [INFO] — Kailas Nimbalkar-->GET--->products
10/6/2025, 1:04:02 pm — [INFO] — Kailas Nimbalkar-->GET--->enquiries
10/6/2025, 1:04:02 pm — [INFO] — Kailas Nimbalkar-->GET--->enquiries
10/6/2025, 1:04:02 pm — [INFO] — Kailas Nimbalkar-->GET--->products
10/6/2025, 1:04:02 pm — [INFO] — Kailas Nimbalkar-->GET--->products
10/6/2025, 1:04:47 pm — [INFO] — Kailas Nimbalkar-->GET--->enquiries
10/6/2025, 1:04:47 pm — [INFO] — Kailas Nimbalkar-->GET--->enquiries
10/6/2025, 1:04:47 pm — [INFO] — Kailas Nimbalkar-->GET--->products
10/6/2025, 1:04:47 pm — [INFO] — Kailas Nimbalkar-->GET--->products
10/6/2025, 1:05:33 pm — [INFO] — Kailas Nimbalkar-->GET--->enquiries
10/6/2025, 1:05:33 pm — [INFO] — Kailas Nimbalkar-->GET--->enquiries
10/6/2025, 1:05:33 pm — [INFO] — Kailas Nimbalkar-->GET--->products
10/6/2025, 1:05:33 pm — [INFO] — Kailas Nimbalkar-->GET--->products
10/6/2025, 1:06:26 pm — [INFO] — Kailas Nimbalkar-->GET--->products
10/6/2025, 1:06:26 pm — [INFO] — Kailas Nimbalkar-->GET--->products
10/6/2025, 1:06:26 pm — [INFO] — Kailas Nimbalkar-->GET--->enquiries
10/6/2025, 1:06:26 pm — [INFO] — Kailas Nimbalkar-->GET--->enquiries
10/6/2025, 1:06:26 pm — [INFO] — Kailas Nimbalkar-->GET--->products
10/6/2025, 1:06:26 pm — [INFO] — Kailas Nimbalkar-->GET--->products
10/6/2025, 1:08:55 pm — [INFO] — Kailas Nimbalkar-->GET--->enquiries
10/6/2025, 1:08:55 pm — [INFO] — Kailas Nimbalkar-->GET--->enquiries
10/6/2025, 1:08:55 pm — [INFO] — Kailas Nimbalkar-->GET--->products
10/6/2025, 1:08:55 pm — [INFO] — Kailas Nimbalkar-->GET--->products
10/6/2025, 1:09:25 pm — [INFO] — Kailas Nimbalkar-->GET--->enquiries
10/6/2025, 1:09:25 pm — [INFO] — Kailas Nimbalkar-->GET--->enquiries
10/6/2025, 1:09:25 pm — [INFO] — Kailas Nimbalkar-->GET--->products
10/6/2025, 1:09:25 pm — [INFO] — Kailas Nimbalkar-->GET--->products
10/6/2025, 1:09:51 pm — [INFO] — Kailas Nimbalkar-->GET--->enquiries
10/6/2025, 1:09:51 pm — [INFO] — Kailas Nimbalkar-->GET--->enquiries
10/6/2025, 1:09:51 pm — [INFO] — Kailas Nimbalkar-->GET--->products
10/6/2025, 1:09:51 pm — [INFO] — Kailas Nimbalkar-->GET--->products
10/6/2025, 1:12:26 pm — [INFO] — Kailas Nimbalkar-->GET--->products
10/6/2025, 1:12:26 pm — [INFO] — Kailas Nimbalkar-->GET--->products
10/6/2025, 1:12:27 pm — [INFO] — Kailas Nimbalkar-->GET--->enquiries
10/6/2025, 1:12:27 pm — [INFO] — Kailas Nimbalkar-->GET--->enquiries
10/6/2025, 1:12:27 pm — [INFO] — Kailas Nimbalkar-->GET--->products
10/6/2025, 1:12:27 pm — [INFO] — Kailas Nimbalkar-->GET--->products
10/6/2025, 1:14:53 pm — [INFO] — Kailas Nimbalkar-->GET--->products
10/6/2025, 1:14:53 pm — [INFO] — Kailas Nimbalkar-->GET--->products
10/6/2025, 1:15:04 pm — [INFO] — Kailas Nimbalkar-->GET--->products
10/6/2025, 1:15:04 pm — [INFO] — Kailas Nimbalkar-->GET--->products
10/6/2025, 1:15:24 pm — [INFO] — Kailas Nimbalkar-->GET--->enquiries
10/6/2025, 1:15:25 pm — [INFO] — Kailas Nimbalkar-->GET--->enquiries
10/6/2025, 1:15:25 pm — [INFO] — Kailas Nimbalkar-->GET--->products
10/6/2025, 1:15:25 pm — [INFO] — Kailas Nimbalkar-->GET--->products
10/6/2025, 1:44:14 pm — [INFO] — Kailas Nimbalkar-->GET--->enquiries
10/6/2025, 1:44:14 pm — [INFO] — Kailas Nimbalkar-->GET--->enquiries
10/6/2025, 1:44:14 pm — [INFO] — Kailas Nimbalkar-->GET--->products
10/6/2025, 1:44:14 pm — [INFO] — Kailas Nimbalkar-->GET--->products
10/6/2025, 6:15:44 pm — [INFO] — Kailas Nimbalkar-->GET--->enquiries
10/6/2025, 6:15:44 pm — [INFO] — Kailas Nimbalkar-->GET--->enquiries
10/6/2025, 6:15:44 pm — [INFO] — Kailas Nimbalkar-->GET--->products
10/6/2025, 6:15:44 pm — [INFO] — Kailas Nimbalkar-->GET--->products
10/6/2025, 6:15:47 pm — [INFO] — Kailas Nimbalkar-->GET--->products
10/6/2025, 6:15:47 pm — [INFO] — Kailas Nimbalkar-->GET--->products
10/6/2025, 6:16:07 pm — [INFO] — Kailas Nimbalkar-->GET--->enquiries
10/6/2025, 6:16:07 pm — [INFO] — Kailas Nimbalkar-->GET--->enquiries
10/6/2025, 6:16:07 pm — [INFO] — Kailas Nimbalkar-->GET--->products
10/6/2025, 6:16:07 pm — [INFO] — Kailas Nimbalkar-->GET--->products
10/6/2025, 6:23:47 pm — [INFO] — Kailas Nimbalkar-->GET--->products
10/6/2025, 6:23:47 pm — [INFO] — Kailas Nimbalkar-->GET--->products
