19/6/2025, 12:14:38 pm — [INFO] — Kailas Nimbalkar-->GET--->products
19/6/2025, 12:14:39 pm — [INFO] — Kailas Nimbalkar-->GET--->products
19/6/2025, 12:14:40 pm — [INFO] — Kailas Nimbalkar-->GET--->enquiries
19/6/2025, 12:14:40 pm — [INFO] — Kailas Nimbalkar-->GET--->enquiries
19/6/2025, 12:14:40 pm — [INFO] — Kailas Nimbalkar-->GET--->products
19/6/2025, 12:14:40 pm — [INFO] — Kailas Nimbalkar-->GET--->products
19/6/2025, 12:14:43 pm — [INFO] — Kailas Nimbalkar-->GET--->enquiries
19/6/2025, 12:14:43 pm — [INFO] — Kailas Nimbalkar-->GET--->enquiries
19/6/2025, 12:15:27 pm — [INFO] — Kailas Nimbalkar-->POST--->enquiries
19/6/2025, 12:15:40 pm — [INFO] — Kailas Nimbalkar-->POST--->enquiries
19/6/2025, 12:15:56 pm — [INFO] — Kailas Nimbalkar-->POST--->enquiries
19/6/2025, 12:16:01 pm — [INFO] — Kailas Nimbalkar-->DELETE--->enquiries
19/6/2025, 12:18:46 pm — [INFO] — Kailas Nimbalkar-->DELETE--->enquiries
19/6/2025, 12:22:10 pm — [INFO] — Kailas Nimbalkar-->GET--->enquiries
19/6/2025, 12:22:10 pm — [INFO] — Kailas Nimbalkar-->GET--->enquiries
19/6/2025, 12:24:20 pm — [INFO] — Kailas Nimbalkar-->GET--->enquiries
19/6/2025, 12:24:20 pm — [INFO] — Kailas Nimbalkar-->GET--->enquiries
19/6/2025, 12:24:46 pm — [INFO] — Kailas Nimbalkar-->DELETE--->enquiries
19/6/2025, 12:24:50 pm — [INFO] — Kailas Nimbalkar-->GET--->enquiries
19/6/2025, 12:24:50 pm — [INFO] — Kailas Nimbalkar-->GET--->enquiries
19/6/2025, 12:24:54 pm — [INFO] — Kailas Nimbalkar-->GET--->products
19/6/2025, 12:24:54 pm — [INFO] — Kailas Nimbalkar-->GET--->products
19/6/2025, 12:24:55 pm — [INFO] — Kailas Nimbalkar-->GET--->enquiries
19/6/2025, 12:24:55 pm — [INFO] — Kailas Nimbalkar-->GET--->enquiries
19/6/2025, 12:24:55 pm — [INFO] — Kailas Nimbalkar-->GET--->products
19/6/2025, 12:24:55 pm — [INFO] — Kailas Nimbalkar-->GET--->products
19/6/2025, 12:26:21 pm — [INFO] — Kailas Nimbalkar-->GET--->enquiries
19/6/2025, 12:26:21 pm — [INFO] — Kailas Nimbalkar-->GET--->enquiries
19/6/2025, 12:26:54 pm — [INFO] — Kailas Nimbalkar-->GET--->enquiries
19/6/2025, 12:26:54 pm — [INFO] — Kailas Nimbalkar-->GET--->enquiries
19/6/2025, 12:29:16 pm — [INFO] — Kailas Nimbalkar-->GET--->enquiries
19/6/2025, 12:29:16 pm — [INFO] — Kailas Nimbalkar-->GET--->enquiries
19/6/2025, 12:29:33 pm — [INFO] — Kailas Nimbalkar-->GET--->enquiries
19/6/2025, 12:29:33 pm — [INFO] — Kailas Nimbalkar-->GET--->enquiries
19/6/2025, 12:30:01 pm — [INFO] — Kailas Nimbalkar-->GET--->enquiries
19/6/2025, 12:30:01 pm — [INFO] — Kailas Nimbalkar-->GET--->enquiries
19/6/2025, 12:30:14 pm — [INFO] — Kailas Nimbalkar-->DELETE--->enquiries
19/6/2025, 12:31:05 pm — [INFO] — Kailas Nimbalkar-->GET--->enquiries
19/6/2025, 12:31:05 pm — [INFO] — Kailas Nimbalkar-->GET--->enquiries
19/6/2025, 12:31:05 pm — [INFO] — Kailas Nimbalkar-->GET--->products
19/6/2025, 12:31:05 pm — [INFO] — Kailas Nimbalkar-->GET--->products
19/6/2025, 12:34:24 pm — [INFO] — Kailas Nimbalkar-->GET--->enquiries
19/6/2025, 12:34:24 pm — [INFO] — Kailas Nimbalkar-->GET--->enquiries
19/6/2025, 12:35:02 pm — [INFO] — Kailas Nimbalkar-->POST--->enquiries
19/6/2025, 12:36:14 pm — [INFO] — Kailas Nimbalkar-->POST--->enquiries
19/6/2025, 12:36:30 pm — [INFO] — Kailas Nimbalkar-->POST--->enquiries
19/6/2025, 12:46:05 pm — [INFO] — Kailas Nimbalkar-->GET--->enquiries
19/6/2025, 12:46:05 pm — [INFO] — Kailas Nimbalkar-->GET--->enquiries
19/6/2025, 12:49:24 pm — [INFO] — Kailas Nimbalkar-->GET--->enquiries
19/6/2025, 12:49:24 pm — [INFO] — Kailas Nimbalkar-->GET--->enquiries
19/6/2025, 12:51:29 pm — [INFO] — Kailas Nimbalkar-->GET--->enquiries
19/6/2025, 12:51:29 pm — [INFO] — Kailas Nimbalkar-->GET--->enquiries
19/6/2025, 12:55:30 pm — [INFO] — Kailas Nimbalkar-->GET--->enquiries
19/6/2025, 12:55:30 pm — [INFO] — Kailas Nimbalkar-->GET--->enquiries
19/6/2025, 12:55:36 pm — [INFO] — Kailas Nimbalkar-->GET--->enquiries
19/6/2025, 12:55:36 pm — [INFO] — Kailas Nimbalkar-->GET--->enquiries
19/6/2025, 12:56:55 pm — [INFO] — Kailas Nimbalkar-->GET--->products
19/6/2025, 12:56:55 pm — [INFO] — Kailas Nimbalkar-->GET--->products
19/6/2025, 1:05:56 pm — [INFO] — Kailas Nimbalkar-->GET--->enquiries
19/6/2025, 1:05:56 pm — [INFO] — Kailas Nimbalkar-->GET--->enquiries
19/6/2025, 1:05:56 pm — [INFO] — Kailas Nimbalkar-->GET--->products
19/6/2025, 1:05:56 pm — [INFO] — Kailas Nimbalkar-->GET--->products
19/6/2025, 1:06:07 pm — [INFO] — Kailas Nimbalkar-->GET--->enquiries
19/6/2025, 1:06:07 pm — [INFO] — Kailas Nimbalkar-->GET--->enquiries
19/6/2025, 1:08:27 pm — [INFO] — Kailas Nimbalkar-->GET--->enquiries
19/6/2025, 1:08:27 pm — [INFO] — Kailas Nimbalkar-->GET--->enquiries
19/6/2025, 1:08:27 pm — [INFO] — Kailas Nimbalkar-->GET--->enquiries
19/6/2025, 1:08:27 pm — [INFO] — Kailas Nimbalkar-->GET--->enquiries
19/6/2025, 1:15:22 pm — [WARN] — Unauthorized operation -->GET--->enquiries
19/6/2025, 1:15:22 pm — [WARN] — Unauthorized operation -->GET--->enquiries
19/6/2025, 1:16:37 pm — [INFO] — Kailas Nimbalkar-->GET--->enquiries
19/6/2025, 1:16:37 pm — [INFO] — Kailas Nimbalkar-->GET--->enquiries
19/6/2025, 1:16:37 pm — [INFO] — Kailas Nimbalkar-->GET--->products
19/6/2025, 1:16:37 pm — [INFO] — Kailas Nimbalkar-->GET--->products
19/6/2025, 1:16:39 pm — [INFO] — Kailas Nimbalkar-->GET--->enquiries
19/6/2025, 1:16:39 pm — [INFO] — Kailas Nimbalkar-->GET--->enquiries
19/6/2025, 1:22:56 pm — [INFO] — Kailas Nimbalkar-->GET--->enquiries
19/6/2025, 1:22:56 pm — [INFO] — Kailas Nimbalkar-->GET--->enquiries
19/6/2025, 1:23:20 pm — [INFO] — Kailas Nimbalkar-->GET--->enquiries
19/6/2025, 1:23:20 pm — [INFO] — Kailas Nimbalkar-->GET--->enquiries
19/6/2025, 1:26:15 pm — [INFO] — Kailas Nimbalkar-->GET--->enquiries
19/6/2025, 1:26:15 pm — [INFO] — Kailas Nimbalkar-->GET--->enquiries
19/6/2025, 1:26:42 pm — [INFO] — Kailas Nimbalkar-->GET--->enquiries
19/6/2025, 1:26:42 pm — [INFO] — Kailas Nimbalkar-->GET--->enquiries
19/6/2025, 1:30:13 pm — [INFO] — Kailas Nimbalkar-->GET--->enquiries
19/6/2025, 1:30:13 pm — [INFO] — Kailas Nimbalkar-->GET--->enquiries
19/6/2025, 1:33:52 pm — [INFO] — Kailas Nimbalkar-->GET--->enquiries
19/6/2025, 1:33:52 pm — [INFO] — Kailas Nimbalkar-->GET--->enquiries
19/6/2025, 1:34:32 pm — [INFO] — Kailas Nimbalkar-->GET--->enquiries
19/6/2025, 1:34:32 pm — [INFO] — Kailas Nimbalkar-->GET--->enquiries
19/6/2025, 1:36:16 pm — [INFO] — Kailas Nimbalkar-->GET--->enquiries
19/6/2025, 1:36:16 pm — [INFO] — Kailas Nimbalkar-->GET--->enquiries
19/6/2025, 1:39:11 pm — [INFO] — Kailas Nimbalkar-->GET--->enquiries
19/6/2025, 1:39:11 pm — [INFO] — Kailas Nimbalkar-->GET--->enquiries
19/6/2025, 1:40:47 pm — [INFO] — Kailas Nimbalkar-->GET--->enquiries
19/6/2025, 1:40:47 pm — [INFO] — Kailas Nimbalkar-->GET--->enquiries
19/6/2025, 1:43:25 pm — [INFO] — Kailas Nimbalkar-->GET--->enquiries
19/6/2025, 1:43:25 pm — [INFO] — Kailas Nimbalkar-->GET--->enquiries
19/6/2025, 1:44:08 pm — [INFO] — Kailas Nimbalkar-->GET--->enquiries
19/6/2025, 1:44:08 pm — [INFO] — Kailas Nimbalkar-->GET--->enquiries
19/6/2025, 1:44:54 pm — [INFO] — Kailas Nimbalkar-->GET--->enquiries
19/6/2025, 1:44:54 pm — [INFO] — Kailas Nimbalkar-->GET--->enquiries
19/6/2025, 1:45:00 pm — [INFO] — Kailas Nimbalkar-->GET--->enquiries
19/6/2025, 1:45:00 pm — [INFO] — Kailas Nimbalkar-->GET--->enquiries
19/6/2025, 1:45:10 pm — [INFO] — Kailas Nimbalkar-->GET--->enquiries
19/6/2025, 1:45:10 pm — [INFO] — Kailas Nimbalkar-->GET--->enquiries
19/6/2025, 1:46:01 pm — [INFO] — Kailas Nimbalkar-->GET--->enquiries
19/6/2025, 1:46:01 pm — [INFO] — Kailas Nimbalkar-->GET--->enquiries
19/6/2025, 1:46:26 pm — [INFO] — Kailas Nimbalkar-->GET--->enquiries
19/6/2025, 1:46:26 pm — [INFO] — Kailas Nimbalkar-->GET--->enquiries
19/6/2025, 1:46:27 pm — [INFO] — Kailas Nimbalkar-->GET--->enquiries
19/6/2025, 1:46:27 pm — [INFO] — Kailas Nimbalkar-->GET--->enquiries
19/6/2025, 1:46:29 pm — [INFO] — Kailas Nimbalkar-->GET--->enquiries
19/6/2025, 1:46:29 pm — [INFO] — Kailas Nimbalkar-->GET--->enquiries
19/6/2025, 1:46:30 pm — [INFO] — Kailas Nimbalkar-->GET--->enquiries
19/6/2025, 1:46:30 pm — [INFO] — Kailas Nimbalkar-->GET--->enquiries
19/6/2025, 1:46:39 pm — [INFO] — Kailas Nimbalkar-->GET--->enquiries
19/6/2025, 1:46:39 pm — [INFO] — Kailas Nimbalkar-->GET--->enquiries
19/6/2025, 1:47:29 pm — [INFO] — Kailas Nimbalkar-->GET--->enquiries
19/6/2025, 1:47:29 pm — [INFO] — Kailas Nimbalkar-->GET--->enquiries
19/6/2025, 1:47:40 pm — [INFO] — Kailas Nimbalkar-->GET--->enquiries
19/6/2025, 1:47:40 pm — [INFO] — Kailas Nimbalkar-->GET--->enquiries
19/6/2025, 1:47:49 pm — [INFO] — Kailas Nimbalkar-->GET--->enquiries
19/6/2025, 1:47:49 pm — [INFO] — Kailas Nimbalkar-->GET--->enquiries
19/6/2025, 1:47:51 pm — [INFO] — Kailas Nimbalkar-->GET--->enquiries
19/6/2025, 1:47:51 pm — [INFO] — Kailas Nimbalkar-->GET--->enquiries
19/6/2025, 1:47:54 pm — [INFO] — Kailas Nimbalkar-->GET--->enquiries
19/6/2025, 1:47:54 pm — [INFO] — Kailas Nimbalkar-->GET--->enquiries
19/6/2025, 1:48:10 pm — [INFO] — Kailas Nimbalkar-->GET--->enquiries
19/6/2025, 1:48:10 pm — [INFO] — Kailas Nimbalkar-->GET--->enquiries
19/6/2025, 1:48:13 pm — [INFO] — Kailas Nimbalkar-->GET--->enquiries
19/6/2025, 1:48:13 pm — [INFO] — Kailas Nimbalkar-->GET--->enquiries
19/6/2025, 1:48:29 pm — [INFO] — Kailas Nimbalkar-->GET--->enquiries
19/6/2025, 1:48:29 pm — [INFO] — Kailas Nimbalkar-->GET--->enquiries
19/6/2025, 1:48:32 pm — [INFO] — Kailas Nimbalkar-->GET--->enquiries
19/6/2025, 1:48:32 pm — [INFO] — Kailas Nimbalkar-->GET--->enquiries
19/6/2025, 1:48:37 pm — [INFO] — Kailas Nimbalkar-->GET--->enquiries
19/6/2025, 1:48:37 pm — [INFO] — Kailas Nimbalkar-->GET--->enquiries
19/6/2025, 1:48:53 pm — [INFO] — Kailas Nimbalkar-->GET--->enquiries
19/6/2025, 1:48:53 pm — [INFO] — Kailas Nimbalkar-->GET--->enquiries
19/6/2025, 1:48:57 pm — [INFO] — Kailas Nimbalkar-->GET--->enquiries
19/6/2025, 1:48:57 pm — [INFO] — Kailas Nimbalkar-->GET--->enquiries
19/6/2025, 1:49:01 pm — [INFO] — Kailas Nimbalkar-->GET--->enquiries
19/6/2025, 1:49:01 pm — [INFO] — Kailas Nimbalkar-->GET--->enquiries
19/6/2025, 1:49:05 pm — [INFO] — Kailas Nimbalkar-->GET--->enquiries
19/6/2025, 1:49:05 pm — [INFO] — Kailas Nimbalkar-->GET--->enquiries
19/6/2025, 1:49:14 pm — [INFO] — Kailas Nimbalkar-->GET--->enquiries
19/6/2025, 1:49:14 pm — [INFO] — Kailas Nimbalkar-->GET--->enquiries
19/6/2025, 1:49:18 pm — [INFO] — Kailas Nimbalkar-->GET--->enquiries
19/6/2025, 1:49:18 pm — [INFO] — Kailas Nimbalkar-->GET--->enquiries
19/6/2025, 1:49:44 pm — [INFO] — Kailas Nimbalkar-->GET--->enquiries
19/6/2025, 1:49:44 pm — [INFO] — Kailas Nimbalkar-->GET--->enquiries
19/6/2025, 1:50:17 pm — [INFO] — Kailas Nimbalkar-->GET--->enquiries
19/6/2025, 1:50:17 pm — [INFO] — Kailas Nimbalkar-->GET--->enquiries
19/6/2025, 1:50:21 pm — [INFO] — Kailas Nimbalkar-->GET--->enquiries
19/6/2025, 1:50:21 pm — [INFO] — Kailas Nimbalkar-->GET--->enquiries
19/6/2025, 1:50:27 pm — [INFO] — Kailas Nimbalkar-->GET--->enquiries
19/6/2025, 1:50:27 pm — [INFO] — Kailas Nimbalkar-->GET--->enquiries
19/6/2025, 1:50:31 pm — [INFO] — Kailas Nimbalkar-->GET--->enquiries
19/6/2025, 1:50:31 pm — [INFO] — Kailas Nimbalkar-->GET--->enquiries
19/6/2025, 1:50:53 pm — [INFO] — Kailas Nimbalkar-->GET--->enquiries
19/6/2025, 1:50:53 pm — [INFO] — Kailas Nimbalkar-->GET--->enquiries
19/6/2025, 1:52:12 pm — [INFO] — Kailas Nimbalkar-->GET--->enquiries
19/6/2025, 1:52:12 pm — [INFO] — Kailas Nimbalkar-->GET--->enquiries
19/6/2025, 1:52:25 pm — [INFO] — Kailas Nimbalkar-->GET--->enquiries
19/6/2025, 1:52:25 pm — [INFO] — Kailas Nimbalkar-->GET--->enquiries
19/6/2025, 1:52:41 pm — [INFO] — Kailas Nimbalkar-->GET--->enquiries
19/6/2025, 1:52:41 pm — [INFO] — Kailas Nimbalkar-->GET--->enquiries
19/6/2025, 1:52:48 pm — [INFO] — Kailas Nimbalkar-->GET--->enquiries
19/6/2025, 1:52:48 pm — [INFO] — Kailas Nimbalkar-->GET--->enquiries
19/6/2025, 1:52:56 pm — [INFO] — Kailas Nimbalkar-->GET--->enquiries
19/6/2025, 1:52:56 pm — [INFO] — Kailas Nimbalkar-->GET--->enquiries
19/6/2025, 1:53:04 pm — [INFO] — Kailas Nimbalkar-->GET--->enquiries
19/6/2025, 1:53:04 pm — [INFO] — Kailas Nimbalkar-->GET--->enquiries
19/6/2025, 1:53:17 pm — [INFO] — Kailas Nimbalkar-->GET--->enquiries
19/6/2025, 1:53:17 pm — [INFO] — Kailas Nimbalkar-->GET--->enquiries
19/6/2025, 1:53:24 pm — [INFO] — Kailas Nimbalkar-->GET--->enquiries
19/6/2025, 1:53:24 pm — [INFO] — Kailas Nimbalkar-->GET--->enquiries
19/6/2025, 1:53:38 pm — [INFO] — Kailas Nimbalkar-->GET--->enquiries
19/6/2025, 1:53:38 pm — [INFO] — Kailas Nimbalkar-->GET--->enquiries
19/6/2025, 1:54:27 pm — [INFO] — Kailas Nimbalkar-->GET--->enquiries
19/6/2025, 1:54:27 pm — [INFO] — Kailas Nimbalkar-->GET--->enquiries
19/6/2025, 1:54:29 pm — [INFO] — Kailas Nimbalkar-->GET--->enquiries
19/6/2025, 1:54:29 pm — [INFO] — Kailas Nimbalkar-->GET--->enquiries
19/6/2025, 1:54:31 pm — [INFO] — Kailas Nimbalkar-->GET--->enquiries
19/6/2025, 1:54:31 pm — [INFO] — Kailas Nimbalkar-->GET--->enquiries
19/6/2025, 1:54:33 pm — [INFO] — Kailas Nimbalkar-->GET--->enquiries
19/6/2025, 1:54:33 pm — [INFO] — Kailas Nimbalkar-->GET--->enquiries
19/6/2025, 1:54:37 pm — [INFO] — Kailas Nimbalkar-->GET--->enquiries
19/6/2025, 1:54:37 pm — [INFO] — Kailas Nimbalkar-->GET--->enquiries
19/6/2025, 1:54:50 pm — [INFO] — Kailas Nimbalkar-->GET--->enquiries
19/6/2025, 1:54:51 pm — [INFO] — Kailas Nimbalkar-->GET--->enquiries
19/6/2025, 1:54:51 pm — [INFO] — Kailas Nimbalkar-->GET--->products
19/6/2025, 1:54:51 pm — [INFO] — Kailas Nimbalkar-->GET--->products
19/6/2025, 1:54:53 pm — [INFO] — Kailas Nimbalkar-->GET--->enquiries
19/6/2025, 1:54:53 pm — [INFO] — Kailas Nimbalkar-->GET--->enquiries
19/6/2025, 1:59:51 pm — [INFO] — Kailas Nimbalkar-->GET--->enquiries
19/6/2025, 1:59:51 pm — [INFO] — Kailas Nimbalkar-->GET--->enquiries
19/6/2025, 1:59:57 pm — [INFO] — Kailas Nimbalkar-->GET--->enquiries
19/6/2025, 1:59:57 pm — [INFO] — Kailas Nimbalkar-->GET--->enquiries
19/6/2025, 2:00:07 pm — [INFO] — Kailas Nimbalkar-->GET--->enquiries
19/6/2025, 2:00:07 pm — [INFO] — Kailas Nimbalkar-->GET--->enquiries
19/6/2025, 2:00:43 pm — [INFO] — Kailas Nimbalkar-->GET--->enquiries
19/6/2025, 2:00:43 pm — [INFO] — Kailas Nimbalkar-->GET--->enquiries
19/6/2025, 2:00:45 pm — [INFO] — Kailas Nimbalkar-->GET--->enquiries
19/6/2025, 2:00:45 pm — [INFO] — Kailas Nimbalkar-->GET--->enquiries
19/6/2025, 2:06:00 pm — [INFO] — Kailas Nimbalkar-->GET--->enquiries
19/6/2025, 2:06:00 pm — [INFO] — Kailas Nimbalkar-->GET--->enquiries
19/6/2025, 2:06:15 pm — [INFO] — Kailas Nimbalkar-->DELETE--->enquiries
19/6/2025, 2:07:23 pm — [INFO] — Kailas Nimbalkar-->GET--->enquiries
19/6/2025, 2:07:23 pm — [INFO] — Kailas Nimbalkar-->GET--->enquiries
19/6/2025, 2:12:13 pm — [INFO] — Kailas Nimbalkar-->GET--->enquiries
19/6/2025, 2:12:13 pm — [INFO] — Kailas Nimbalkar-->GET--->enquiries
19/6/2025, 2:12:19 pm — [INFO] — Kailas Nimbalkar-->GET--->enquiries
19/6/2025, 2:12:19 pm — [INFO] — Kailas Nimbalkar-->GET--->enquiries
19/6/2025, 2:12:29 pm — [INFO] — Kailas Nimbalkar-->GET--->enquiries
19/6/2025, 2:12:29 pm — [INFO] — Kailas Nimbalkar-->GET--->enquiries
19/6/2025, 2:12:29 pm — [INFO] — Kailas Nimbalkar-->GET--->enquiries
19/6/2025, 2:12:29 pm — [INFO] — Kailas Nimbalkar-->GET--->enquiries
19/6/2025, 2:12:33 pm — [INFO] — Kailas Nimbalkar-->GET--->enquiries
19/6/2025, 2:12:33 pm — [INFO] — Kailas Nimbalkar-->GET--->enquiries
19/6/2025, 2:12:41 pm — [INFO] — Kailas Nimbalkar-->GET--->enquiries
19/6/2025, 2:12:41 pm — [INFO] — Kailas Nimbalkar-->GET--->enquiries
19/6/2025, 2:13:00 pm — [INFO] — Kailas Nimbalkar-->DELETE--->enquiries
19/6/2025, 2:13:03 pm — [INFO] — Kailas Nimbalkar-->DELETE--->enquiries
19/6/2025, 2:13:06 pm — [INFO] — Kailas Nimbalkar-->POST--->enquiries
19/6/2025, 2:13:12 pm — [INFO] — Kailas Nimbalkar-->DELETE--->enquiries
19/6/2025, 2:13:24 pm — [INFO] — Kailas Nimbalkar-->POST--->enquiries
19/6/2025, 2:13:37 pm — [INFO] — Kailas Nimbalkar-->POST--->enquiries
19/6/2025, 2:13:49 pm — [INFO] — Kailas Nimbalkar-->POST--->enquiries
19/6/2025, 2:13:53 pm — [INFO] — Kailas Nimbalkar-->DELETE--->enquiries
19/6/2025, 2:13:57 pm — [INFO] — Kailas Nimbalkar-->DELETE--->enquiries
19/6/2025, 2:13:59 pm — [INFO] — Kailas Nimbalkar-->DELETE--->enquiries
19/6/2025, 2:16:38 pm — [WARN] — Unauthorized operation -->GET--->enquiries
19/6/2025, 2:16:38 pm — [WARN] — Unauthorized operation -->GET--->enquiries
19/6/2025, 2:18:03 pm — [WARN] — Unauthorized operation -->GET--->products
19/6/2025, 2:18:03 pm — [WARN] — Unauthorized operation -->GET--->products
19/6/2025, 2:18:19 pm — [INFO] — Kailas Nimbalkar-->GET--->products
19/6/2025, 2:18:19 pm — [INFO] — Kailas Nimbalkar-->GET--->products
19/6/2025, 2:18:20 pm — [INFO] — Kailas Nimbalkar-->GET--->enquiries
19/6/2025, 2:18:20 pm — [INFO] — Kailas Nimbalkar-->GET--->enquiries
19/6/2025, 2:18:20 pm — [INFO] — Kailas Nimbalkar-->GET--->products
19/6/2025, 2:18:20 pm — [INFO] — Kailas Nimbalkar-->GET--->products
19/6/2025, 2:18:24 pm — [INFO] — Kailas Nimbalkar-->GET--->enquiries
19/6/2025, 2:18:24 pm — [INFO] — Kailas Nimbalkar-->GET--->enquiries
19/6/2025, 2:18:38 pm — [INFO] — Kailas Nimbalkar-->GET--->enquiries
19/6/2025, 2:18:38 pm — [INFO] — Kailas Nimbalkar-->GET--->enquiries
19/6/2025, 2:19:01 pm — [INFO] — Kailas Nimbalkar-->POST--->enquiries
19/6/2025, 2:29:43 pm — [INFO] — Kailas Nimbalkar-->GET--->enquiries
19/6/2025, 2:29:43 pm — [INFO] — Kailas Nimbalkar-->GET--->enquiries
19/6/2025, 2:29:43 pm — [INFO] — Kailas Nimbalkar-->GET--->enquiries
19/6/2025, 2:29:43 pm — [INFO] — Kailas Nimbalkar-->GET--->enquiries
19/6/2025, 2:44:29 pm — [INFO] — Kailas Nimbalkar-->GET--->enquiries
19/6/2025, 2:45:15 pm — [ERROR] — guest encountered error during GET /enquiries/684e4f9fce0816c1328ae5bf — getaddrinfo ENOTFOUND ac-tpbh7hd-shard-00-01.fwt9kiy.mongodb.net
19/6/2025, 2:51:34 pm — [INFO] — Kailas Nimbalkar-->GET--->enquiries
19/6/2025, 2:51:34 pm — [INFO] — Kailas Nimbalkar-->GET--->enquiries
19/6/2025, 2:51:38 pm — [INFO] — Kailas Nimbalkar-->GET--->enquiries
19/6/2025, 2:51:38 pm — [INFO] — Kailas Nimbalkar-->GET--->enquiries
19/6/2025, 2:56:47 pm — [INFO] — Kailas Nimbalkar-->GET--->enquiries
19/6/2025, 2:56:47 pm — [INFO] — Kailas Nimbalkar-->GET--->enquiries
19/6/2025, 2:56:55 pm — [INFO] — Kailas Nimbalkar-->GET--->enquiries
19/6/2025, 2:56:55 pm — [INFO] — Kailas Nimbalkar-->GET--->enquiries
19/6/2025, 2:57:39 pm — [INFO] — Kailas Nimbalkar-->GET--->enquiries
19/6/2025, 2:57:39 pm — [INFO] — Kailas Nimbalkar-->GET--->enquiries
19/6/2025, 2:57:40 pm — [INFO] — Kailas Nimbalkar-->GET--->enquiries
19/6/2025, 2:57:40 pm — [INFO] — Kailas Nimbalkar-->GET--->enquiries
19/6/2025, 2:58:48 pm — [INFO] — Kailas Nimbalkar-->GET--->enquiries
19/6/2025, 2:58:48 pm — [INFO] — Kailas Nimbalkar-->GET--->enquiries
19/6/2025, 2:59:05 pm — [INFO] — Kailas Nimbalkar-->GET--->enquiries
19/6/2025, 3:00:02 pm — [INFO] — Kailas Nimbalkar-->GET--->enquiries
19/6/2025, 3:03:24 pm — [INFO] — Kailas Nimbalkar-->GET--->enquiries
19/6/2025, 3:03:24 pm — [INFO] — Kailas Nimbalkar-->GET--->enquiries
19/6/2025, 3:03:58 pm — [INFO] — Kailas Nimbalkar-->GET--->enquiries
19/6/2025, 3:03:58 pm — [INFO] — Kailas Nimbalkar-->GET--->enquiries
19/6/2025, 3:04:45 pm — [INFO] — Kailas Nimbalkar-->GET--->enquiries
19/6/2025, 3:04:45 pm — [INFO] — Kailas Nimbalkar-->GET--->enquiries
19/6/2025, 3:06:57 pm — [INFO] — Kailas Nimbalkar-->GET--->enquiries
19/6/2025, 3:06:59 pm — [INFO] — Kailas Nimbalkar-->GET--->enquiries
19/6/2025, 3:09:45 pm — [INFO] — Kailas Nimbalkar-->GET--->enquiries
19/6/2025, 3:09:45 pm — [INFO] — Kailas Nimbalkar-->GET--->enquiries
19/6/2025, 3:09:52 pm — [INFO] — Kailas Nimbalkar-->DELETE--->enquiries
19/6/2025, 3:19:24 pm — [WARN] — Unauthorized operation -->GET--->enquiries
19/6/2025, 3:19:24 pm — [WARN] — Unauthorized operation -->GET--->enquiries
19/6/2025, 3:19:41 pm — [INFO] — Kailas Nimbalkar-->GET--->enquiries
19/6/2025, 3:19:41 pm — [INFO] — Kailas Nimbalkar-->GET--->enquiries
19/6/2025, 3:19:41 pm — [INFO] — Kailas Nimbalkar-->GET--->products
19/6/2025, 3:19:41 pm — [INFO] — Kailas Nimbalkar-->GET--->products
19/6/2025, 3:20:41 pm — [INFO] — Kailas Nimbalkar-->GET--->products
19/6/2025, 3:20:41 pm — [INFO] — Kailas Nimbalkar-->GET--->products
19/6/2025, 3:20:43 pm — [INFO] — Kailas Nimbalkar-->GET--->enquiries
19/6/2025, 3:20:43 pm — [INFO] — Kailas Nimbalkar-->GET--->enquiries
19/6/2025, 3:20:43 pm — [INFO] — Kailas Nimbalkar-->GET--->products
19/6/2025, 3:20:43 pm — [INFO] — Kailas Nimbalkar-->GET--->products
19/6/2025, 3:22:20 pm — [INFO] — Kailas Nimbalkar-->GET--->products
19/6/2025, 3:22:20 pm — [INFO] — Kailas Nimbalkar-->GET--->products
19/6/2025, 3:23:22 pm — [INFO] — Kailas Nimbalkar-->GET--->enquiries
19/6/2025, 3:23:22 pm — [INFO] — Kailas Nimbalkar-->GET--->enquiries
19/6/2025, 3:23:22 pm — [INFO] — Kailas Nimbalkar-->GET--->products
19/6/2025, 3:23:22 pm — [INFO] — Kailas Nimbalkar-->GET--->products
19/6/2025, 3:26:22 pm — [INFO] — Kailas Nimbalkar-->GET--->enquiries
19/6/2025, 3:26:22 pm — [INFO] — Kailas Nimbalkar-->GET--->enquiries
19/6/2025, 3:26:22 pm — [INFO] — Kailas Nimbalkar-->GET--->products
19/6/2025, 3:26:22 pm — [INFO] — Kailas Nimbalkar-->GET--->products
19/6/2025, 3:26:54 pm — [INFO] — Kailas Nimbalkar-->POST--->enquiries
19/6/2025, 3:27:49 pm — [INFO] — Kailas Nimbalkar-->POST--->enquiries
19/6/2025, 3:27:54 pm — [INFO] — Kailas Nimbalkar-->GET--->enquiries
19/6/2025, 3:27:54 pm — [ERROR] — guest encountered error during GET /enquiries/[object%20Object] — hex string must be 24 characters
19/6/2025, 3:27:54 pm — [INFO] — Kailas Nimbalkar-->GET--->enquiries
19/6/2025, 3:27:54 pm — [ERROR] — guest encountered error during GET /enquiries/[object%20Object] — hex string must be 24 characters
19/6/2025, 3:28:47 pm — [INFO] — Kailas Nimbalkar-->GET--->enquiries
19/6/2025, 3:28:47 pm — [ERROR] — guest encountered error during GET /enquiries/[object%20Object] — hex string must be 24 characters
19/6/2025, 3:28:47 pm — [INFO] — Kailas Nimbalkar-->GET--->enquiries
19/6/2025, 3:28:47 pm — [ERROR] — guest encountered error during GET /enquiries/[object%20Object] — hex string must be 24 characters
19/6/2025, 3:31:06 pm — [INFO] — Kailas Nimbalkar-->GET--->enquiries
19/6/2025, 3:31:06 pm — [ERROR] — guest encountered error during GET /enquiries/[object%20Object] — hex string must be 24 characters
19/6/2025, 3:31:06 pm — [INFO] — Kailas Nimbalkar-->GET--->enquiries
19/6/2025, 3:31:06 pm — [ERROR] — guest encountered error during GET /enquiries/[object%20Object] — hex string must be 24 characters
19/6/2025, 3:31:12 pm — [INFO] — Kailas Nimbalkar-->GET--->enquiries
19/6/2025, 3:31:12 pm — [INFO] — Kailas Nimbalkar-->GET--->enquiries
19/6/2025, 3:31:12 pm — [INFO] — Kailas Nimbalkar-->GET--->products
19/6/2025, 3:31:12 pm — [INFO] — Kailas Nimbalkar-->GET--->products
19/6/2025, 3:31:16 pm — [INFO] — Kailas Nimbalkar-->GET--->enquiries
19/6/2025, 3:31:16 pm — [INFO] — Kailas Nimbalkar-->GET--->enquiries
19/6/2025, 3:32:14 pm — [INFO] — Kailas Nimbalkar-->POST--->enquiries
19/6/2025, 3:32:21 pm — [INFO] — Kailas Nimbalkar-->GET--->enquiries
19/6/2025, 3:32:21 pm — [INFO] — Kailas Nimbalkar-->GET--->enquiries
19/6/2025, 3:32:27 pm — [INFO] — Kailas Nimbalkar-->GET--->enquiries
19/6/2025, 3:32:27 pm — [ERROR] — guest encountered error during GET /enquiries/[object%20Object] — hex string must be 24 characters
19/6/2025, 3:32:27 pm — [INFO] — Kailas Nimbalkar-->GET--->enquiries
19/6/2025, 3:32:27 pm — [ERROR] — guest encountered error during GET /enquiries/[object%20Object] — hex string must be 24 characters
19/6/2025, 3:37:07 pm — [INFO] — Kailas Nimbalkar-->POST--->enquiries
19/6/2025, 3:40:19 pm — [INFO] — Kailas Nimbalkar-->GET--->enquiries
19/6/2025, 3:40:19 pm — [INFO] — Kailas Nimbalkar-->GET--->enquiries
19/6/2025, 3:40:19 pm — [INFO] — Kailas Nimbalkar-->GET--->products
19/6/2025, 3:40:20 pm — [INFO] — Kailas Nimbalkar-->GET--->products
19/6/2025, 3:40:28 pm — [INFO] — Kailas Nimbalkar-->GET--->enquiries
19/6/2025, 3:40:28 pm — [INFO] — Kailas Nimbalkar-->GET--->enquiries
19/6/2025, 3:41:13 pm — [INFO] — Kailas Nimbalkar-->POST--->enquiries
19/6/2025, 3:41:20 pm — [INFO] — Kailas Nimbalkar-->GET--->enquiries
19/6/2025, 3:41:20 pm — [INFO] — Kailas Nimbalkar-->GET--->enquiries
19/6/2025, 3:42:32 pm — [INFO] — Kailas Nimbalkar-->GET--->enquiries
19/6/2025, 3:42:32 pm — [INFO] — Kailas Nimbalkar-->GET--->enquiries
19/6/2025, 3:42:37 pm — [INFO] — Kailas Nimbalkar-->GET--->enquiries
19/6/2025, 3:42:37 pm — [INFO] — Kailas Nimbalkar-->GET--->enquiries
19/6/2025, 3:42:39 pm — [INFO] — Kailas Nimbalkar-->GET--->enquiries
19/6/2025, 3:42:39 pm — [INFO] — Kailas Nimbalkar-->GET--->enquiries
19/6/2025, 3:42:56 pm — [INFO] — Kailas Nimbalkar-->GET--->products
19/6/2025, 3:42:56 pm — [INFO] — Kailas Nimbalkar-->GET--->products
19/6/2025, 3:45:48 pm — [INFO] — Kailas Nimbalkar-->GET--->enquiries
19/6/2025, 3:45:48 pm — [INFO] — Kailas Nimbalkar-->GET--->enquiries
19/6/2025, 3:45:49 pm — [INFO] — Kailas Nimbalkar-->GET--->products
19/6/2025, 3:45:49 pm — [INFO] — Kailas Nimbalkar-->GET--->products
19/6/2025, 3:45:56 pm — [INFO] — Kailas Nimbalkar-->GET--->enquiries
19/6/2025, 3:45:56 pm — [INFO] — Kailas Nimbalkar-->GET--->enquiries
19/6/2025, 3:54:00 pm — [INFO] — Kailas Nimbalkar-->POST--->enquiries
19/6/2025, 4:09:03 pm — [INFO] — Kailas Nimbalkar-->GET--->enquiries
19/6/2025, 4:09:03 pm — [INFO] — Kailas Nimbalkar-->GET--->enquiries
19/6/2025, 4:09:03 pm — [INFO] — Kailas Nimbalkar-->GET--->enquiries
19/6/2025, 4:09:03 pm — [INFO] — Kailas Nimbalkar-->GET--->enquiries
19/6/2025, 4:09:03 pm — [INFO] — Kailas Nimbalkar-->GET--->enquiries
19/6/2025, 4:09:04 pm — [INFO] — Kailas Nimbalkar-->GET--->enquiries
19/6/2025, 4:15:49 pm — [INFO] — Kailas Nimbalkar-->GET--->enquiries
19/6/2025, 4:15:49 pm — [INFO] — Kailas Nimbalkar-->GET--->enquiries
19/6/2025, 4:15:49 pm — [INFO] — Kailas Nimbalkar-->GET--->products
19/6/2025, 4:15:49 pm — [INFO] — Kailas Nimbalkar-->GET--->products
19/6/2025, 4:16:49 pm — [INFO] — Kailas Nimbalkar-->GET--->enquiries
19/6/2025, 4:16:49 pm — [INFO] — Kailas Nimbalkar-->GET--->enquiries
19/6/2025, 4:16:49 pm — [INFO] — Kailas Nimbalkar-->GET--->enquiries
19/6/2025, 4:16:49 pm — [INFO] — Kailas Nimbalkar-->GET--->enquiries
19/6/2025, 4:16:49 pm — [INFO] — Kailas Nimbalkar-->GET--->enquiries
19/6/2025, 4:16:49 pm — [INFO] — Kailas Nimbalkar-->GET--->enquiries
19/6/2025, 4:16:49 pm — [INFO] — Kailas Nimbalkar-->GET--->enquiries
19/6/2025, 4:16:49 pm — [INFO] — Kailas Nimbalkar-->GET--->enquiries
19/6/2025, 4:16:49 pm — [INFO] — Kailas Nimbalkar-->GET--->products
19/6/2025, 4:20:11 pm — [INFO] — Kailas Nimbalkar-->GET--->enquiries
19/6/2025, 4:20:11 pm — [INFO] — Kailas Nimbalkar-->GET--->enquiries
19/6/2025, 4:20:11 pm — [INFO] — Kailas Nimbalkar-->GET--->products
19/6/2025, 4:20:11 pm — [INFO] — Kailas Nimbalkar-->GET--->products
19/6/2025, 4:20:17 pm — [INFO] — Kailas Nimbalkar-->GET--->enquiries
19/6/2025, 4:20:17 pm — [INFO] — Kailas Nimbalkar-->GET--->enquiries
19/6/2025, 4:20:17 pm — [INFO] — Kailas Nimbalkar-->GET--->products
19/6/2025, 4:20:17 pm — [INFO] — Kailas Nimbalkar-->GET--->products
19/6/2025, 4:21:24 pm — [INFO] — Kailas Nimbalkar-->GET--->enquiries
19/6/2025, 4:21:24 pm — [INFO] — Kailas Nimbalkar-->GET--->enquiries
19/6/2025, 4:21:24 pm — [INFO] — Kailas Nimbalkar-->GET--->products
19/6/2025, 4:21:24 pm — [INFO] — Kailas Nimbalkar-->GET--->products
19/6/2025, 4:21:27 pm — [INFO] — Kailas Nimbalkar-->GET--->enquiries
19/6/2025, 4:21:27 pm — [INFO] — Kailas Nimbalkar-->GET--->enquiries
19/6/2025, 4:21:27 pm — [INFO] — Kailas Nimbalkar-->GET--->products
19/6/2025, 4:21:27 pm — [INFO] — Kailas Nimbalkar-->GET--->products
19/6/2025, 4:21:35 pm — [INFO] — Kailas Nimbalkar-->GET--->enquiries
19/6/2025, 4:21:35 pm — [INFO] — Kailas Nimbalkar-->GET--->enquiries
19/6/2025, 4:21:35 pm — [INFO] — Kailas Nimbalkar-->GET--->products
19/6/2025, 4:21:35 pm — [INFO] — Kailas Nimbalkar-->GET--->products
19/6/2025, 4:22:25 pm — [INFO] — Kailas Nimbalkar-->GET--->enquiries
19/6/2025, 4:22:25 pm — [INFO] — Kailas Nimbalkar-->GET--->enquiries
19/6/2025, 4:22:26 pm — [INFO] — Kailas Nimbalkar-->GET--->products
19/6/2025, 4:22:26 pm — [INFO] — Kailas Nimbalkar-->GET--->products
19/6/2025, 4:25:05 pm — [INFO] — Kailas Nimbalkar-->GET--->enquiries
19/6/2025, 4:25:05 pm — [INFO] — Kailas Nimbalkar-->GET--->enquiries
19/6/2025, 4:25:05 pm — [INFO] — Kailas Nimbalkar-->GET--->products
19/6/2025, 4:25:05 pm — [INFO] — Kailas Nimbalkar-->GET--->products
19/6/2025, 4:27:01 pm — [INFO] — Kailas Nimbalkar-->GET--->enquiries
19/6/2025, 4:27:01 pm — [INFO] — Kailas Nimbalkar-->GET--->enquiries
19/6/2025, 4:27:01 pm — [INFO] — Kailas Nimbalkar-->GET--->products
19/6/2025, 4:27:01 pm — [INFO] — Kailas Nimbalkar-->GET--->products
19/6/2025, 4:32:12 pm — [INFO] — Kailas Nimbalkar-->GET--->enquiries
19/6/2025, 4:32:12 pm — [INFO] — Kailas Nimbalkar-->GET--->enquiries
19/6/2025, 4:32:12 pm — [INFO] — Kailas Nimbalkar-->GET--->products
19/6/2025, 4:32:13 pm — [INFO] — Kailas Nimbalkar-->GET--->products
19/6/2025, 4:32:20 pm — [INFO] — Kailas Nimbalkar-->GET--->enquiries
19/6/2025, 4:32:20 pm — [INFO] — Kailas Nimbalkar-->GET--->enquiries
19/6/2025, 4:32:20 pm — [INFO] — Kailas Nimbalkar-->GET--->products
19/6/2025, 4:32:21 pm — [INFO] — Kailas Nimbalkar-->GET--->products
19/6/2025, 4:32:29 pm — [INFO] — Kailas Nimbalkar-->GET--->enquiries
19/6/2025, 4:32:30 pm — [INFO] — Kailas Nimbalkar-->GET--->enquiries
19/6/2025, 4:35:31 pm — [INFO] — Kailas Nimbalkar-->GET--->enquiries
19/6/2025, 4:35:31 pm — [INFO] — Kailas Nimbalkar-->GET--->enquiries
19/6/2025, 4:35:31 pm — [INFO] — Kailas Nimbalkar-->GET--->products
19/6/2025, 4:35:31 pm — [ERROR] — guest encountered error during GET /products/null — hex string must be 24 characters
19/6/2025, 4:35:31 pm — [INFO] — Kailas Nimbalkar-->GET--->products
19/6/2025, 4:35:31 pm — [ERROR] — guest encountered error during GET /products/null — hex string must be 24 characters
19/6/2025, 4:35:36 pm — [INFO] — Kailas Nimbalkar-->GET--->enquiries
19/6/2025, 4:35:36 pm — [INFO] — Kailas Nimbalkar-->GET--->enquiries
19/6/2025, 4:35:36 pm — [INFO] — Kailas Nimbalkar-->GET--->products
19/6/2025, 4:35:36 pm — [ERROR] — guest encountered error during GET /products/null — hex string must be 24 characters
19/6/2025, 4:35:36 pm — [INFO] — Kailas Nimbalkar-->GET--->products
19/6/2025, 4:35:36 pm — [ERROR] — guest encountered error during GET /products/null — hex string must be 24 characters
19/6/2025, 4:36:12 pm — [INFO] — Kailas Nimbalkar-->GET--->enquiries
19/6/2025, 4:36:12 pm — [INFO] — Kailas Nimbalkar-->GET--->enquiries
19/6/2025, 4:36:12 pm — [INFO] — Kailas Nimbalkar-->GET--->products
19/6/2025, 4:36:12 pm — [INFO] — Kailas Nimbalkar-->GET--->products
19/6/2025, 4:36:15 pm — [INFO] — Kailas Nimbalkar-->GET--->enquiries
19/6/2025, 4:36:15 pm — [INFO] — Kailas Nimbalkar-->GET--->enquiries
19/6/2025, 4:36:15 pm — [INFO] — Kailas Nimbalkar-->GET--->products
19/6/2025, 4:36:15 pm — [INFO] — Kailas Nimbalkar-->GET--->products
19/6/2025, 4:37:12 pm — [INFO] — Kailas Nimbalkar-->POST--->enquiries
19/6/2025, 4:37:26 pm — [INFO] — Kailas Nimbalkar-->GET--->enquiries
19/6/2025, 4:37:26 pm — [INFO] — Kailas Nimbalkar-->GET--->enquiries
19/6/2025, 4:37:26 pm — [INFO] — Kailas Nimbalkar-->GET--->products
19/6/2025, 4:37:26 pm — [INFO] — Kailas Nimbalkar-->GET--->products
19/6/2025, 4:37:40 pm — [INFO] — Kailas Nimbalkar-->GET--->enquiries
19/6/2025, 4:37:40 pm — [INFO] — Kailas Nimbalkar-->GET--->enquiries
19/6/2025, 4:37:40 pm — [INFO] — Kailas Nimbalkar-->GET--->products
19/6/2025, 4:37:40 pm — [INFO] — Kailas Nimbalkar-->GET--->products
19/6/2025, 4:38:08 pm — [INFO] — Kailas Nimbalkar-->POST--->enquiries
19/6/2025, 4:38:58 pm — [INFO] — Kailas Nimbalkar-->PUT--->enquiries
19/6/2025, 4:46:12 pm — [INFO] — Kailas Nimbalkar-->GET--->enquiries
19/6/2025, 4:46:12 pm — [INFO] — Kailas Nimbalkar-->GET--->enquiries
19/6/2025, 4:46:13 pm — [INFO] — Kailas Nimbalkar-->GET--->enquiries
19/6/2025, 4:46:13 pm — [INFO] — Kailas Nimbalkar-->GET--->enquiries
19/6/2025, 4:46:13 pm — [INFO] — Kailas Nimbalkar-->GET--->products
19/6/2025, 4:46:13 pm — [INFO] — Kailas Nimbalkar-->GET--->products
19/6/2025, 4:46:13 pm — [INFO] — Kailas Nimbalkar-->GET--->enquiries
19/6/2025, 4:46:13 pm — [INFO] — Kailas Nimbalkar-->GET--->enquiries
19/6/2025, 4:46:13 pm — [INFO] — Kailas Nimbalkar-->GET--->products
19/6/2025, 4:46:13 pm — [INFO] — Kailas Nimbalkar-->GET--->products
19/6/2025, 4:46:13 pm — [INFO] — Kailas Nimbalkar-->GET--->products
19/6/2025, 4:46:13 pm — [INFO] — Kailas Nimbalkar-->GET--->products
19/6/2025, 4:46:18 pm — [INFO] — Kailas Nimbalkar-->GET--->products
19/6/2025, 4:46:18 pm — [INFO] — Kailas Nimbalkar-->GET--->products
19/6/2025, 4:46:23 pm — [INFO] — Kailas Nimbalkar-->GET--->enquiries
19/6/2025, 4:46:23 pm — [INFO] — Kailas Nimbalkar-->GET--->enquiries
19/6/2025, 4:46:23 pm — [INFO] — Kailas Nimbalkar-->GET--->products
19/6/2025, 4:46:23 pm — [INFO] — Kailas Nimbalkar-->GET--->products
19/6/2025, 4:46:33 pm — [INFO] — Kailas Nimbalkar-->GET--->enquiries
19/6/2025, 4:46:33 pm — [INFO] — Kailas Nimbalkar-->GET--->enquiries
19/6/2025, 4:46:33 pm — [INFO] — Kailas Nimbalkar-->GET--->products
19/6/2025, 4:46:33 pm — [INFO] — Kailas Nimbalkar-->GET--->products
19/6/2025, 4:46:36 pm — [INFO] — Kailas Nimbalkar-->GET--->enquiries
19/6/2025, 4:46:36 pm — [INFO] — Kailas Nimbalkar-->GET--->enquiries
19/6/2025, 4:46:36 pm — [INFO] — Kailas Nimbalkar-->GET--->products
19/6/2025, 4:46:36 pm — [INFO] — Kailas Nimbalkar-->GET--->products
19/6/2025, 4:46:50 pm — [INFO] — Kailas Nimbalkar-->GET--->enquiries
19/6/2025, 4:46:50 pm — [INFO] — Kailas Nimbalkar-->GET--->enquiries
19/6/2025, 4:46:50 pm — [INFO] — Kailas Nimbalkar-->GET--->products
19/6/2025, 4:46:50 pm — [INFO] — Kailas Nimbalkar-->GET--->products
19/6/2025, 4:48:36 pm — [INFO] — Kailas Nimbalkar-->GET--->enquiries
19/6/2025, 4:48:36 pm — [INFO] — Kailas Nimbalkar-->GET--->enquiries
19/6/2025, 4:48:36 pm — [INFO] — Kailas Nimbalkar-->GET--->products
19/6/2025, 4:48:36 pm — [INFO] — Kailas Nimbalkar-->GET--->products
19/6/2025, 4:48:58 pm — [INFO] — Kailas Nimbalkar-->GET--->enquiries
19/6/2025, 4:48:58 pm — [INFO] — Kailas Nimbalkar-->GET--->enquiries
19/6/2025, 4:48:58 pm — [INFO] — Kailas Nimbalkar-->GET--->products
19/6/2025, 4:48:58 pm — [INFO] — Kailas Nimbalkar-->GET--->products
19/6/2025, 4:49:07 pm — [INFO] — Kailas Nimbalkar-->GET--->enquiries
19/6/2025, 4:49:07 pm — [INFO] — Kailas Nimbalkar-->GET--->enquiries
19/6/2025, 4:49:07 pm — [INFO] — Kailas Nimbalkar-->GET--->products
19/6/2025, 4:49:07 pm — [INFO] — Kailas Nimbalkar-->GET--->products
19/6/2025, 5:00:39 pm — [INFO] — Kailas Nimbalkar-->GET--->products
19/6/2025, 5:00:39 pm — [INFO] — Kailas Nimbalkar-->GET--->products
19/6/2025, 5:01:00 pm — [INFO] — Kailas Nimbalkar-->PUT--->products
19/6/2025, 5:01:54 pm — [INFO] — Kailas Nimbalkar-->PUT--->products
19/6/2025, 5:04:29 pm — [INFO] — Kailas Nimbalkar-->GET--->enquiries
19/6/2025, 5:04:29 pm — [INFO] — Kailas Nimbalkar-->GET--->enquiries
19/6/2025, 5:04:29 pm — [INFO] — Kailas Nimbalkar-->GET--->products
19/6/2025, 5:04:29 pm — [INFO] — Kailas Nimbalkar-->GET--->products
19/6/2025, 5:04:30 pm — [INFO] — Kailas Nimbalkar-->GET--->products
19/6/2025, 5:04:30 pm — [INFO] — Kailas Nimbalkar-->GET--->products
19/6/2025, 5:04:51 pm — [INFO] — Kailas Nimbalkar-->PUT--->products
19/6/2025, 5:06:20 pm — [INFO] — Kailas Nimbalkar-->GET--->products
19/6/2025, 5:06:20 pm — [INFO] — Kailas Nimbalkar-->GET--->products
19/6/2025, 5:06:38 pm — [INFO] — Kailas Nimbalkar-->PUT--->products
19/6/2025, 5:09:11 pm — [INFO] — Kailas Nimbalkar-->GET--->enquiries
19/6/2025, 5:09:11 pm — [INFO] — Kailas Nimbalkar-->GET--->enquiries
19/6/2025, 5:09:11 pm — [INFO] — Kailas Nimbalkar-->GET--->products
19/6/2025, 5:09:11 pm — [INFO] — Kailas Nimbalkar-->GET--->products
19/6/2025, 5:09:11 pm — [INFO] — Kailas Nimbalkar-->GET--->products
19/6/2025, 5:09:11 pm — [INFO] — Kailas Nimbalkar-->GET--->products
19/6/2025, 5:09:24 pm — [INFO] — Kailas Nimbalkar-->PUT--->products
19/6/2025, 5:11:36 pm — [INFO] — Kailas Nimbalkar-->GET--->enquiries
19/6/2025, 5:11:36 pm — [INFO] — Kailas Nimbalkar-->GET--->enquiries
19/6/2025, 5:11:36 pm — [INFO] — Kailas Nimbalkar-->GET--->products
19/6/2025, 5:11:36 pm — [INFO] — Kailas Nimbalkar-->GET--->products
19/6/2025, 5:11:36 pm — [INFO] — Kailas Nimbalkar-->GET--->products
19/6/2025, 5:11:36 pm — [INFO] — Kailas Nimbalkar-->GET--->products
19/6/2025, 5:11:53 pm — [INFO] — Kailas Nimbalkar-->PUT--->products
19/6/2025, 5:12:15 pm — [INFO] — Kailas Nimbalkar-->GET--->products
19/6/2025, 5:12:15 pm — [INFO] — Kailas Nimbalkar-->GET--->products
19/6/2025, 5:12:28 pm — [INFO] — Kailas Nimbalkar-->PUT--->products
19/6/2025, 5:13:23 pm — [INFO] — Kailas Nimbalkar-->PUT--->products
19/6/2025, 5:20:27 pm — [WARN] — Unauthorized operation -->POST--->products
19/6/2025, 5:20:58 pm — [INFO] — Kailas Nimbalkar-->GET--->products
19/6/2025, 5:20:58 pm — [INFO] — Kailas Nimbalkar-->GET--->products
19/6/2025, 5:21:42 pm — [INFO] — Kailas Nimbalkar-->POST--->products
19/6/2025, 5:22:50 pm — [INFO] — Kailas Nimbalkar-->PUT--->products
19/6/2025, 5:24:58 pm — [INFO] — Kailas Nimbalkar-->GET--->enquiries
19/6/2025, 5:24:58 pm — [INFO] — Kailas Nimbalkar-->GET--->enquiries
19/6/2025, 5:24:58 pm — [INFO] — Kailas Nimbalkar-->GET--->products
19/6/2025, 5:24:59 pm — [INFO] — Kailas Nimbalkar-->GET--->products
19/6/2025, 5:24:59 pm — [INFO] — Kailas Nimbalkar-->GET--->products
19/6/2025, 5:24:59 pm — [INFO] — Kailas Nimbalkar-->GET--->products
19/6/2025, 5:25:54 pm — [INFO] — Kailas Nimbalkar-->POST--->products
19/6/2025, 5:26:49 pm — [INFO] — Kailas Nimbalkar-->PUT--->products
19/6/2025, 7:28:57 pm — [WARN] — Unauthorized operation -->GET--->enquiries
19/6/2025, 7:28:57 pm — [WARN] — Unauthorized operation -->GET--->enquiries
