4/7/2025, 11:53:41 am — [INFO] — Kailas Nimbalkar-->GET--->products
4/7/2025, 11:53:41 am — [INFO] — Kailas Nimbalkar-->GET--->products
4/7/2025, 11:56:20 am — [INFO] — Kailas Nimbalkar-->GET--->products
4/7/2025, 11:56:20 am — [INFO] — Kailas Nimbalkar-->GET--->products
4/7/2025, 12:01:17 pm — [INFO] — Kailas Nimbalkar-->POST--->products
4/7/2025, 12:01:31 pm — [INFO] — Kailas Nimbalkar-->GET--->products
4/7/2025, 12:01:31 pm — [INFO] — Kailas Nimbalkar-->GET--->products
4/7/2025, 12:01:57 pm — [INFO] — Kailas Nimbalkar-->GET--->products
4/7/2025, 12:01:57 pm — [INFO] — Kailas Nimbalkar-->GET--->products
4/7/2025, 12:02:32 pm — [INFO] — Kailas Nimbalkar-->DELETE--->products
4/7/2025, 12:02:34 pm — [INFO] — Kailas Nimbalkar-->GET--->enquiries
4/7/2025, 12:02:34 pm — [INFO] — Kailas Nimbalkar-->GET--->enquiries
4/7/2025, 12:02:34 pm — [INFO] — Kailas Nimbalkar-->GET--->products
4/7/2025, 12:02:34 pm — [INFO] — Kailas Nimbalkar-->GET--->products
4/7/2025, 12:02:35 pm — [INFO] — Kailas Nimbalkar-->GET--->products
4/7/2025, 12:02:35 pm — [INFO] — Kailas Nimbalkar-->GET--->products
4/7/2025, 12:03:34 pm — [INFO] — Kailas Nimbalkar-->GET--->enquiries
4/7/2025, 12:03:34 pm — [INFO] — Kailas Nimbalkar-->GET--->enquiries
4/7/2025, 12:03:34 pm — [INFO] — Kailas Nimbalkar-->GET--->products
4/7/2025, 12:03:34 pm — [INFO] — Kailas Nimbalkar-->GET--->products
4/7/2025, 12:05:36 pm — [INFO] — Kailas Nimbalkar-->GET--->products
4/7/2025, 12:05:36 pm — [INFO] — Kailas Nimbalkar-->GET--->products
4/7/2025, 12:16:53 pm — [INFO] — Kailas Nimbalkar-->GET--->products
4/7/2025, 12:16:53 pm — [INFO] — Kailas Nimbalkar-->GET--->products
4/7/2025, 12:29:54 pm — [INFO] — Kailas Nimbalkar-->GET--->products
4/7/2025, 12:29:54 pm — [INFO] — Kailas Nimbalkar-->GET--->products
4/7/2025, 12:29:56 pm — [INFO] — Kailas Nimbalkar-->GET--->enquiries
4/7/2025, 12:29:56 pm — [INFO] — Kailas Nimbalkar-->GET--->enquiries
4/7/2025, 12:29:56 pm — [INFO] — Kailas Nimbalkar-->GET--->products
4/7/2025, 12:29:56 pm — [INFO] — Kailas Nimbalkar-->GET--->products
4/7/2025, 12:29:59 pm — [INFO] — Kailas Nimbalkar-->GET--->products
4/7/2025, 12:29:59 pm — [INFO] — Kailas Nimbalkar-->GET--->products
4/7/2025, 12:30:03 pm — [INFO] — Kailas Nimbalkar-->GET--->products
4/7/2025, 12:30:03 pm — [INFO] — Kailas Nimbalkar-->GET--->products
4/7/2025, 12:31:09 pm — [INFO] — Kailas Nimbalkar-->GET--->enquiries
4/7/2025, 12:31:09 pm — [INFO] — Kailas Nimbalkar-->GET--->enquiries
4/7/2025, 12:31:09 pm — [INFO] — Kailas Nimbalkar-->GET--->products
4/7/2025, 12:31:09 pm — [INFO] — Kailas Nimbalkar-->GET--->products
4/7/2025, 12:44:53 pm — [INFO] — Kailas Nimbalkar-->GET--->products
4/7/2025, 12:44:53 pm — [INFO] — Kailas Nimbalkar-->GET--->products
4/7/2025, 12:44:53 pm — [INFO] — Kailas Nimbalkar-->GET--->enquiries
4/7/2025, 12:44:54 pm — [INFO] — Kailas Nimbalkar-->GET--->enquiries
4/7/2025, 12:44:54 pm — [INFO] — Kailas Nimbalkar-->GET--->products
4/7/2025, 12:44:54 pm — [INFO] — Kailas Nimbalkar-->GET--->products
4/7/2025, 12:46:09 pm — [INFO] — Kailas Nimbalkar-->GET--->products
4/7/2025, 12:46:09 pm — [INFO] — Kailas Nimbalkar-->GET--->products
4/7/2025, 12:46:10 pm — [INFO] — Kailas Nimbalkar-->GET--->enquiries
4/7/2025, 12:46:10 pm — [INFO] — Kailas Nimbalkar-->GET--->enquiries
4/7/2025, 12:46:10 pm — [INFO] — Kailas Nimbalkar-->GET--->products
4/7/2025, 12:46:10 pm — [INFO] — Kailas Nimbalkar-->GET--->products
4/7/2025, 12:46:23 pm — [INFO] — Kailas Nimbalkar-->GET--->enquiries
4/7/2025, 12:46:23 pm — [INFO] — Kailas Nimbalkar-->GET--->enquiries
4/7/2025, 12:46:23 pm — [INFO] — Kailas Nimbalkar-->GET--->products
4/7/2025, 12:46:23 pm — [INFO] — Kailas Nimbalkar-->GET--->products
4/7/2025, 12:49:09 pm — [INFO] — Kailas Nimbalkar-->GET--->enquiries
4/7/2025, 12:49:09 pm — [INFO] — Kailas Nimbalkar-->GET--->enquiries
4/7/2025, 12:49:09 pm — [INFO] — Kailas Nimbalkar-->GET--->products
4/7/2025, 12:49:09 pm — [INFO] — Kailas Nimbalkar-->GET--->products
4/7/2025, 12:52:16 pm — [INFO] — Kailas Nimbalkar-->GET--->enquiries
4/7/2025, 12:52:16 pm — [INFO] — Kailas Nimbalkar-->GET--->enquiries
4/7/2025, 12:52:16 pm — [INFO] — Kailas Nimbalkar-->GET--->products
4/7/2025, 12:52:16 pm — [INFO] — Kailas Nimbalkar-->GET--->products
4/7/2025, 12:52:38 pm — [INFO] — Kailas Nimbalkar-->GET--->enquiries
4/7/2025, 12:52:38 pm — [INFO] — Kailas Nimbalkar-->GET--->enquiries
4/7/2025, 12:52:38 pm — [INFO] — Kailas Nimbalkar-->GET--->products
4/7/2025, 12:52:38 pm — [INFO] — Kailas Nimbalkar-->GET--->products
4/7/2025, 12:52:43 pm — [INFO] — Kailas Nimbalkar-->GET--->enquiries
4/7/2025, 12:52:43 pm — [INFO] — Kailas Nimbalkar-->GET--->enquiries
4/7/2025, 12:52:43 pm — [INFO] — Kailas Nimbalkar-->GET--->products
4/7/2025, 12:52:43 pm — [INFO] — Kailas Nimbalkar-->GET--->products
4/7/2025, 12:53:26 pm — [INFO] — Kailas Nimbalkar-->GET--->enquiries
4/7/2025, 12:53:26 pm — [INFO] — Kailas Nimbalkar-->GET--->enquiries
4/7/2025, 12:53:26 pm — [INFO] — Kailas Nimbalkar-->GET--->products
4/7/2025, 12:53:26 pm — [INFO] — Kailas Nimbalkar-->GET--->products
4/7/2025, 12:53:28 pm — [INFO] — Kailas Nimbalkar-->GET--->enquiries
4/7/2025, 12:53:28 pm — [INFO] — Kailas Nimbalkar-->GET--->enquiries
4/7/2025, 12:53:28 pm — [INFO] — Kailas Nimbalkar-->GET--->products
4/7/2025, 12:53:28 pm — [INFO] — Kailas Nimbalkar-->GET--->products
4/7/2025, 12:53:35 pm — [INFO] — Kailas Nimbalkar-->GET--->enquiries
4/7/2025, 12:53:35 pm — [INFO] — Kailas Nimbalkar-->GET--->enquiries
4/7/2025, 12:53:35 pm — [INFO] — Kailas Nimbalkar-->GET--->products
4/7/2025, 12:53:35 pm — [INFO] — Kailas Nimbalkar-->GET--->products
4/7/2025, 12:53:38 pm — [INFO] — Kailas Nimbalkar-->GET--->enquiries
4/7/2025, 12:53:38 pm — [INFO] — Kailas Nimbalkar-->GET--->enquiries
4/7/2025, 12:53:38 pm — [INFO] — Kailas Nimbalkar-->GET--->products
4/7/2025, 12:53:38 pm — [INFO] — Kailas Nimbalkar-->GET--->products
4/7/2025, 12:53:48 pm — [INFO] — Kailas Nimbalkar-->GET--->enquiries
4/7/2025, 12:53:48 pm — [INFO] — Kailas Nimbalkar-->GET--->enquiries
4/7/2025, 12:53:48 pm — [INFO] — Kailas Nimbalkar-->GET--->products
4/7/2025, 12:53:48 pm — [INFO] — Kailas Nimbalkar-->GET--->products
4/7/2025, 12:53:53 pm — [INFO] — Kailas Nimbalkar-->GET--->enquiries
4/7/2025, 12:53:53 pm — [INFO] — Kailas Nimbalkar-->GET--->enquiries
4/7/2025, 12:53:53 pm — [INFO] — Kailas Nimbalkar-->GET--->products
4/7/2025, 12:53:53 pm — [INFO] — Kailas Nimbalkar-->GET--->products
4/7/2025, 12:57:31 pm — [INFO] — Kailas Nimbalkar-->GET--->enquiries
4/7/2025, 12:57:32 pm — [INFO] — Kailas Nimbalkar-->GET--->enquiries
4/7/2025, 12:57:32 pm — [INFO] — Kailas Nimbalkar-->GET--->products
4/7/2025, 12:57:32 pm — [INFO] — Kailas Nimbalkar-->GET--->products
4/7/2025, 12:58:24 pm — [INFO] — Kailas Nimbalkar-->GET--->enquiries
4/7/2025, 12:58:24 pm — [INFO] — Kailas Nimbalkar-->GET--->enquiries
4/7/2025, 12:58:24 pm — [INFO] — Kailas Nimbalkar-->GET--->products
4/7/2025, 12:58:24 pm — [INFO] — Kailas Nimbalkar-->GET--->products
4/7/2025, 12:58:27 pm — [INFO] — Kailas Nimbalkar-->GET--->enquiries
4/7/2025, 12:58:27 pm — [INFO] — Kailas Nimbalkar-->GET--->enquiries
4/7/2025, 12:58:27 pm — [INFO] — Kailas Nimbalkar-->GET--->products
4/7/2025, 12:58:27 pm — [INFO] — Kailas Nimbalkar-->GET--->products
4/7/2025, 1:00:04 pm — [INFO] — Kailas Nimbalkar-->GET--->enquiries
4/7/2025, 1:00:04 pm — [INFO] — Kailas Nimbalkar-->GET--->enquiries
4/7/2025, 1:00:04 pm — [INFO] — Kailas Nimbalkar-->GET--->products
4/7/2025, 1:00:04 pm — [INFO] — Kailas Nimbalkar-->GET--->products
4/7/2025, 1:01:38 pm — [INFO] — Kailas Nimbalkar-->GET--->enquiries
4/7/2025, 1:01:38 pm — [INFO] — Kailas Nimbalkar-->GET--->enquiries
4/7/2025, 1:01:38 pm — [INFO] — Kailas Nimbalkar-->GET--->products
4/7/2025, 1:01:38 pm — [INFO] — Kailas Nimbalkar-->GET--->products
4/7/2025, 1:01:42 pm — [INFO] — Kailas Nimbalkar-->GET--->enquiries
4/7/2025, 1:01:42 pm — [INFO] — Kailas Nimbalkar-->GET--->enquiries
4/7/2025, 1:01:42 pm — [INFO] — Kailas Nimbalkar-->GET--->products
4/7/2025, 1:01:42 pm — [INFO] — Kailas Nimbalkar-->GET--->products
4/7/2025, 1:01:50 pm — [INFO] — Kailas Nimbalkar-->GET--->products
4/7/2025, 1:01:50 pm — [INFO] — Kailas Nimbalkar-->GET--->products
4/7/2025, 1:02:57 pm — [INFO] — Kailas Nimbalkar-->GET--->products
4/7/2025, 1:02:57 pm — [INFO] — Kailas Nimbalkar-->GET--->products
4/7/2025, 1:02:59 pm — [INFO] — Kailas Nimbalkar-->GET--->enquiries
4/7/2025, 1:02:59 pm — [INFO] — Kailas Nimbalkar-->GET--->enquiries
4/7/2025, 1:02:59 pm — [INFO] — Kailas Nimbalkar-->GET--->products
4/7/2025, 1:02:59 pm — [INFO] — Kailas Nimbalkar-->GET--->products
4/7/2025, 1:03:02 pm — [INFO] — Kailas Nimbalkar-->GET--->products
4/7/2025, 1:03:03 pm — [INFO] — Kailas Nimbalkar-->GET--->products
4/7/2025, 1:03:04 pm — [INFO] — Kailas Nimbalkar-->GET--->enquiries
4/7/2025, 1:03:04 pm — [INFO] — Kailas Nimbalkar-->GET--->enquiries
4/7/2025, 1:03:04 pm — [INFO] — Kailas Nimbalkar-->GET--->products
4/7/2025, 1:03:04 pm — [INFO] — Kailas Nimbalkar-->GET--->products
4/7/2025, 1:03:06 pm — [INFO] — Kailas Nimbalkar-->GET--->enquiries
4/7/2025, 1:03:06 pm — [INFO] — Kailas Nimbalkar-->GET--->enquiries
4/7/2025, 1:03:06 pm — [INFO] — Kailas Nimbalkar-->GET--->products
4/7/2025, 1:03:06 pm — [INFO] — Kailas Nimbalkar-->GET--->products
4/7/2025, 1:03:09 pm — [INFO] — Kailas Nimbalkar-->GET--->enquiries
4/7/2025, 1:03:09 pm — [INFO] — Kailas Nimbalkar-->GET--->enquiries
4/7/2025, 1:03:09 pm — [INFO] — Kailas Nimbalkar-->GET--->products
4/7/2025, 1:03:09 pm — [INFO] — Kailas Nimbalkar-->GET--->products
4/7/2025, 1:04:00 pm — [INFO] — Kailas Nimbalkar-->GET--->products
4/7/2025, 1:04:00 pm — [INFO] — Kailas Nimbalkar-->GET--->products
4/7/2025, 1:04:01 pm — [INFO] — Kailas Nimbalkar-->GET--->enquiries
4/7/2025, 1:04:01 pm — [INFO] — Kailas Nimbalkar-->GET--->enquiries
4/7/2025, 1:04:01 pm — [INFO] — Kailas Nimbalkar-->GET--->products
4/7/2025, 1:04:01 pm — [INFO] — Kailas Nimbalkar-->GET--->products
4/7/2025, 1:16:19 pm — [INFO] — Kailas Nimbalkar-->GET--->users
4/7/2025, 1:16:19 pm — [INFO] — Kailas Nimbalkar-->GET--->users
4/7/2025, 1:16:19 pm — [INFO] — Kailas Nimbalkar-->GET--->roles
4/7/2025, 1:16:19 pm — [INFO] — Kailas Nimbalkar-->GET--->roles
4/7/2025, 1:16:32 pm — [INFO] — Kailas Nimbalkar-->GET--->users
4/7/2025, 1:16:32 pm — [INFO] — Kailas Nimbalkar-->GET--->users
4/7/2025, 1:16:32 pm — [INFO] — Kailas Nimbalkar-->GET--->roles
4/7/2025, 1:16:32 pm — [INFO] — Kailas Nimbalkar-->GET--->roles
4/7/2025, 1:16:44 pm — [INFO] — Kailas Nimbalkar-->GET--->users
4/7/2025, 1:16:44 pm — [INFO] — Kailas Nimbalkar-->GET--->users
4/7/2025, 1:16:44 pm — [INFO] — Kailas Nimbalkar-->GET--->roles
4/7/2025, 1:16:44 pm — [INFO] — Kailas Nimbalkar-->GET--->roles
4/7/2025, 1:18:02 pm — [INFO] — Kailas Nimbalkar-->GET--->roles
4/7/2025, 1:18:02 pm — [INFO] — Kailas Nimbalkar-->GET--->roles
4/7/2025, 1:20:07 pm — [INFO] — Kailas Nimbalkar-->GET--->users
4/7/2025, 1:20:07 pm — [INFO] — Kailas Nimbalkar-->GET--->users
4/7/2025, 1:20:07 pm — [INFO] — Kailas Nimbalkar-->GET--->roles
4/7/2025, 1:20:07 pm — [INFO] — Kailas Nimbalkar-->GET--->roles
4/7/2025, 1:21:41 pm — [INFO] — Kailas Nimbalkar-->GET--->roles
4/7/2025, 1:21:41 pm — [INFO] — Kailas Nimbalkar-->GET--->roles
4/7/2025, 1:22:37 pm — [INFO] — Kailas Nimbalkar-->GET--->users
4/7/2025, 1:22:37 pm — [INFO] — Kailas Nimbalkar-->GET--->users
4/7/2025, 1:22:37 pm — [INFO] — Kailas Nimbalkar-->GET--->roles
4/7/2025, 1:22:37 pm — [INFO] — Kailas Nimbalkar-->GET--->roles
4/7/2025, 1:23:18 pm — [INFO] — Kailas Nimbalkar-->GET--->roles
4/7/2025, 1:23:18 pm — [INFO] — Kailas Nimbalkar-->GET--->roles
4/7/2025, 1:23:22 pm — [INFO] — Kailas Nimbalkar-->GET--->users
4/7/2025, 1:23:22 pm — [INFO] — Kailas Nimbalkar-->GET--->users
4/7/2025, 1:23:23 pm — [INFO] — Kailas Nimbalkar-->GET--->roles
4/7/2025, 1:23:23 pm — [INFO] — Kailas Nimbalkar-->GET--->roles
4/7/2025, 1:24:18 pm — [INFO] — Kailas Nimbalkar-->GET--->roles
4/7/2025, 1:24:18 pm — [INFO] — Kailas Nimbalkar-->GET--->roles
4/7/2025, 1:24:21 pm — [INFO] — Kailas Nimbalkar-->GET--->users
4/7/2025, 1:24:21 pm — [INFO] — Kailas Nimbalkar-->GET--->users
4/7/2025, 1:24:21 pm — [INFO] — Kailas Nimbalkar-->GET--->roles
4/7/2025, 1:24:21 pm — [INFO] — Kailas Nimbalkar-->GET--->roles
4/7/2025, 1:25:04 pm — [INFO] — Kailas Nimbalkar-->GET--->roles
4/7/2025, 1:25:04 pm — [INFO] — Kailas Nimbalkar-->GET--->roles
4/7/2025, 1:25:05 pm — [INFO] — Kailas Nimbalkar-->GET--->users
4/7/2025, 1:25:05 pm — [INFO] — Kailas Nimbalkar-->GET--->users
4/7/2025, 1:25:05 pm — [INFO] — Kailas Nimbalkar-->GET--->roles
4/7/2025, 1:25:05 pm — [INFO] — Kailas Nimbalkar-->GET--->roles
4/7/2025, 1:25:22 pm — [INFO] — Kailas Nimbalkar-->GET--->roles
4/7/2025, 1:25:22 pm — [INFO] — Kailas Nimbalkar-->GET--->roles
4/7/2025, 1:25:22 pm — [INFO] — Kailas Nimbalkar-->GET--->users
4/7/2025, 1:25:22 pm — [INFO] — Kailas Nimbalkar-->GET--->users
4/7/2025, 1:25:22 pm — [INFO] — Kailas Nimbalkar-->GET--->roles
4/7/2025, 1:25:22 pm — [INFO] — Kailas Nimbalkar-->GET--->roles
4/7/2025, 1:25:54 pm — [INFO] — Kailas Nimbalkar-->GET--->users
4/7/2025, 1:25:54 pm — [INFO] — Kailas Nimbalkar-->GET--->users
4/7/2025, 1:25:54 pm — [INFO] — Kailas Nimbalkar-->GET--->roles
4/7/2025, 1:25:54 pm — [INFO] — Kailas Nimbalkar-->GET--->roles
4/7/2025, 1:26:22 pm — [INFO] — Kailas Nimbalkar-->GET--->roles
4/7/2025, 1:26:22 pm — [INFO] — Kailas Nimbalkar-->GET--->roles
4/7/2025, 1:26:41 pm — [INFO] — Kailas Nimbalkar-->GET--->roles
4/7/2025, 1:26:42 pm — [INFO] — Kailas Nimbalkar-->GET--->roles
4/7/2025, 1:28:13 pm — [INFO] — Kailas Nimbalkar-->GET--->roles
4/7/2025, 1:28:13 pm — [INFO] — Kailas Nimbalkar-->GET--->roles
4/7/2025, 1:28:14 pm — [INFO] — Kailas Nimbalkar-->GET--->roles
4/7/2025, 1:28:14 pm — [INFO] — Kailas Nimbalkar-->GET--->roles
4/7/2025, 1:28:28 pm — [INFO] — Kailas Nimbalkar-->GET--->roles
4/7/2025, 1:28:28 pm — [INFO] — Kailas Nimbalkar-->GET--->roles
4/7/2025, 1:28:31 pm — [INFO] — Kailas Nimbalkar-->GET--->roles
4/7/2025, 1:28:31 pm — [INFO] — Kailas Nimbalkar-->GET--->roles
4/7/2025, 1:28:33 pm — [INFO] — Kailas Nimbalkar-->GET--->roles
4/7/2025, 1:28:33 pm — [INFO] — Kailas Nimbalkar-->GET--->roles
4/7/2025, 1:33:43 pm — [INFO] — Kailas Nimbalkar-->GET--->roles
4/7/2025, 1:33:43 pm — [INFO] — Kailas Nimbalkar-->GET--->roles
4/7/2025, 1:33:44 pm — [INFO] — Kailas Nimbalkar-->GET--->roles
4/7/2025, 1:33:44 pm — [INFO] — Kailas Nimbalkar-->GET--->roles
4/7/2025, 1:35:58 pm — [INFO] — Kailas Nimbalkar-->GET--->roles
4/7/2025, 1:35:58 pm — [INFO] — Kailas Nimbalkar-->GET--->roles
4/7/2025, 1:36:32 pm — [INFO] — Kailas Nimbalkar-->GET--->roles
4/7/2025, 1:36:32 pm — [INFO] — Kailas Nimbalkar-->GET--->roles
4/7/2025, 1:37:07 pm — [INFO] — Kailas Nimbalkar-->GET--->roles
4/7/2025, 1:37:07 pm — [INFO] — Kailas Nimbalkar-->GET--->roles
4/7/2025, 1:37:32 pm — [INFO] — Kailas Nimbalkar-->GET--->products
4/7/2025, 1:37:32 pm — [INFO] — Kailas Nimbalkar-->GET--->products
4/7/2025, 1:37:36 pm — [INFO] — Kailas Nimbalkar-->GET--->roles
4/7/2025, 1:37:36 pm — [INFO] — Kailas Nimbalkar-->GET--->roles
4/7/2025, 1:39:07 pm — [INFO] — Kailas Nimbalkar-->GET--->products
4/7/2025, 1:39:07 pm — [INFO] — Kailas Nimbalkar-->GET--->products
4/7/2025, 1:39:10 pm — [INFO] — Kailas Nimbalkar-->GET--->roles
4/7/2025, 1:39:10 pm — [INFO] — Kailas Nimbalkar-->GET--->roles
4/7/2025, 1:43:00 pm — [INFO] — Kailas Nimbalkar-->GET--->roles
4/7/2025, 1:43:00 pm — [INFO] — Kailas Nimbalkar-->GET--->roles
4/7/2025, 1:45:55 pm — [INFO] — Kailas Nimbalkar-->GET--->roles
4/7/2025, 1:45:55 pm — [INFO] — Kailas Nimbalkar-->GET--->roles
4/7/2025, 1:46:21 pm — [INFO] — Kailas Nimbalkar-->GET--->roles
4/7/2025, 1:46:21 pm — [INFO] — Kailas Nimbalkar-->GET--->roles
4/7/2025, 1:47:21 pm — [INFO] — Kailas Nimbalkar-->GET--->roles
4/7/2025, 1:47:21 pm — [INFO] — Kailas Nimbalkar-->GET--->roles
4/7/2025, 1:47:23 pm — [INFO] — Kailas Nimbalkar-->GET--->roles
4/7/2025, 1:47:23 pm — [INFO] — Kailas Nimbalkar-->GET--->roles
4/7/2025, 1:47:24 pm — [INFO] — Kailas Nimbalkar-->GET--->roles
4/7/2025, 1:47:24 pm — [INFO] — Kailas Nimbalkar-->GET--->roles
4/7/2025, 1:47:48 pm — [INFO] — Kailas Nimbalkar-->GET--->roles
4/7/2025, 1:47:48 pm — [INFO] — Kailas Nimbalkar-->GET--->roles
4/7/2025, 1:48:28 pm — [INFO] — Kailas Nimbalkar-->GET--->roles
4/7/2025, 1:48:28 pm — [INFO] — Kailas Nimbalkar-->GET--->roles
4/7/2025, 1:48:32 pm — [INFO] — Kailas Nimbalkar-->GET--->roles
4/7/2025, 1:48:32 pm — [INFO] — Kailas Nimbalkar-->GET--->roles
4/7/2025, 1:48:34 pm — [INFO] — Kailas Nimbalkar-->GET--->roles
4/7/2025, 1:48:35 pm — [INFO] — Kailas Nimbalkar-->GET--->roles
4/7/2025, 1:48:53 pm — [INFO] — Kailas Nimbalkar-->GET--->products
4/7/2025, 1:48:53 pm — [INFO] — Kailas Nimbalkar-->GET--->products
4/7/2025, 1:48:58 pm — [INFO] — Kailas Nimbalkar-->GET--->roles
4/7/2025, 1:48:58 pm — [INFO] — Kailas Nimbalkar-->GET--->roles
4/7/2025, 1:49:00 pm — [INFO] — Kailas Nimbalkar-->GET--->roles
4/7/2025, 1:49:00 pm — [INFO] — Kailas Nimbalkar-->GET--->roles
