11/6/2025, 9:25:57 am — [INFO] — Kailas Nimbalkar-->GET--->enquiries
11/6/2025, 9:25:57 am — [INFO] — Kailas Nimbalkar-->GET--->enquiries
11/6/2025, 9:25:57 am — [INFO] — Kailas Nimbalkar-->GET--->products
11/6/2025, 9:25:57 am — [INFO] — Kailas Nimbalkar-->GET--->products
11/6/2025, 9:34:07 am — [INFO] — Kailas Nimbalkar-->GET--->enquiries
11/6/2025, 9:34:07 am — [INFO] — Kailas Nimbalkar-->GET--->enquiries
11/6/2025, 9:34:07 am — [INFO] — Kailas Nimbalkar-->GET--->products
11/6/2025, 9:34:07 am — [INFO] — Kailas Nimbalkar-->GET--->products
11/6/2025, 9:36:33 am — [INFO] — Kailas Nimbalkar-->GET--->products
11/6/2025, 9:36:33 am — [INFO] — Kailas Nimbalkar-->GET--->products
11/6/2025, 9:36:34 am — [INFO] — Kailas Nimbalkar-->GET--->enquiries
11/6/2025, 9:36:34 am — [INFO] — Kailas Nimbalkar-->GET--->enquiries
11/6/2025, 9:36:34 am — [INFO] — Kailas Nimbalkar-->GET--->products
11/6/2025, 9:36:34 am — [INFO] — Kailas Nimbalkar-->GET--->products
11/6/2025, 9:37:21 am — [INFO] — Kailas Nimbalkar-->GET--->products
11/6/2025, 9:37:21 am — [INFO] — Kailas Nimbalkar-->GET--->products
11/6/2025, 9:37:23 am — [INFO] — Kailas Nimbalkar-->GET--->enquiries
11/6/2025, 9:37:23 am — [INFO] — Kailas Nimbalkar-->GET--->enquiries
11/6/2025, 9:37:23 am — [INFO] — Kailas Nimbalkar-->GET--->products
11/6/2025, 9:37:23 am — [INFO] — Kailas Nimbalkar-->GET--->products
11/6/2025, 9:37:24 am — [INFO] — Kailas Nimbalkar-->GET--->products
11/6/2025, 9:37:24 am — [INFO] — Kailas Nimbalkar-->GET--->products
11/6/2025, 9:38:32 am — [INFO] — Kailas Nimbalkar-->GET--->products
11/6/2025, 9:38:32 am — [INFO] — Kailas Nimbalkar-->GET--->products
11/6/2025, 9:39:25 am — [INFO] — Kailas Nimbalkar-->GET--->products
11/6/2025, 9:39:25 am — [INFO] — Kailas Nimbalkar-->GET--->products
11/6/2025, 9:39:56 am — [INFO] — Kailas Nimbalkar-->GET--->enquiries
11/6/2025, 9:39:56 am — [INFO] — Kailas Nimbalkar-->GET--->enquiries
11/6/2025, 9:39:56 am — [INFO] — Kailas Nimbalkar-->GET--->products
11/6/2025, 9:39:56 am — [INFO] — Kailas Nimbalkar-->GET--->products
11/6/2025, 9:39:59 am — [INFO] — Kailas Nimbalkar-->GET--->products
11/6/2025, 9:39:59 am — [INFO] — Kailas Nimbalkar-->GET--->products
11/6/2025, 9:40:35 am — [INFO] — Kailas Nimbalkar-->GET--->products
11/6/2025, 9:40:35 am — [INFO] — Kailas Nimbalkar-->GET--->products
11/6/2025, 9:41:22 am — [INFO] — Kailas Nimbalkar-->GET--->products
11/6/2025, 9:41:22 am — [INFO] — Kailas Nimbalkar-->GET--->products
11/6/2025, 9:41:28 am — [INFO] — Kailas Nimbalkar-->GET--->enquiries
11/6/2025, 9:41:28 am — [INFO] — Kailas Nimbalkar-->GET--->enquiries
11/6/2025, 9:41:28 am — [INFO] — Kailas Nimbalkar-->GET--->products
11/6/2025, 9:41:28 am — [INFO] — Kailas Nimbalkar-->GET--->products
11/6/2025, 9:41:29 am — [INFO] — Kailas Nimbalkar-->GET--->products
11/6/2025, 9:41:29 am — [INFO] — Kailas Nimbalkar-->GET--->products
11/6/2025, 9:41:34 am — [INFO] — Kailas Nimbalkar-->GET--->enquiries
11/6/2025, 9:41:34 am — [INFO] — Kailas Nimbalkar-->GET--->enquiries
11/6/2025, 9:41:34 am — [INFO] — Kailas Nimbalkar-->GET--->products
11/6/2025, 9:41:34 am — [INFO] — Kailas Nimbalkar-->GET--->products
11/6/2025, 9:46:11 am — [INFO] — Kailas Nimbalkar-->GET--->products
11/6/2025, 9:46:11 am — [INFO] — Kailas Nimbalkar-->GET--->products
11/6/2025, 9:46:12 am — [INFO] — Kailas Nimbalkar-->GET--->enquiries
11/6/2025, 9:46:12 am — [INFO] — Kailas Nimbalkar-->GET--->enquiries
11/6/2025, 9:46:12 am — [INFO] — Kailas Nimbalkar-->GET--->products
11/6/2025, 9:46:12 am — [INFO] — Kailas Nimbalkar-->GET--->products
11/6/2025, 9:50:53 am — [INFO] — Kailas Nimbalkar-->GET--->products
11/6/2025, 9:50:53 am — [INFO] — Kailas Nimbalkar-->GET--->products
11/6/2025, 9:50:54 am — [INFO] — Kailas Nimbalkar-->GET--->enquiries
11/6/2025, 9:50:54 am — [INFO] — Kailas Nimbalkar-->GET--->enquiries
11/6/2025, 9:50:54 am — [INFO] — Kailas Nimbalkar-->GET--->products
11/6/2025, 9:50:54 am — [INFO] — Kailas Nimbalkar-->GET--->products
11/6/2025, 9:53:29 am — [INFO] — Kailas Nimbalkar-->GET--->enquiries
11/6/2025, 9:53:29 am — [INFO] — Kailas Nimbalkar-->GET--->enquiries
11/6/2025, 9:53:29 am — [INFO] — Kailas Nimbalkar-->GET--->products
11/6/2025, 9:53:29 am — [INFO] — Kailas Nimbalkar-->GET--->products
11/6/2025, 10:03:03 am — [INFO] — Kailas Nimbalkar-->GET--->enquiries
11/6/2025, 10:03:03 am — [INFO] — Kailas Nimbalkar-->GET--->enquiries
11/6/2025, 10:03:03 am — [INFO] — Kailas Nimbalkar-->GET--->products
11/6/2025, 10:03:03 am — [INFO] — Kailas Nimbalkar-->GET--->products
11/6/2025, 10:09:04 am — [INFO] — Kailas Nimbalkar-->GET--->enquiries
11/6/2025, 10:09:04 am — [INFO] — Kailas Nimbalkar-->GET--->enquiries
11/6/2025, 10:09:04 am — [INFO] — Kailas Nimbalkar-->GET--->products
11/6/2025, 10:09:04 am — [INFO] — Kailas Nimbalkar-->GET--->products
11/6/2025, 10:11:43 am — [INFO] — Kailas Nimbalkar-->GET--->products
11/6/2025, 10:11:43 am — [INFO] — Kailas Nimbalkar-->GET--->products
11/6/2025, 10:11:43 am — [INFO] — Kailas Nimbalkar-->GET--->enquiries
11/6/2025, 10:11:44 am — [INFO] — Kailas Nimbalkar-->GET--->enquiries
11/6/2025, 10:11:44 am — [INFO] — Kailas Nimbalkar-->GET--->products
11/6/2025, 10:11:44 am — [INFO] — Kailas Nimbalkar-->GET--->products
11/6/2025, 10:12:12 am — [INFO] — Kailas Nimbalkar-->POST--->enquiries
11/6/2025, 10:13:37 am — [INFO] — Kailas Nimbalkar-->GET--->enquiries
11/6/2025, 10:13:37 am — [INFO] — Kailas Nimbalkar-->GET--->enquiries
11/6/2025, 10:13:37 am — [INFO] — Kailas Nimbalkar-->GET--->products
11/6/2025, 10:13:37 am — [INFO] — Kailas Nimbalkar-->GET--->products
11/6/2025, 10:13:54 am — [INFO] — Kailas Nimbalkar-->GET--->enquiries
11/6/2025, 10:13:54 am — [INFO] — Kailas Nimbalkar-->GET--->enquiries
11/6/2025, 10:13:54 am — [INFO] — Kailas Nimbalkar-->GET--->products
11/6/2025, 10:13:54 am — [INFO] — Kailas Nimbalkar-->GET--->products
11/6/2025, 10:59:52 am — [INFO] — Kailas Nimbalkar-->GET--->enquiries
11/6/2025, 10:59:52 am — [INFO] — Kailas Nimbalkar-->GET--->enquiries
11/6/2025, 10:59:52 am — [INFO] — Kailas Nimbalkar-->GET--->products
11/6/2025, 10:59:53 am — [INFO] — Kailas Nimbalkar-->GET--->products
11/6/2025, 11:01:22 am — [INFO] — Kailas Nimbalkar-->GET--->products
11/6/2025, 11:01:22 am — [INFO] — Kailas Nimbalkar-->GET--->products
11/6/2025, 11:01:23 am — [INFO] — Kailas Nimbalkar-->GET--->enquiries
11/6/2025, 11:01:23 am — [INFO] — Kailas Nimbalkar-->GET--->enquiries
11/6/2025, 11:01:23 am — [INFO] — Kailas Nimbalkar-->GET--->products
11/6/2025, 11:01:23 am — [INFO] — Kailas Nimbalkar-->GET--->products
11/6/2025, 11:01:50 am — [INFO] — Kailas Nimbalkar-->POST--->enquiries
11/6/2025, 11:05:17 am — [INFO] — Kailas Nimbalkar-->GET--->enquiries
11/6/2025, 11:05:17 am — [INFO] — Kailas Nimbalkar-->GET--->enquiries
11/6/2025, 11:05:17 am — [INFO] — Kailas Nimbalkar-->GET--->products
11/6/2025, 11:05:17 am — [INFO] — Kailas Nimbalkar-->GET--->products
11/6/2025, 11:05:51 am — [INFO] — Kailas Nimbalkar-->POST--->enquiries
11/6/2025, 11:17:01 am — [INFO] — Kailas Nimbalkar-->GET--->enquiries
11/6/2025, 11:17:01 am — [INFO] — Kailas Nimbalkar-->GET--->enquiries
11/6/2025, 11:17:01 am — [INFO] — Kailas Nimbalkar-->GET--->products
11/6/2025, 11:17:02 am — [INFO] — Kailas Nimbalkar-->GET--->products
11/6/2025, 11:17:32 am — [INFO] — Kailas Nimbalkar-->POST--->enquiries
11/6/2025, 11:19:22 am — [INFO] — Kailas Nimbalkar-->GET--->products
11/6/2025, 11:19:22 am — [INFO] — Kailas Nimbalkar-->GET--->products
11/6/2025, 11:20:45 am — [INFO] — Kailas Nimbalkar-->GET--->enquiries
11/6/2025, 11:20:45 am — [INFO] — Kailas Nimbalkar-->GET--->enquiries
11/6/2025, 11:20:45 am — [INFO] — Kailas Nimbalkar-->GET--->products
11/6/2025, 11:20:45 am — [INFO] — Kailas Nimbalkar-->GET--->products
11/6/2025, 11:21:13 am — [INFO] — Kailas Nimbalkar-->POST--->enquiries
11/6/2025, 11:22:51 am — [INFO] — Kailas Nimbalkar-->GET--->enquiries
11/6/2025, 11:22:51 am — [INFO] — Kailas Nimbalkar-->GET--->enquiries
11/6/2025, 11:22:51 am — [INFO] — Kailas Nimbalkar-->GET--->products
11/6/2025, 11:22:51 am — [INFO] — Kailas Nimbalkar-->GET--->products
11/6/2025, 11:59:02 am — [INFO] — Kailas Nimbalkar-->GET--->enquiries
11/6/2025, 11:59:02 am — [INFO] — Kailas Nimbalkar-->GET--->enquiries
11/6/2025, 11:59:02 am — [INFO] — Kailas Nimbalkar-->GET--->products
11/6/2025, 11:59:02 am — [INFO] — Kailas Nimbalkar-->GET--->products
11/6/2025, 12:02:49 pm — [INFO] — Kailas Nimbalkar-->GET--->enquiries
11/6/2025, 12:02:49 pm — [INFO] — Kailas Nimbalkar-->GET--->enquiries
11/6/2025, 12:02:49 pm — [INFO] — Kailas Nimbalkar-->GET--->products
11/6/2025, 12:02:49 pm — [INFO] — Kailas Nimbalkar-->GET--->products
11/6/2025, 12:23:55 pm — [INFO] — Kailas Nimbalkar-->GET--->enquiries
11/6/2025, 12:23:55 pm — [INFO] — Kailas Nimbalkar-->GET--->enquiries
11/6/2025, 12:23:55 pm — [INFO] — Kailas Nimbalkar-->GET--->products
11/6/2025, 12:23:55 pm — [INFO] — Kailas Nimbalkar-->GET--->products
11/6/2025, 12:37:05 pm — [INFO] — Kailas Nimbalkar-->GET--->enquiries
11/6/2025, 12:37:05 pm — [INFO] — Kailas Nimbalkar-->GET--->enquiries
11/6/2025, 12:37:05 pm — [INFO] — Kailas Nimbalkar-->GET--->products
11/6/2025, 12:37:05 pm — [INFO] — Kailas Nimbalkar-->GET--->products
11/6/2025, 12:46:12 pm — [INFO] — Kailas Nimbalkar-->GET--->products
11/6/2025, 12:46:12 pm — [INFO] — Kailas Nimbalkar-->GET--->products
11/6/2025, 12:46:13 pm — [INFO] — Kailas Nimbalkar-->GET--->enquiries
11/6/2025, 12:46:13 pm — [INFO] — Kailas Nimbalkar-->GET--->enquiries
11/6/2025, 12:46:14 pm — [INFO] — Kailas Nimbalkar-->GET--->products
11/6/2025, 12:46:14 pm — [INFO] — Kailas Nimbalkar-->GET--->products
11/6/2025, 1:03:01 pm — [WARN] — Unauthorized operation -->GET--->enquiries
11/6/2025, 1:03:01 pm — [WARN] — Unauthorized operation -->GET--->enquiries
11/6/2025, 1:03:43 pm — [INFO] — Kailas Nimbalkar-->GET--->enquiries
11/6/2025, 1:03:43 pm — [INFO] — Kailas Nimbalkar-->GET--->enquiries
11/6/2025, 1:03:43 pm — [INFO] — Kailas Nimbalkar-->GET--->products
11/6/2025, 1:03:43 pm — [INFO] — Kailas Nimbalkar-->GET--->products
11/6/2025, 1:04:30 pm — [INFO] — Kailas Nimbalkar-->GET--->enquiries
11/6/2025, 1:08:11 pm — [INFO] — Kailas Nimbalkar-->GET--->enquiries
11/6/2025, 1:11:29 pm — [INFO] — Kailas Nimbalkar-->GET--->products
11/6/2025, 1:11:29 pm — [INFO] — Kailas Nimbalkar-->GET--->products
11/6/2025, 1:11:30 pm — [INFO] — Kailas Nimbalkar-->GET--->enquiries
11/6/2025, 1:11:30 pm — [INFO] — Kailas Nimbalkar-->GET--->enquiries
11/6/2025, 1:11:30 pm — [INFO] — Kailas Nimbalkar-->GET--->products
11/6/2025, 1:11:30 pm — [INFO] — Kailas Nimbalkar-->GET--->products
11/6/2025, 1:11:40 pm — [INFO] — Kailas Nimbalkar-->GET--->enquiries
11/6/2025, 1:13:53 pm — [INFO] — Kailas Nimbalkar-->GET--->enquiries
11/6/2025, 1:21:47 pm — [INFO] — Kailas Nimbalkar-->GET--->enquiries
11/6/2025, 1:21:47 pm — [INFO] — Kailas Nimbalkar-->GET--->enquiries
11/6/2025, 1:24:41 pm — [INFO] — Kailas Nimbalkar-->GET--->enquiries
11/6/2025, 1:24:41 pm — [INFO] — Kailas Nimbalkar-->GET--->enquiries
11/6/2025, 1:24:59 pm — [INFO] — Kailas Nimbalkar-->GET--->enquiries
11/6/2025, 1:24:59 pm — [INFO] — Kailas Nimbalkar-->GET--->enquiries
11/6/2025, 1:25:57 pm — [INFO] — Kailas Nimbalkar-->GET--->enquiries
11/6/2025, 1:25:57 pm — [INFO] — Kailas Nimbalkar-->GET--->enquiries
11/6/2025, 1:28:32 pm — [INFO] — Kailas Nimbalkar-->GET--->enquiries
11/6/2025, 1:28:32 pm — [INFO] — Kailas Nimbalkar-->GET--->enquiries
11/6/2025, 1:30:20 pm — [INFO] — Kailas Nimbalkar-->GET--->products
11/6/2025, 1:30:20 pm — [INFO] — Kailas Nimbalkar-->GET--->products
11/6/2025, 1:30:22 pm — [INFO] — Kailas Nimbalkar-->GET--->enquiries
11/6/2025, 1:30:22 pm — [INFO] — Kailas Nimbalkar-->GET--->enquiries
11/6/2025, 1:30:22 pm — [INFO] — Kailas Nimbalkar-->GET--->products
11/6/2025, 1:30:22 pm — [INFO] — Kailas Nimbalkar-->GET--->products
11/6/2025, 1:33:35 pm — [INFO] — Kailas Nimbalkar-->GET--->enquiries
11/6/2025, 1:33:35 pm — [INFO] — Kailas Nimbalkar-->GET--->enquiries
11/6/2025, 1:33:36 pm — [INFO] — Kailas Nimbalkar-->GET--->enquiries
11/6/2025, 1:33:36 pm — [INFO] — Kailas Nimbalkar-->GET--->enquiries
11/6/2025, 1:33:36 pm — [INFO] — Kailas Nimbalkar-->GET--->enquiries
11/6/2025, 1:33:36 pm — [INFO] — Kailas Nimbalkar-->GET--->enquiries
11/6/2025, 1:37:36 pm — [INFO] — Kailas Nimbalkar-->GET--->enquiries
11/6/2025, 1:37:36 pm — [INFO] — Kailas Nimbalkar-->GET--->enquiries
11/6/2025, 1:37:36 pm — [INFO] — Kailas Nimbalkar-->GET--->enquiries
11/6/2025, 1:37:36 pm — [INFO] — Kailas Nimbalkar-->GET--->enquiries
11/6/2025, 1:37:36 pm — [INFO] — Kailas Nimbalkar-->GET--->enquiries
11/6/2025, 1:37:36 pm — [INFO] — Kailas Nimbalkar-->GET--->enquiries
11/6/2025, 1:41:27 pm — [INFO] — Kailas Nimbalkar-->GET--->enquiries
11/6/2025, 1:41:27 pm — [INFO] — Kailas Nimbalkar-->GET--->enquiries
11/6/2025, 1:41:27 pm — [INFO] — Kailas Nimbalkar-->GET--->enquiries
11/6/2025, 1:41:27 pm — [INFO] — Kailas Nimbalkar-->GET--->enquiries
11/6/2025, 1:41:27 pm — [INFO] — Kailas Nimbalkar-->GET--->enquiries
11/6/2025, 1:41:27 pm — [INFO] — Kailas Nimbalkar-->GET--->enquiries
11/6/2025, 1:51:38 pm — [INFO] — Kailas Nimbalkar-->GET--->enquiries
11/6/2025, 1:51:38 pm — [INFO] — Kailas Nimbalkar-->GET--->enquiries
11/6/2025, 1:51:38 pm — [INFO] — Kailas Nimbalkar-->GET--->enquiries
11/6/2025, 1:51:38 pm — [INFO] — Kailas Nimbalkar-->GET--->enquiries
11/6/2025, 1:51:38 pm — [INFO] — Kailas Nimbalkar-->GET--->enquiries
11/6/2025, 1:51:38 pm — [INFO] — Kailas Nimbalkar-->GET--->enquiries
11/6/2025, 1:51:38 pm — [INFO] — Kailas Nimbalkar-->GET--->enquiries
11/6/2025, 1:51:38 pm — [INFO] — Kailas Nimbalkar-->GET--->enquiries
11/6/2025, 1:51:46 pm — [INFO] — Kailas Nimbalkar-->GET--->enquiries
11/6/2025, 1:51:46 pm — [INFO] — Kailas Nimbalkar-->GET--->enquiries
11/6/2025, 2:05:31 pm — [INFO] — Kailas Nimbalkar-->GET--->enquiries
11/6/2025, 2:05:31 pm — [INFO] — Kailas Nimbalkar-->GET--->enquiries
11/6/2025, 2:05:31 pm — [INFO] — Kailas Nimbalkar-->GET--->products
11/6/2025, 2:05:31 pm — [INFO] — Kailas Nimbalkar-->GET--->products
11/6/2025, 2:05:41 pm — [INFO] — Kailas Nimbalkar-->GET--->products
11/6/2025, 2:05:41 pm — [INFO] — Kailas Nimbalkar-->GET--->products
11/6/2025, 2:05:43 pm — [INFO] — Kailas Nimbalkar-->GET--->enquiries
11/6/2025, 2:05:43 pm — [INFO] — Kailas Nimbalkar-->GET--->enquiries
11/6/2025, 2:05:43 pm — [INFO] — Kailas Nimbalkar-->GET--->products
11/6/2025, 2:05:43 pm — [INFO] — Kailas Nimbalkar-->GET--->products
11/6/2025, 2:07:24 pm — [INFO] — Kailas Nimbalkar-->GET--->enquiries
11/6/2025, 2:07:24 pm — [INFO] — Kailas Nimbalkar-->GET--->enquiries
11/6/2025, 2:07:24 pm — [INFO] — Kailas Nimbalkar-->GET--->products
11/6/2025, 2:07:24 pm — [INFO] — Kailas Nimbalkar-->GET--->products
11/6/2025, 2:10:53 pm — [INFO] — Kailas Nimbalkar-->GET--->enquiries
11/6/2025, 2:10:53 pm — [INFO] — Kailas Nimbalkar-->GET--->enquiries
11/6/2025, 2:10:53 pm — [INFO] — Kailas Nimbalkar-->GET--->enquiries
11/6/2025, 2:10:53 pm — [INFO] — Kailas Nimbalkar-->GET--->enquiries
11/6/2025, 2:10:53 pm — [INFO] — Kailas Nimbalkar-->GET--->enquiries
11/6/2025, 2:10:53 pm — [INFO] — Kailas Nimbalkar-->GET--->enquiries
11/6/2025, 2:14:24 pm — [INFO] — Kailas Nimbalkar-->GET--->enquiries
11/6/2025, 2:14:24 pm — [INFO] — Kailas Nimbalkar-->GET--->enquiries
11/6/2025, 2:14:24 pm — [INFO] — Kailas Nimbalkar-->GET--->enquiries
11/6/2025, 2:14:24 pm — [INFO] — Kailas Nimbalkar-->GET--->enquiries
11/6/2025, 2:14:24 pm — [INFO] — Kailas Nimbalkar-->GET--->enquiries
11/6/2025, 2:14:24 pm — [INFO] — Kailas Nimbalkar-->GET--->enquiries
11/6/2025, 2:14:44 pm — [INFO] — Kailas Nimbalkar-->GET--->enquiries
11/6/2025, 2:14:44 pm — [INFO] — Kailas Nimbalkar-->GET--->enquiries
11/6/2025, 2:14:44 pm — [INFO] — Kailas Nimbalkar-->GET--->enquiries
11/6/2025, 2:14:47 pm — [INFO] — Kailas Nimbalkar-->GET--->enquiries
11/6/2025, 2:14:47 pm — [INFO] — Kailas Nimbalkar-->GET--->enquiries
11/6/2025, 2:14:47 pm — [INFO] — Kailas Nimbalkar-->GET--->enquiries
11/6/2025, 2:15:27 pm — [INFO] — Kailas Nimbalkar-->GET--->enquiries
11/6/2025, 2:15:27 pm — [INFO] — Kailas Nimbalkar-->GET--->enquiries
11/6/2025, 2:15:27 pm — [INFO] — Kailas Nimbalkar-->GET--->enquiries
11/6/2025, 2:15:27 pm — [INFO] — Kailas Nimbalkar-->GET--->enquiries
11/6/2025, 2:15:27 pm — [INFO] — Kailas Nimbalkar-->GET--->enquiries
11/6/2025, 2:15:28 pm — [INFO] — Kailas Nimbalkar-->GET--->enquiries
11/6/2025, 2:32:34 pm — [INFO] — Kailas Nimbalkar-->GET--->enquiries
11/6/2025, 2:32:34 pm — [INFO] — Kailas Nimbalkar-->GET--->enquiries
11/6/2025, 2:34:04 pm — [INFO] — Kailas Nimbalkar-->GET--->enquiries
11/6/2025, 2:34:04 pm — [INFO] — Kailas Nimbalkar-->GET--->enquiries
11/6/2025, 2:37:53 pm — [INFO] — Kailas Nimbalkar-->GET--->enquiries
11/6/2025, 2:37:53 pm — [INFO] — Kailas Nimbalkar-->GET--->enquiries
11/6/2025, 2:37:53 pm — [INFO] — Kailas Nimbalkar-->GET--->products
11/6/2025, 2:37:53 pm — [INFO] — Kailas Nimbalkar-->GET--->products
11/6/2025, 2:38:53 pm — [INFO] — Kailas Nimbalkar-->GET--->enquiries
11/6/2025, 2:38:53 pm — [INFO] — Kailas Nimbalkar-->GET--->enquiries
11/6/2025, 2:38:53 pm — [INFO] — Kailas Nimbalkar-->GET--->products
11/6/2025, 2:38:53 pm — [INFO] — Kailas Nimbalkar-->GET--->products
11/6/2025, 2:38:56 pm — [INFO] — Kailas Nimbalkar-->POST--->enquiries
11/6/2025, 2:39:48 pm — [INFO] — Kailas Nimbalkar-->POST--->enquiries
11/6/2025, 2:39:48 pm — [ERROR] — guest encountered error during POST /enquiries/68491951edeabaeec1835d72/remarks — id is not defined
11/6/2025, 2:39:48 pm — [INFO] — Kailas Nimbalkar-->POST--->enquiries
11/6/2025, 2:39:48 pm — [ERROR] — guest encountered error during POST /enquiries/68491951edeabaeec1835d72/remarks — id is not defined
11/6/2025, 2:40:06 pm — [INFO] — Kailas Nimbalkar-->GET--->enquiries
11/6/2025, 2:40:06 pm — [INFO] — Kailas Nimbalkar-->GET--->enquiries
11/6/2025, 2:40:06 pm — [INFO] — Kailas Nimbalkar-->GET--->products
11/6/2025, 2:40:06 pm — [INFO] — Kailas Nimbalkar-->GET--->products
11/6/2025, 2:40:08 pm — [INFO] — Kailas Nimbalkar-->POST--->enquiries
11/6/2025, 2:40:08 pm — [ERROR] — guest encountered error during POST /enquiries/68491951edeabaeec1835d72/remarks — id is not defined
11/6/2025, 2:40:08 pm — [INFO] — Kailas Nimbalkar-->POST--->enquiries
11/6/2025, 2:40:08 pm — [ERROR] — guest encountered error during POST /enquiries/68491951edeabaeec1835d72/remarks — id is not defined
11/6/2025, 2:43:01 pm — [INFO] — Kailas Nimbalkar-->GET--->enquiries
11/6/2025, 2:43:01 pm — [INFO] — Kailas Nimbalkar-->GET--->enquiries
11/6/2025, 2:43:26 pm — [INFO] — Kailas Nimbalkar-->POST--->enquiries
11/6/2025, 2:43:26 pm — [ERROR] — guest encountered error during POST /enquiries/68491951edeabaeec1835d72/remarks — id is not defined
11/6/2025, 2:45:32 pm — [INFO] — Kailas Nimbalkar-->GET--->enquiries
11/6/2025, 2:45:32 pm — [INFO] — Kailas Nimbalkar-->GET--->enquiries
11/6/2025, 2:45:49 pm — [INFO] — Kailas Nimbalkar-->POST--->enquiries
11/6/2025, 2:45:49 pm — [ERROR] — guest encountered error during POST /enquiries/68491951edeabaeec1835d72/remarks — id is not defined
11/6/2025, 2:47:37 pm — [INFO] — Kailas Nimbalkar-->GET--->enquiries
11/6/2025, 2:47:37 pm — [INFO] — Kailas Nimbalkar-->GET--->enquiries
11/6/2025, 2:47:47 pm — [INFO] — Kailas Nimbalkar-->POST--->enquiries
11/6/2025, 2:52:41 pm — [INFO] — Kailas Nimbalkar-->POST--->enquiries
11/6/2025, 2:52:48 pm — [INFO] — Kailas Nimbalkar-->GET--->enquiries
11/6/2025, 2:52:48 pm — [INFO] — Kailas Nimbalkar-->GET--->enquiries
11/6/2025, 2:53:05 pm — [INFO] — Kailas Nimbalkar-->POST--->enquiries
11/6/2025, 2:53:41 pm — [INFO] — Kailas Nimbalkar-->GET--->enquiries
11/6/2025, 2:53:41 pm — [INFO] — Kailas Nimbalkar-->GET--->enquiries
11/6/2025, 2:54:05 pm — [INFO] — Kailas Nimbalkar-->POST--->enquiries
11/6/2025, 3:02:39 pm — [INFO] — Kailas Nimbalkar-->GET--->enquiries
11/6/2025, 3:02:39 pm — [INFO] — Kailas Nimbalkar-->GET--->enquiries
11/6/2025, 3:02:39 pm — [INFO] — Kailas Nimbalkar-->GET--->enquiries
11/6/2025, 3:02:39 pm — [INFO] — Kailas Nimbalkar-->GET--->enquiries
11/6/2025, 3:04:59 pm — [INFO] — Kailas Nimbalkar-->POST--->enquiries
11/6/2025, 3:05:13 pm — [INFO] — Kailas Nimbalkar-->GET--->enquiries
11/6/2025, 3:05:13 pm — [INFO] — Kailas Nimbalkar-->GET--->enquiries
11/6/2025, 3:05:18 pm — [INFO] — Kailas Nimbalkar-->GET--->enquiries
11/6/2025, 3:05:18 pm — [ERROR] — guest encountered error during GET /enquiries/undefined — hex string must be 24 characters
11/6/2025, 3:05:18 pm — [INFO] — Kailas Nimbalkar-->GET--->enquiries
11/6/2025, 3:05:18 pm — [ERROR] — guest encountered error during GET /enquiries/undefined — hex string must be 24 characters
11/6/2025, 3:09:34 pm — [WARN] — Unauthorized operation -->DELETE--->enquiries
11/6/2025, 3:10:10 pm — [INFO] — Kailas Nimbalkar-->GET--->enquiries
11/6/2025, 3:10:10 pm — [INFO] — Kailas Nimbalkar-->GET--->enquiries
11/6/2025, 3:10:10 pm — [INFO] — Kailas Nimbalkar-->GET--->products
11/6/2025, 3:10:10 pm — [INFO] — Kailas Nimbalkar-->GET--->products
11/6/2025, 3:10:17 pm — [INFO] — Kailas Nimbalkar-->DELETE--->enquiries
11/6/2025, 3:10:55 pm — [INFO] — Kailas Nimbalkar-->POST--->enquiries
11/6/2025, 3:11:34 pm — [INFO] — Kailas Nimbalkar-->GET--->enquiries
11/6/2025, 3:11:34 pm — [INFO] — Kailas Nimbalkar-->GET--->enquiries
11/6/2025, 3:13:33 pm — [INFO] — Kailas Nimbalkar-->POST--->enquiries
11/6/2025, 3:14:43 pm — [INFO] — Kailas Nimbalkar-->GET--->enquiries
11/6/2025, 3:14:43 pm — [INFO] — Kailas Nimbalkar-->GET--->enquiries
11/6/2025, 5:25:52 pm — [INFO] — Kailas Nimbalkar-->GET--->enquiries
11/6/2025, 5:25:53 pm — [INFO] — Kailas Nimbalkar-->GET--->enquiries
11/6/2025, 5:25:53 pm — [INFO] — Kailas Nimbalkar-->GET--->products
11/6/2025, 5:25:53 pm — [INFO] — Kailas Nimbalkar-->GET--->products
11/6/2025, 5:28:45 pm — [INFO] — Kailas Nimbalkar-->GET--->products
11/6/2025, 5:28:45 pm — [INFO] — Kailas Nimbalkar-->GET--->products
11/6/2025, 5:29:18 pm — [INFO] — Kailas Nimbalkar-->GET--->enquiries
11/6/2025, 5:29:18 pm — [INFO] — Kailas Nimbalkar-->GET--->enquiries
11/6/2025, 5:29:18 pm — [INFO] — Kailas Nimbalkar-->GET--->products
11/6/2025, 5:29:18 pm — [INFO] — Kailas Nimbalkar-->GET--->products
11/6/2025, 5:29:45 pm — [INFO] — Kailas Nimbalkar-->GET--->enquiries
11/6/2025, 5:29:45 pm — [INFO] — Kailas Nimbalkar-->GET--->enquiries
11/6/2025, 5:29:57 pm — [INFO] — Kailas Nimbalkar-->GET--->enquiries
11/6/2025, 5:29:57 pm — [INFO] — Kailas Nimbalkar-->GET--->enquiries
11/6/2025, 5:31:59 pm — [INFO] — Kailas Nimbalkar-->GET--->enquiries
11/6/2025, 5:31:59 pm — [INFO] — Kailas Nimbalkar-->GET--->enquiries
11/6/2025, 5:32:03 pm — [INFO] — Kailas Nimbalkar-->GET--->enquiries
11/6/2025, 5:32:03 pm — [INFO] — Kailas Nimbalkar-->GET--->enquiries
11/6/2025, 7:17:48 pm — [WARN] — Unauthorized operation -->GET--->enquiries
11/6/2025, 7:17:48 pm — [WARN] — Unauthorized operation -->GET--->enquiries
11/6/2025, 7:31:02 pm — [WARN] — Guest's illegal operation -->GET--->enquiries
11/6/2025, 7:31:02 pm — [WARN] — Guest's illegal operation -->GET--->enquiries
11/6/2025, 7:31:38 pm — [WARN] — Guest's illegal operation -->GET--->enquiries
11/6/2025, 7:31:38 pm — [WARN] — Guest's illegal operation -->GET--->enquiries
11/6/2025, 7:34:32 pm — [WARN] — Guest's illegal operation -->GET--->enquiries
11/6/2025, 7:34:32 pm — [WARN] — Guest's illegal operation -->GET--->enquiries
11/6/2025, 7:35:01 pm — [WARN] — Guest's illegal operation -->GET--->enquiries
11/6/2025, 7:35:01 pm — [WARN] — Guest's illegal operation -->GET--->enquiries
11/6/2025, 7:35:28 pm — [WARN] — Guest's illegal operation -->GET--->enquiries
11/6/2025, 7:35:28 pm — [WARN] — Guest's illegal operation -->GET--->enquiries
11/6/2025, 7:35:48 pm — [WARN] — Guest's illegal operation -->GET--->enquiries
11/6/2025, 7:35:48 pm — [WARN] — Guest's illegal operation -->GET--->enquiries
11/6/2025, 7:38:19 pm — [WARN] — Guest's illegal operation -->GET--->enquiries
11/6/2025, 7:38:19 pm — [WARN] — Guest's illegal operation -->GET--->enquiries
11/6/2025, 7:39:11 pm — [INFO] — Kailas Nimbalkar-->GET--->enquiries
11/6/2025, 7:39:12 pm — [INFO] — Kailas Nimbalkar-->GET--->enquiries
11/6/2025, 7:39:12 pm — [INFO] — Kailas Nimbalkar-->GET--->products
11/6/2025, 7:39:12 pm — [INFO] — Kailas Nimbalkar-->GET--->products
11/6/2025, 7:39:16 pm — [INFO] — Kailas Nimbalkar-->GET--->enquiries
11/6/2025, 7:39:16 pm — [INFO] — Kailas Nimbalkar-->GET--->enquiries
11/6/2025, 7:39:27 pm — [INFO] — Kailas Nimbalkar-->GET--->enquiries
11/6/2025, 7:39:27 pm — [INFO] — Kailas Nimbalkar-->GET--->enquiries
11/6/2025, 7:41:18 pm — [INFO] — Kailas Nimbalkar-->GET--->products
11/6/2025, 7:41:19 pm — [INFO] — Kailas Nimbalkar-->GET--->products
11/6/2025, 7:41:35 pm — [INFO] — Kailas Nimbalkar-->GET--->enquiries
11/6/2025, 7:41:35 pm — [INFO] — Kailas Nimbalkar-->GET--->enquiries
11/6/2025, 7:45:56 pm — [INFO] — Kailas Nimbalkar-->GET--->enquiries
11/6/2025, 7:45:56 pm — [INFO] — Kailas Nimbalkar-->GET--->enquiries
11/6/2025, 7:45:56 pm — [INFO] — Kailas Nimbalkar-->GET--->enquiries
11/6/2025, 7:45:56 pm — [INFO] — Kailas Nimbalkar-->GET--->enquiries
11/6/2025, 7:45:56 pm — [INFO] — Kailas Nimbalkar-->GET--->enquiries
11/6/2025, 7:45:57 pm — [INFO] — Kailas Nimbalkar-->GET--->enquiries
11/6/2025, 7:45:57 pm — [INFO] — Kailas Nimbalkar-->GET--->enquiries
11/6/2025, 7:45:57 pm — [INFO] — Kailas Nimbalkar-->GET--->enquiries
11/6/2025, 7:46:00 pm — [INFO] — Kailas Nimbalkar-->GET--->enquiries
11/6/2025, 7:46:00 pm — [INFO] — Kailas Nimbalkar-->GET--->enquiries
11/6/2025, 7:58:33 pm — [INFO] — Kailas Nimbalkar-->GET--->enquiries
11/6/2025, 7:58:34 pm — [INFO] — Kailas Nimbalkar-->GET--->enquiries
