12/6/2025, 12:52:11 pm — [INFO] — Kailas Nimbalkar-->GET--->products
12/6/2025, 12:52:11 pm — [INFO] — Kailas Nimbalkar-->GET--->products
12/6/2025, 12:52:13 pm — [INFO] — Kailas Nimbalkar-->GET--->enquiries
12/6/2025, 12:52:13 pm — [INFO] — Kailas Nimbalkar-->GET--->enquiries
12/6/2025, 12:52:13 pm — [INFO] — Kailas Nimbalkar-->GET--->products
12/6/2025, 12:52:13 pm — [INFO] — Kailas Nimbalkar-->GET--->products
12/6/2025, 12:52:15 pm — [INFO] — Kailas Nimbalkar-->GET--->enquiries
12/6/2025, 12:52:15 pm — [INFO] — Kailas Nimbalkar-->GET--->enquiries
12/6/2025, 12:58:32 pm — [INFO] — Kailas Nimbalkar-->GET--->enquiries
12/6/2025, 12:58:32 pm — [INFO] — Kailas Nimbalkar-->GET--->enquiries
12/6/2025, 12:58:42 pm — [INFO] — Kailas Nimbalkar-->POST--->enquiries
12/6/2025, 1:00:31 pm — [INFO] — Kailas Nimbalkar-->GET--->enquiries
12/6/2025, 1:00:31 pm — [INFO] — Kailas Nimbalkar-->GET--->enquiries
12/6/2025, 1:00:50 pm — [INFO] — Kailas Nimbalkar-->POST--->enquiries
12/6/2025, 1:01:18 pm — [INFO] — Kailas Nimbalkar-->GET--->enquiries
12/6/2025, 1:01:18 pm — [INFO] — Kailas Nimbalkar-->GET--->enquiries
12/6/2025, 1:01:45 pm — [INFO] — Kailas Nimbalkar-->POST--->enquiries
12/6/2025, 1:02:09 pm — [INFO] — Kailas Nimbalkar-->GET--->products
12/6/2025, 1:02:09 pm — [INFO] — Kailas Nimbalkar-->GET--->products
12/6/2025, 1:02:09 pm — [INFO] — Kailas Nimbalkar-->GET--->enquiries
12/6/2025, 1:02:09 pm — [INFO] — Kailas Nimbalkar-->GET--->enquiries
12/6/2025, 1:02:09 pm — [INFO] — Kailas Nimbalkar-->GET--->products
12/6/2025, 1:02:09 pm — [INFO] — Kailas Nimbalkar-->GET--->products
12/6/2025, 1:14:47 pm — [INFO] — Kailas Nimbalkar-->GET--->enquiries
12/6/2025, 1:14:47 pm — [INFO] — Kailas Nimbalkar-->GET--->enquiries
12/6/2025, 1:59:06 pm — [WARN] — Unauthorized operation -->GET--->products
12/6/2025, 1:59:06 pm — [WARN] — Unauthorized operation -->GET--->products
12/6/2025, 1:59:09 pm — [WARN] — Unauthorized operation -->GET--->enquiries
12/6/2025, 1:59:09 pm — [WARN] — Unauthorized operation -->GET--->enquiries
12/6/2025, 1:59:38 pm — [INFO] — Kailas Nimbalkar-->GET--->products
12/6/2025, 1:59:38 pm — [INFO] — Kailas Nimbalkar-->GET--->products
12/6/2025, 1:59:44 pm — [INFO] — Kailas Nimbalkar-->GET--->enquiries
12/6/2025, 1:59:45 pm — [INFO] — Kailas Nimbalkar-->GET--->enquiries
12/6/2025, 1:59:45 pm — [INFO] — Kailas Nimbalkar-->GET--->products
12/6/2025, 1:59:45 pm — [INFO] — Kailas Nimbalkar-->GET--->products
12/6/2025, 1:59:47 pm — [INFO] — Kailas Nimbalkar-->GET--->products
12/6/2025, 1:59:47 pm — [INFO] — Kailas Nimbalkar-->GET--->products
12/6/2025, 2:09:32 pm — [INFO] — Kailas Nimbalkar-->GET--->products
12/6/2025, 2:09:32 pm — [INFO] — Kailas Nimbalkar-->GET--->products
12/6/2025, 2:12:44 pm — [INFO] — Kailas Nimbalkar-->GET--->products
12/6/2025, 2:12:44 pm — [INFO] — Kailas Nimbalkar-->GET--->products
12/6/2025, 2:16:10 pm — [INFO] — Kailas Nimbalkar-->GET--->products
12/6/2025, 2:16:10 pm — [INFO] — Kailas Nimbalkar-->GET--->products
12/6/2025, 2:17:45 pm — [INFO] — Kailas Nimbalkar-->GET--->enquiries
12/6/2025, 2:17:45 pm — [INFO] — Kailas Nimbalkar-->GET--->enquiries
12/6/2025, 2:17:45 pm — [INFO] — Kailas Nimbalkar-->GET--->products
12/6/2025, 2:17:45 pm — [INFO] — Kailas Nimbalkar-->GET--->products
12/6/2025, 2:17:46 pm — [INFO] — Kailas Nimbalkar-->GET--->products
12/6/2025, 2:17:46 pm — [INFO] — Kailas Nimbalkar-->GET--->products
12/6/2025, 2:41:56 pm — [INFO] — Kailas Nimbalkar-->GET--->products
12/6/2025, 2:41:56 pm — [INFO] — Kailas Nimbalkar-->GET--->products
12/6/2025, 2:44:12 pm — [INFO] — Kailas Nimbalkar-->GET--->enquiries
12/6/2025, 2:44:12 pm — [INFO] — Kailas Nimbalkar-->GET--->enquiries
12/6/2025, 2:44:12 pm — [INFO] — Kailas Nimbalkar-->GET--->products
12/6/2025, 2:44:12 pm — [INFO] — Kailas Nimbalkar-->GET--->products
12/6/2025, 2:44:13 pm — [INFO] — Kailas Nimbalkar-->GET--->products
12/6/2025, 2:44:13 pm — [INFO] — Kailas Nimbalkar-->GET--->products
12/6/2025, 2:44:53 pm — [INFO] — Kailas Nimbalkar-->GET--->products
12/6/2025, 2:44:53 pm — [INFO] — Kailas Nimbalkar-->GET--->products
12/6/2025, 2:48:42 pm — [INFO] — Kailas Nimbalkar-->GET--->enquiries
12/6/2025, 2:48:42 pm — [INFO] — Kailas Nimbalkar-->GET--->enquiries
12/6/2025, 2:48:42 pm — [INFO] — Kailas Nimbalkar-->GET--->products
12/6/2025, 2:48:42 pm — [INFO] — Kailas Nimbalkar-->GET--->products
12/6/2025, 2:48:46 pm — [INFO] — Kailas Nimbalkar-->GET--->products
12/6/2025, 2:48:46 pm — [INFO] — Kailas Nimbalkar-->GET--->products
12/6/2025, 2:57:57 pm — [INFO] — Kailas Nimbalkar-->GET--->enquiries
12/6/2025, 2:57:57 pm — [INFO] — Kailas Nimbalkar-->GET--->enquiries
12/6/2025, 2:57:57 pm — [INFO] — Kailas Nimbalkar-->GET--->products
12/6/2025, 2:57:57 pm — [INFO] — Kailas Nimbalkar-->GET--->products
12/6/2025, 2:57:59 pm — [INFO] — Kailas Nimbalkar-->GET--->products
12/6/2025, 2:57:59 pm — [INFO] — Kailas Nimbalkar-->GET--->products
12/6/2025, 2:58:45 pm — [INFO] — Kailas Nimbalkar-->GET--->products
12/6/2025, 2:58:45 pm — [INFO] — Kailas Nimbalkar-->GET--->products
12/6/2025, 3:03:05 pm — [WARN] — Unauthorized operation -->GET--->enquiries
12/6/2025, 3:03:05 pm — [WARN] — Unauthorized operation -->GET--->enquiries
12/6/2025, 3:03:06 pm — [WARN] — Unauthorized operation -->GET--->products
12/6/2025, 3:03:06 pm — [WARN] — Unauthorized operation -->GET--->products
12/6/2025, 3:03:34 pm — [INFO] — Kailas Nimbalkar-->GET--->products
12/6/2025, 3:03:34 pm — [INFO] — Kailas Nimbalkar-->GET--->products
12/6/2025, 3:05:45 pm — [INFO] — Kailas Nimbalkar-->GET--->enquiries
12/6/2025, 3:05:45 pm — [INFO] — Kailas Nimbalkar-->GET--->enquiries
12/6/2025, 3:05:45 pm — [INFO] — Kailas Nimbalkar-->GET--->products
12/6/2025, 3:05:45 pm — [INFO] — Kailas Nimbalkar-->GET--->products
12/6/2025, 3:05:46 pm — [INFO] — Kailas Nimbalkar-->GET--->products
12/6/2025, 3:05:46 pm — [INFO] — Kailas Nimbalkar-->GET--->products
12/6/2025, 3:05:47 pm — [INFO] — Kailas Nimbalkar-->GET--->enquiries
12/6/2025, 3:05:47 pm — [INFO] — Kailas Nimbalkar-->GET--->enquiries
12/6/2025, 3:05:47 pm — [INFO] — Kailas Nimbalkar-->GET--->products
12/6/2025, 3:05:47 pm — [INFO] — Kailas Nimbalkar-->GET--->products
12/6/2025, 3:07:08 pm — [INFO] — Kailas Nimbalkar-->GET--->products
12/6/2025, 3:07:08 pm — [INFO] — Kailas Nimbalkar-->GET--->products
12/6/2025, 3:07:10 pm — [INFO] — Kailas Nimbalkar-->GET--->enquiries
12/6/2025, 3:07:10 pm — [INFO] — Kailas Nimbalkar-->GET--->enquiries
12/6/2025, 3:07:10 pm — [INFO] — Kailas Nimbalkar-->GET--->products
12/6/2025, 3:07:10 pm — [INFO] — Kailas Nimbalkar-->GET--->products
12/6/2025, 3:07:10 pm — [INFO] — Kailas Nimbalkar-->GET--->customers
12/6/2025, 3:07:10 pm — [INFO] — Kailas Nimbalkar-->GET--->customers
12/6/2025, 3:07:11 pm — [INFO] — Kailas Nimbalkar-->GET--->products
12/6/2025, 3:07:11 pm — [INFO] — Kailas Nimbalkar-->GET--->products
12/6/2025, 3:17:23 pm — [INFO] — Kailas Nimbalkar-->GET--->enquiries
12/6/2025, 3:17:23 pm — [INFO] — Kailas Nimbalkar-->GET--->enquiries
12/6/2025, 3:17:23 pm — [INFO] — Kailas Nimbalkar-->GET--->products
12/6/2025, 3:17:23 pm — [INFO] — Kailas Nimbalkar-->GET--->products
12/6/2025, 3:17:24 pm — [INFO] — Kailas Nimbalkar-->GET--->products
12/6/2025, 3:17:24 pm — [INFO] — Kailas Nimbalkar-->GET--->products
12/6/2025, 3:19:11 pm — [INFO] — Kailas Nimbalkar-->GET--->enquiries
12/6/2025, 3:19:11 pm — [INFO] — Kailas Nimbalkar-->GET--->enquiries
12/6/2025, 3:19:11 pm — [INFO] — Kailas Nimbalkar-->GET--->products
12/6/2025, 3:19:11 pm — [INFO] — Kailas Nimbalkar-->GET--->products
12/6/2025, 3:19:12 pm — [INFO] — Kailas Nimbalkar-->GET--->products
12/6/2025, 3:19:12 pm — [INFO] — Kailas Nimbalkar-->GET--->products
12/6/2025, 3:45:05 pm — [INFO] — Kailas Nimbalkar-->GET--->enquiries
12/6/2025, 3:45:05 pm — [INFO] — Kailas Nimbalkar-->GET--->enquiries
12/6/2025, 3:45:09 pm — [INFO] — Kailas Nimbalkar-->GET--->products
12/6/2025, 3:45:09 pm — [INFO] — Kailas Nimbalkar-->GET--->products
12/6/2025, 4:11:45 pm — [INFO] — Kailas Nimbalkar-->GET--->products
12/6/2025, 4:11:45 pm — [INFO] — Kailas Nimbalkar-->GET--->products
12/6/2025, 4:20:16 pm — [INFO] — Kailas Nimbalkar-->GET--->products
12/6/2025, 4:20:16 pm — [INFO] — Kailas Nimbalkar-->GET--->products
12/6/2025, 4:21:09 pm — [INFO] — Kailas Nimbalkar-->GET--->products
12/6/2025, 4:21:09 pm — [INFO] — Kailas Nimbalkar-->GET--->products
12/6/2025, 4:30:52 pm — [INFO] — Kailas Nimbalkar-->GET--->products
12/6/2025, 4:30:52 pm — [INFO] — Kailas Nimbalkar-->GET--->products
12/6/2025, 4:38:55 pm — [INFO] — Kailas Nimbalkar-->GET--->products
12/6/2025, 4:38:55 pm — [INFO] — Kailas Nimbalkar-->GET--->products
12/6/2025, 4:41:34 pm — [INFO] — Kailas Nimbalkar-->GET--->products
12/6/2025, 4:41:34 pm — [INFO] — Kailas Nimbalkar-->GET--->products
12/6/2025, 5:03:18 pm — [INFO] — Kailas Nimbalkar-->GET--->products
12/6/2025, 5:03:18 pm — [INFO] — Kailas Nimbalkar-->GET--->products
12/6/2025, 5:04:04 pm — [INFO] — Kailas Nimbalkar-->GET--->products
12/6/2025, 5:04:04 pm — [INFO] — Kailas Nimbalkar-->GET--->products
12/6/2025, 5:04:50 pm — [INFO] — Kailas Nimbalkar-->GET--->enquiries
12/6/2025, 5:04:50 pm — [INFO] — Kailas Nimbalkar-->GET--->enquiries
12/6/2025, 5:04:50 pm — [INFO] — Kailas Nimbalkar-->GET--->products
12/6/2025, 5:04:50 pm — [INFO] — Kailas Nimbalkar-->GET--->products
12/6/2025, 5:04:50 pm — [INFO] — Kailas Nimbalkar-->GET--->products
12/6/2025, 5:04:50 pm — [INFO] — Kailas Nimbalkar-->GET--->products
12/6/2025, 5:07:01 pm — [INFO] — Kailas Nimbalkar-->GET--->enquiries
12/6/2025, 5:07:01 pm — [INFO] — Kailas Nimbalkar-->GET--->enquiries
12/6/2025, 5:07:01 pm — [INFO] — Kailas Nimbalkar-->GET--->products
12/6/2025, 5:07:01 pm — [INFO] — Kailas Nimbalkar-->GET--->products
12/6/2025, 5:07:02 pm — [INFO] — Kailas Nimbalkar-->GET--->products
12/6/2025, 5:07:02 pm — [INFO] — Kailas Nimbalkar-->GET--->products
12/6/2025, 5:07:27 pm — [INFO] — Kailas Nimbalkar-->GET--->enquiries
12/6/2025, 5:07:27 pm — [INFO] — Kailas Nimbalkar-->GET--->enquiries
12/6/2025, 5:07:27 pm — [INFO] — Kailas Nimbalkar-->GET--->products
12/6/2025, 5:07:27 pm — [INFO] — Kailas Nimbalkar-->GET--->products
12/6/2025, 5:07:28 pm — [INFO] — Kailas Nimbalkar-->GET--->products
12/6/2025, 5:07:28 pm — [INFO] — Kailas Nimbalkar-->GET--->products
12/6/2025, 5:08:26 pm — [INFO] — Kailas Nimbalkar-->GET--->enquiries
12/6/2025, 5:08:26 pm — [INFO] — Kailas Nimbalkar-->GET--->enquiries
12/6/2025, 5:08:26 pm — [INFO] — Kailas Nimbalkar-->GET--->products
12/6/2025, 5:08:26 pm — [INFO] — Kailas Nimbalkar-->GET--->products
12/6/2025, 5:08:26 pm — [INFO] — Kailas Nimbalkar-->GET--->products
12/6/2025, 5:08:26 pm — [INFO] — Kailas Nimbalkar-->GET--->products
12/6/2025, 5:09:19 pm — [INFO] — Kailas Nimbalkar-->GET--->enquiries
12/6/2025, 5:09:19 pm — [INFO] — Kailas Nimbalkar-->GET--->enquiries
12/6/2025, 5:09:19 pm — [INFO] — Kailas Nimbalkar-->GET--->products
12/6/2025, 5:09:19 pm — [INFO] — Kailas Nimbalkar-->GET--->products
12/6/2025, 5:09:19 pm — [INFO] — Kailas Nimbalkar-->GET--->products
12/6/2025, 5:09:19 pm — [INFO] — Kailas Nimbalkar-->GET--->products
12/6/2025, 5:09:33 pm — [INFO] — Kailas Nimbalkar-->GET--->enquiries
12/6/2025, 5:09:33 pm — [INFO] — Kailas Nimbalkar-->GET--->enquiries
12/6/2025, 5:09:33 pm — [INFO] — Kailas Nimbalkar-->GET--->products
12/6/2025, 5:09:33 pm — [INFO] — Kailas Nimbalkar-->GET--->products
12/6/2025, 5:09:34 pm — [INFO] — Kailas Nimbalkar-->GET--->products
12/6/2025, 5:09:34 pm — [INFO] — Kailas Nimbalkar-->GET--->products
12/6/2025, 5:16:06 pm — [INFO] — Kailas Nimbalkar-->GET--->products
12/6/2025, 5:16:06 pm — [INFO] — Kailas Nimbalkar-->GET--->products
12/6/2025, 5:19:17 pm — [INFO] — Kailas Nimbalkar-->GET--->enquiries
12/6/2025, 5:19:17 pm — [INFO] — Kailas Nimbalkar-->GET--->enquiries
12/6/2025, 5:19:17 pm — [INFO] — Kailas Nimbalkar-->GET--->products
12/6/2025, 5:19:17 pm — [INFO] — Kailas Nimbalkar-->GET--->products
12/6/2025, 5:19:18 pm — [INFO] — Kailas Nimbalkar-->GET--->products
12/6/2025, 5:19:18 pm — [INFO] — Kailas Nimbalkar-->GET--->products
12/6/2025, 5:57:37 pm — [INFO] — Kailas Nimbalkar-->GET--->enquiries
12/6/2025, 5:57:38 pm — [INFO] — Kailas Nimbalkar-->GET--->enquiries
12/6/2025, 5:57:42 pm — [INFO] — Kailas Nimbalkar-->GET--->products
12/6/2025, 5:57:42 pm — [INFO] — Kailas Nimbalkar-->GET--->products
12/6/2025, 5:57:46 pm — [INFO] — Kailas Nimbalkar-->GET--->products
12/6/2025, 5:57:46 pm — [INFO] — Kailas Nimbalkar-->GET--->products
12/6/2025, 5:59:52 pm — [INFO] — Kailas Nimbalkar-->GET--->products
12/6/2025, 5:59:52 pm — [INFO] — Kailas Nimbalkar-->GET--->products
12/6/2025, 6:30:01 pm — [INFO] — Kailas Nimbalkar-->GET--->products
12/6/2025, 6:30:01 pm — [INFO] — Kailas Nimbalkar-->GET--->products
12/6/2025, 6:48:00 pm — [INFO] — Kailas Nimbalkar-->GET--->products
12/6/2025, 6:48:01 pm — [INFO] — Kailas Nimbalkar-->GET--->products
12/6/2025, 6:48:34 pm — [INFO] — Kailas Nimbalkar-->GET--->products
12/6/2025, 6:48:34 pm — [INFO] — Kailas Nimbalkar-->GET--->products
12/6/2025, 6:49:10 pm — [INFO] — Kailas Nimbalkar-->GET--->products
12/6/2025, 6:52:46 pm — [INFO] — Kailas Nimbalkar-->GET--->products
12/6/2025, 6:52:46 pm — [INFO] — Kailas Nimbalkar-->GET--->products
12/6/2025, 6:55:28 pm — [INFO] — Kailas Nimbalkar-->GET--->products
12/6/2025, 6:55:28 pm — [INFO] — Kailas Nimbalkar-->GET--->products
12/6/2025, 6:56:36 pm — [INFO] — Kailas Nimbalkar-->GET--->enquiries
12/6/2025, 6:56:36 pm — [INFO] — Kailas Nimbalkar-->GET--->enquiries
12/6/2025, 6:56:36 pm — [INFO] — Kailas Nimbalkar-->GET--->products
12/6/2025, 6:56:36 pm — [INFO] — Kailas Nimbalkar-->GET--->products
12/6/2025, 6:56:37 pm — [INFO] — Kailas Nimbalkar-->GET--->products
12/6/2025, 6:56:37 pm — [INFO] — Kailas Nimbalkar-->GET--->products
12/6/2025, 8:50:02 pm — [INFO] — Kailas Nimbalkar-->GET--->products
12/6/2025, 8:50:02 pm — [INFO] — Kailas Nimbalkar-->GET--->products
12/6/2025, 8:50:54 pm — [INFO] — Kailas Nimbalkar-->GET--->enquiries
12/6/2025, 8:50:54 pm — [INFO] — Kailas Nimbalkar-->GET--->enquiries
12/6/2025, 8:50:54 pm — [INFO] — Kailas Nimbalkar-->GET--->products
12/6/2025, 8:50:54 pm — [INFO] — Kailas Nimbalkar-->GET--->products
12/6/2025, 8:51:31 pm — [INFO] — Kailas Nimbalkar-->POST--->enquiries
12/6/2025, 8:52:43 pm — [INFO] — Kailas Nimbalkar-->POST--->enquiries
12/6/2025, 9:00:31 pm — [INFO] — Kailas Nimbalkar-->GET--->enquiries
12/6/2025, 9:00:31 pm — [INFO] — Kailas Nimbalkar-->GET--->enquiries
12/6/2025, 9:01:32 pm — [INFO] — Kailas Nimbalkar-->GET--->enquiries
12/6/2025, 9:01:32 pm — [INFO] — Kailas Nimbalkar-->GET--->enquiries
12/6/2025, 9:02:54 pm — [INFO] — Kailas Nimbalkar-->GET--->products
12/6/2025, 9:02:54 pm — [INFO] — Kailas Nimbalkar-->GET--->products
12/6/2025, 9:04:46 pm — [INFO] — Kailas Nimbalkar-->GET--->products
12/6/2025, 9:04:46 pm — [INFO] — Kailas Nimbalkar-->GET--->products
12/6/2025, 9:07:08 pm — [INFO] — Kailas Nimbalkar-->GET--->products
12/6/2025, 9:07:08 pm — [INFO] — Kailas Nimbalkar-->GET--->products
12/6/2025, 9:08:53 pm — [INFO] — Kailas Nimbalkar-->GET--->products
12/6/2025, 9:08:53 pm — [INFO] — Kailas Nimbalkar-->GET--->products
12/6/2025, 9:13:06 pm — [INFO] — Kailas Nimbalkar-->GET--->products
12/6/2025, 9:13:06 pm — [INFO] — Kailas Nimbalkar-->GET--->products
12/6/2025, 9:15:25 pm — [INFO] — Kailas Nimbalkar-->GET--->products
12/6/2025, 9:15:25 pm — [INFO] — Kailas Nimbalkar-->GET--->products
12/6/2025, 9:17:50 pm — [INFO] — Kailas Nimbalkar-->GET--->products
12/6/2025, 9:17:50 pm — [INFO] — Kailas Nimbalkar-->GET--->products
12/6/2025, 9:19:26 pm — [INFO] — Kailas Nimbalkar-->GET--->products
12/6/2025, 9:35:18 pm — [INFO] — Kailas Nimbalkar-->POST--->products
12/6/2025, 9:40:57 pm — [INFO] — Kailas Nimbalkar-->POST--->products
12/6/2025, 9:43:34 pm — [INFO] — Kailas Nimbalkar-->GET--->products
12/6/2025, 9:43:34 pm — [INFO] — Kailas Nimbalkar-->GET--->products
12/6/2025, 9:53:52 pm — [INFO] — Kailas Nimbalkar-->GET--->products
12/6/2025, 9:53:52 pm — [INFO] — Kailas Nimbalkar-->GET--->products
12/6/2025, 9:55:27 pm — [INFO] — Kailas Nimbalkar-->GET--->enquiries
12/6/2025, 9:55:27 pm — [INFO] — Kailas Nimbalkar-->GET--->enquiries
12/6/2025, 9:55:27 pm — [INFO] — Kailas Nimbalkar-->GET--->products
12/6/2025, 9:55:27 pm — [INFO] — Kailas Nimbalkar-->GET--->products
12/6/2025, 9:55:29 pm — [INFO] — Kailas Nimbalkar-->GET--->products
12/6/2025, 9:55:29 pm — [INFO] — Kailas Nimbalkar-->GET--->products
