13/6/2025, 2:25:02 pm — [INFO] — Kailas Nimbalkar-->GET--->products
13/6/2025, 2:25:02 pm — [INFO] — Kailas Nimbalkar-->GET--->products
13/6/2025, 2:25:28 pm — [INFO] — Kailas Nimbalkar-->GET--->enquiries
13/6/2025, 2:25:28 pm — [INFO] — Kailas Nimbalkar-->GET--->enquiries
13/6/2025, 2:25:28 pm — [INFO] — Kailas Nimbalkar-->GET--->products
13/6/2025, 2:25:28 pm — [INFO] — Kailas Nimbalkar-->GET--->products
13/6/2025, 2:25:35 pm — [INFO] — Kailas Nimbalkar-->GET--->enquiries
13/6/2025, 2:25:35 pm — [INFO] — Kailas Nimbalkar-->GET--->enquiries
13/6/2025, 2:25:47 pm — [INFO] — Kailas Nimbalkar-->POST--->enquiries
13/6/2025, 2:27:54 pm — [INFO] — Kailas Nimbalkar-->GET--->products
13/6/2025, 2:27:56 pm — [INFO] — Kailas Nimbalkar-->GET--->products
13/6/2025, 2:27:57 pm — [INFO] — Kailas Nimbalkar-->GET--->enquiries
13/6/2025, 2:27:58 pm — [INFO] — Kailas Nimbalkar-->GET--->enquiries
13/6/2025, 2:27:58 pm — [INFO] — Kailas Nimbalkar-->GET--->products
13/6/2025, 2:27:58 pm — [INFO] — Kailas Nimbalkar-->GET--->products
13/6/2025, 2:30:12 pm — [INFO] — Kailas Nimbalkar-->GET--->products
13/6/2025, 2:30:12 pm — [INFO] — Kailas Nimbalkar-->GET--->products
13/6/2025, 2:38:32 pm — [INFO] — Kailas Nimbalkar-->GET--->enquiries
13/6/2025, 2:38:32 pm — [INFO] — Kailas Nimbalkar-->GET--->enquiries
13/6/2025, 2:38:39 pm — [INFO] — Kailas Nimbalkar-->GET--->users
13/6/2025, 2:38:39 pm — [INFO] — Kailas Nimbalkar-->GET--->users
13/6/2025, 2:38:39 pm — [INFO] — Kailas Nimbalkar-->GET--->roles
13/6/2025, 2:38:39 pm — [INFO] — Kailas Nimbalkar-->GET--->roles
13/6/2025, 2:38:40 pm — [INFO] — Kailas Nimbalkar-->GET--->roles
13/6/2025, 2:38:40 pm — [INFO] — Kailas Nimbalkar-->GET--->roles
13/6/2025, 2:38:43 pm — [INFO] — Kailas Nimbalkar-->GET--->products
13/6/2025, 2:38:43 pm — [INFO] — Kailas Nimbalkar-->GET--->products
13/6/2025, 2:54:15 pm — [INFO] — Kailas Nimbalkar-->GET--->enquiries
13/6/2025, 2:54:15 pm — [INFO] — Kailas Nimbalkar-->GET--->enquiries
13/6/2025, 2:54:15 pm — [INFO] — Kailas Nimbalkar-->GET--->products
13/6/2025, 2:54:16 pm — [INFO] — Kailas Nimbalkar-->GET--->products
13/6/2025, 2:54:17 pm — [INFO] — Kailas Nimbalkar-->GET--->products
13/6/2025, 2:54:17 pm — [INFO] — Kailas Nimbalkar-->GET--->products
13/6/2025, 3:10:37 pm — [INFO] — Kailas Nimbalkar-->GET--->products
13/6/2025, 3:10:37 pm — [INFO] — Kailas Nimbalkar-->GET--->products
13/6/2025, 3:20:26 pm — [INFO] — Kailas Nimbalkar-->GET--->enquiries
13/6/2025, 3:20:26 pm — [INFO] — Kailas Nimbalkar-->GET--->enquiries
13/6/2025, 3:52:56 pm — [INFO] — Kailas Nimbalkar-->GET--->products
13/6/2025, 3:52:56 pm — [INFO] — Kailas Nimbalkar-->GET--->products
13/6/2025, 3:53:09 pm — [INFO] — Kailas Nimbalkar-->GET--->products
13/6/2025, 3:53:09 pm — [INFO] — Kailas Nimbalkar-->GET--->products
13/6/2025, 3:55:36 pm — [INFO] — Kailas Nimbalkar-->GET--->enquiries
13/6/2025, 3:55:36 pm — [INFO] — Kailas Nimbalkar-->GET--->enquiries
13/6/2025, 3:55:36 pm — [INFO] — Kailas Nimbalkar-->GET--->products
13/6/2025, 3:55:36 pm — [INFO] — Kailas Nimbalkar-->GET--->products
13/6/2025, 3:55:38 pm — [INFO] — Kailas Nimbalkar-->GET--->products
13/6/2025, 3:55:38 pm — [INFO] — Kailas Nimbalkar-->GET--->products
13/6/2025, 3:55:47 pm — [INFO] — Kailas Nimbalkar-->GET--->enquiries
13/6/2025, 3:55:47 pm — [INFO] — Kailas Nimbalkar-->GET--->enquiries
13/6/2025, 3:55:47 pm — [INFO] — Kailas Nimbalkar-->GET--->products
13/6/2025, 3:55:47 pm — [INFO] — Kailas Nimbalkar-->GET--->products
13/6/2025, 3:55:48 pm — [INFO] — Kailas Nimbalkar-->GET--->products
13/6/2025, 3:55:48 pm — [INFO] — Kailas Nimbalkar-->GET--->products
13/6/2025, 4:14:49 pm — [INFO] — Kailas Nimbalkar-->GET--->products
13/6/2025, 4:14:49 pm — [INFO] — Kailas Nimbalkar-->GET--->products
13/6/2025, 4:14:50 pm — [INFO] — Kailas Nimbalkar-->GET--->enquiries
13/6/2025, 4:14:50 pm — [INFO] — Kailas Nimbalkar-->GET--->enquiries
13/6/2025, 4:14:50 pm — [INFO] — Kailas Nimbalkar-->GET--->products
13/6/2025, 4:14:50 pm — [INFO] — Kailas Nimbalkar-->GET--->products
13/6/2025, 4:14:52 pm — [INFO] — Kailas Nimbalkar-->GET--->products
13/6/2025, 4:14:52 pm — [INFO] — Kailas Nimbalkar-->GET--->products
13/6/2025, 5:22:44 pm — [INFO] — Kailas Nimbalkar-->GET--->products
13/6/2025, 5:22:44 pm — [INFO] — Kailas Nimbalkar-->GET--->products
13/6/2025, 5:52:32 pm — [INFO] — Kailas Nimbalkar-->GET--->products
13/6/2025, 5:52:32 pm — [INFO] — Kailas Nimbalkar-->GET--->products
13/6/2025, 6:27:23 pm — [INFO] — Kailas Nimbalkar-->GET--->products
13/6/2025, 6:27:23 pm — [INFO] — Kailas Nimbalkar-->GET--->products
13/6/2025, 7:00:06 pm — [INFO] — Kailas Nimbalkar-->GET--->products
13/6/2025, 7:00:06 pm — [INFO] — Kailas Nimbalkar-->GET--->products
13/6/2025, 7:05:54 pm — [INFO] — Kailas Nimbalkar-->GET--->products
13/6/2025, 7:05:54 pm — [INFO] — Kailas Nimbalkar-->GET--->products
13/6/2025, 7:06:29 pm — [INFO] — Kailas Nimbalkar-->GET--->products
13/6/2025, 7:06:29 pm — [INFO] — Kailas Nimbalkar-->GET--->products
13/6/2025, 7:07:41 pm — [INFO] — Kailas Nimbalkar-->GET--->products
13/6/2025, 7:07:41 pm — [INFO] — Kailas Nimbalkar-->GET--->products
13/6/2025, 7:40:51 pm — [INFO] — Kailas Nimbalkar-->GET--->products
13/6/2025, 7:40:51 pm — [INFO] — Kailas Nimbalkar-->GET--->products
13/6/2025, 7:42:05 pm — [INFO] — Kailas Nimbalkar-->GET--->products
13/6/2025, 7:42:05 pm — [INFO] — Kailas Nimbalkar-->GET--->products
13/6/2025, 7:43:17 pm — [INFO] — Kailas Nimbalkar-->GET--->enquiries
13/6/2025, 7:43:17 pm — [INFO] — Kailas Nimbalkar-->GET--->enquiries
13/6/2025, 7:43:17 pm — [INFO] — Kailas Nimbalkar-->GET--->products
13/6/2025, 7:43:17 pm — [INFO] — Kailas Nimbalkar-->GET--->products
13/6/2025, 7:43:18 pm — [INFO] — Kailas Nimbalkar-->GET--->products
13/6/2025, 7:43:18 pm — [INFO] — Kailas Nimbalkar-->GET--->products
13/6/2025, 7:44:55 pm — [INFO] — Kailas Nimbalkar-->GET--->enquiries
13/6/2025, 7:44:55 pm — [INFO] — Kailas Nimbalkar-->GET--->enquiries
13/6/2025, 7:44:55 pm — [INFO] — Kailas Nimbalkar-->GET--->products
13/6/2025, 7:44:55 pm — [INFO] — Kailas Nimbalkar-->GET--->products
13/6/2025, 7:44:56 pm — [INFO] — Kailas Nimbalkar-->GET--->products
13/6/2025, 7:44:56 pm — [INFO] — Kailas Nimbalkar-->GET--->products
13/6/2025, 7:46:33 pm — [INFO] — Kailas Nimbalkar-->GET--->enquiries
13/6/2025, 7:46:33 pm — [INFO] — Kailas Nimbalkar-->GET--->enquiries
13/6/2025, 7:46:34 pm — [INFO] — Kailas Nimbalkar-->GET--->products
13/6/2025, 7:46:34 pm — [INFO] — Kailas Nimbalkar-->GET--->products
13/6/2025, 7:46:34 pm — [INFO] — Kailas Nimbalkar-->GET--->products
13/6/2025, 7:46:34 pm — [INFO] — Kailas Nimbalkar-->GET--->products
13/6/2025, 7:47:15 pm — [INFO] — Kailas Nimbalkar-->GET--->enquiries
13/6/2025, 7:47:15 pm — [INFO] — Kailas Nimbalkar-->GET--->enquiries
13/6/2025, 7:47:15 pm — [INFO] — Kailas Nimbalkar-->GET--->products
13/6/2025, 7:47:15 pm — [INFO] — Kailas Nimbalkar-->GET--->products
13/6/2025, 7:47:16 pm — [INFO] — Kailas Nimbalkar-->GET--->products
13/6/2025, 7:47:16 pm — [INFO] — Kailas Nimbalkar-->GET--->products
13/6/2025, 7:48:13 pm — [INFO] — Kailas Nimbalkar-->GET--->enquiries
13/6/2025, 7:48:13 pm — [INFO] — Kailas Nimbalkar-->GET--->enquiries
13/6/2025, 7:48:13 pm — [INFO] — Kailas Nimbalkar-->GET--->products
13/6/2025, 7:48:13 pm — [INFO] — Kailas Nimbalkar-->GET--->products
13/6/2025, 7:48:14 pm — [INFO] — Kailas Nimbalkar-->GET--->products
13/6/2025, 7:48:14 pm — [INFO] — Kailas Nimbalkar-->GET--->products
13/6/2025, 7:54:56 pm — [INFO] — Kailas Nimbalkar-->GET--->enquiries
13/6/2025, 7:54:56 pm — [INFO] — Kailas Nimbalkar-->GET--->enquiries
13/6/2025, 7:54:56 pm — [INFO] — Kailas Nimbalkar-->GET--->products
13/6/2025, 7:54:56 pm — [INFO] — Kailas Nimbalkar-->GET--->products
13/6/2025, 7:54:56 pm — [INFO] — Kailas Nimbalkar-->GET--->products
13/6/2025, 7:54:56 pm — [INFO] — Kailas Nimbalkar-->GET--->products
13/6/2025, 7:56:19 pm — [INFO] — Kailas Nimbalkar-->GET--->enquiries
13/6/2025, 7:56:19 pm — [INFO] — Kailas Nimbalkar-->GET--->enquiries
13/6/2025, 7:56:19 pm — [INFO] — Kailas Nimbalkar-->GET--->products
13/6/2025, 7:56:19 pm — [INFO] — Kailas Nimbalkar-->GET--->products
13/6/2025, 7:56:20 pm — [INFO] — Kailas Nimbalkar-->GET--->products
13/6/2025, 7:56:20 pm — [INFO] — Kailas Nimbalkar-->GET--->products
13/6/2025, 7:59:14 pm — [INFO] — Kailas Nimbalkar-->GET--->products
13/6/2025, 7:59:14 pm — [INFO] — Kailas Nimbalkar-->GET--->products
