19/5/2025, 2:47:03 pm — [INFO] — Rajesh Jain-->GET--->users
19/5/2025, 2:47:03 pm — [INFO] — Rajesh Jain-->GET--->users
19/5/2025, 2:47:04 pm — [INFO] — Rajesh Jain-->GET--->roles
19/5/2025, 2:47:04 pm — [INFO] — Rajesh Jain-->GET--->roles
19/5/2025, 2:47:10 pm — [INFO] — Rajesh Jain-->GET--->roles
19/5/2025, 2:47:10 pm — [INFO] — Rajesh Jain-->GET--->roles
19/5/2025, 2:47:17 pm — [INFO] — Rajesh Jain-->GET--->products
19/5/2025, 2:47:17 pm — [INFO] — Rajesh Jain-->GET--->products
19/5/2025, 2:47:20 pm — [INFO] — Rajesh Jain-->GET--->customers
19/5/2025, 2:47:20 pm — [INFO] — Rajesh Jain-->GET--->customers
19/5/2025, 3:02:11 pm — [INFO] — Rajesh Jain-->GET--->products
19/5/2025, 3:02:11 pm — [INFO] — Rajesh Jain-->GET--->products
19/5/2025, 3:23:21 pm — [INFO] — Rajesh Jain-->GET--->products
19/5/2025, 3:23:21 pm — [INFO] — Rajesh Jain-->GET--->products
19/5/2025, 3:28:10 pm — [INFO] — Rajesh Jain-->GET--->products
19/5/2025, 3:28:10 pm — [INFO] — Rajesh Jain-->GET--->products
19/5/2025, 3:30:25 pm — [INFO] — Rajesh Jain-->GET--->customers
19/5/2025, 3:30:26 pm — [INFO] — Rajesh Jain-->GET--->customers
19/5/2025, 3:30:30 pm — [INFO] — Rajesh Jain-->GET--->products
19/5/2025, 3:30:30 pm — [INFO] — Rajesh Jain-->GET--->products
19/5/2025, 3:30:56 pm — [INFO] — Rajesh Jain-->GET--->customers
19/5/2025, 3:30:56 pm — [INFO] — Rajesh Jain-->GET--->customers
19/5/2025, 3:31:24 pm — [INFO] — Rajesh Jain-->GET--->customers
19/5/2025, 3:31:24 pm — [INFO] — Rajesh Jain-->GET--->customers
19/5/2025, 3:31:50 pm — [INFO] — Rajesh Jain-->GET--->customers
19/5/2025, 3:31:50 pm — [INFO] — Rajesh Jain-->GET--->customers
19/5/2025, 3:32:28 pm — [INFO] — Rajesh Jain-->GET--->products
19/5/2025, 3:32:28 pm — [INFO] — Rajesh Jain-->GET--->products
19/5/2025, 3:32:57 pm — [INFO] — Rajesh Jain-->GET--->customers
19/5/2025, 3:32:57 pm — [INFO] — Rajesh Jain-->GET--->customers
19/5/2025, 3:35:04 pm — [INFO] — Rajesh Jain-->GET--->products
19/5/2025, 3:35:04 pm — [INFO] — Rajesh Jain-->GET--->products
19/5/2025, 3:36:05 pm — [INFO] — Rajesh Jain-->GET--->customers
19/5/2025, 3:36:05 pm — [INFO] — Rajesh Jain-->GET--->customers
19/5/2025, 3:45:23 pm — [INFO] — Rajesh Jain-->GET--->customers
19/5/2025, 3:45:23 pm — [INFO] — Rajesh Jain-->GET--->customers
19/5/2025, 3:45:30 pm — [INFO] — Rajesh Jain-->GET--->products
19/5/2025, 3:45:30 pm — [INFO] — Rajesh Jain-->GET--->products
19/5/2025, 3:45:47 pm — [INFO] — Rajesh Jain-->GET--->customers
19/5/2025, 3:45:47 pm — [INFO] — Rajesh Jain-->GET--->customers
19/5/2025, 3:45:53 pm — [INFO] — Rajesh Jain-->GET--->products
19/5/2025, 3:45:53 pm — [INFO] — Rajesh Jain-->GET--->products
19/5/2025, 3:46:06 pm — [INFO] — Rajesh Jain-->GET--->products
19/5/2025, 3:46:06 pm — [INFO] — Rajesh Jain-->GET--->products
19/5/2025, 3:46:07 pm — [INFO] — Rajesh Jain-->GET--->customers
19/5/2025, 3:46:07 pm — [INFO] — Rajesh Jain-->GET--->customers
19/5/2025, 3:46:14 pm — [INFO] — Rajesh Jain-->GET--->customers
19/5/2025, 3:46:14 pm — [INFO] — Rajesh Jain-->GET--->customers
19/5/2025, 3:47:07 pm — [WARN] — Unauthorized operation -->GET--->products
19/5/2025, 3:47:07 pm — [WARN] — Unauthorized operation -->GET--->products
19/5/2025, 3:47:08 pm — [WARN] — Unauthorized operation -->GET--->customers
19/5/2025, 3:47:08 pm — [WARN] — Unauthorized operation -->GET--->customers
19/5/2025, 3:47:13 pm — [WARN] — Unauthorized operation -->GET--->products
19/5/2025, 3:47:13 pm — [WARN] — Unauthorized operation -->GET--->products
19/5/2025, 3:47:27 pm — [WARN] — Unauthorized operation -->GET--->customers
19/5/2025, 3:47:27 pm — [WARN] — Unauthorized operation -->GET--->customers
19/5/2025, 3:47:59 pm — [WARN] — Unauthorized operation -->GET--->products
19/5/2025, 3:47:59 pm — [WARN] — Unauthorized operation -->GET--->products
19/5/2025, 3:51:46 pm — [WARN] — Unauthorized operation -->GET--->customers
19/5/2025, 3:51:46 pm — [WARN] — Unauthorized operation -->GET--->customers
19/5/2025, 3:52:15 pm — [INFO] — Rajesh Jain-->GET--->customers
19/5/2025, 3:52:15 pm — [INFO] — Rajesh Jain-->GET--->customers
19/5/2025, 3:52:18 pm — [INFO] — Rajesh Jain-->GET--->products
19/5/2025, 3:52:18 pm — [INFO] — Rajesh Jain-->GET--->products
19/5/2025, 3:52:20 pm — [INFO] — Rajesh Jain-->GET--->customers
19/5/2025, 3:52:20 pm — [INFO] — Rajesh Jain-->GET--->customers
19/5/2025, 3:55:37 pm — [INFO] — Rajesh Jain-->GET--->customers
19/5/2025, 3:55:37 pm — [INFO] — Rajesh Jain-->GET--->customers
19/5/2025, 3:56:30 pm — [INFO] — Rajesh Jain-->GET--->products
19/5/2025, 3:56:30 pm — [INFO] — Rajesh Jain-->GET--->products
19/5/2025, 3:56:31 pm — [INFO] — Rajesh Jain-->GET--->customers
19/5/2025, 3:56:31 pm — [INFO] — Rajesh Jain-->GET--->customers
19/5/2025, 3:56:46 pm — [INFO] — Rajesh Jain-->GET--->users
19/5/2025, 3:56:46 pm — [INFO] — Rajesh Jain-->GET--->users
19/5/2025, 3:56:46 pm — [INFO] — Rajesh Jain-->GET--->roles
19/5/2025, 3:56:46 pm — [INFO] — Rajesh Jain-->GET--->roles
19/5/2025, 3:56:48 pm — [INFO] — Rajesh Jain-->GET--->roles
19/5/2025, 3:56:48 pm — [INFO] — Rajesh Jain-->GET--->roles
19/5/2025, 3:56:49 pm — [INFO] — Rajesh Jain-->GET--->users
19/5/2025, 3:56:49 pm — [INFO] — Rajesh Jain-->GET--->users
19/5/2025, 3:56:49 pm — [INFO] — Rajesh Jain-->GET--->roles
19/5/2025, 3:56:49 pm — [INFO] — Rajesh Jain-->GET--->roles
19/5/2025, 3:56:50 pm — [INFO] — Rajesh Jain-->GET--->roles
19/5/2025, 3:56:50 pm — [INFO] — Rajesh Jain-->GET--->roles
19/5/2025, 3:56:58 pm — [INFO] — Rajesh Jain-->GET--->users
19/5/2025, 3:56:58 pm — [INFO] — Rajesh Jain-->GET--->users
19/5/2025, 3:56:58 pm — [INFO] — Rajesh Jain-->GET--->roles
19/5/2025, 3:56:58 pm — [INFO] — Rajesh Jain-->GET--->roles
19/5/2025, 3:56:59 pm — [INFO] — Rajesh Jain-->GET--->roles
19/5/2025, 3:56:59 pm — [INFO] — Rajesh Jain-->GET--->roles
19/5/2025, 3:58:13 pm — [INFO] — Rajesh Jain-->GET--->products
19/5/2025, 3:58:13 pm — [INFO] — Rajesh Jain-->GET--->products
19/5/2025, 7:06:05 pm — [WARN] — Unauthorized operation -->GET--->customers
19/5/2025, 7:06:05 pm — [WARN] — Unauthorized operation -->GET--->customers
19/5/2025, 7:12:43 pm — [INFO] — Rajesh Jain-->GET--->users
19/5/2025, 7:12:43 pm — [INFO] — Rajesh Jain-->GET--->users
19/5/2025, 7:12:43 pm — [INFO] — Rajesh Jain-->GET--->roles
19/5/2025, 7:12:43 pm — [INFO] — Rajesh Jain-->GET--->roles
19/5/2025, 7:12:44 pm — [INFO] — Rajesh Jain-->GET--->roles
19/5/2025, 7:12:45 pm — [INFO] — Rajesh Jain-->GET--->roles
19/5/2025, 7:12:48 pm — [INFO] — Rajesh Jain-->GET--->customers
19/5/2025, 7:12:48 pm — [INFO] — Rajesh Jain-->GET--->customers
19/5/2025, 7:12:52 pm — [INFO] — Rajesh Jain-->GET--->products
19/5/2025, 7:12:52 pm — [INFO] — Rajesh Jain-->GET--->products
19/5/2025, 7:12:54 pm — [INFO] — Rajesh Jain-->GET--->customers
19/5/2025, 7:12:54 pm — [INFO] — Rajesh Jain-->GET--->customers
19/5/2025, 9:13:57 pm — [WARN] — Forbidden operation -->GET--->customers
19/5/2025, 9:13:57 pm — [WARN] — Forbidden operation -->GET--->customers
19/5/2025, 9:15:40 pm — [INFO] — Rajesh Jain-->GET--->customers
19/5/2025, 9:15:40 pm — [INFO] — Rajesh Jain-->GET--->customers
19/5/2025, 9:15:42 pm — [INFO] — Rajesh Jain-->GET--->products
19/5/2025, 9:15:42 pm — [INFO] — Rajesh Jain-->GET--->products
19/5/2025, 9:15:46 pm — [INFO] — Rajesh Jain-->GET--->customers
19/5/2025, 9:15:46 pm — [INFO] — Rajesh Jain-->GET--->customers
