9/6/2025, 1:24:57 pm — [INFO] — Kailas Nimbalkar-->GET--->products
9/6/2025, 1:24:57 pm — [INFO] — Kailas Nimbalkar-->GET--->products
9/6/2025, 1:25:30 pm — [INFO] — Kailas Nimbalkar-->PUT--->products
9/6/2025, 1:26:17 pm — [INFO] — Kailas Nimbalkar-->GET--->products
9/6/2025, 1:26:17 pm — [INFO] — Kailas Nimbalkar-->GET--->products
9/6/2025, 1:29:38 pm — [INFO] — Kailas Nimbalkar-->GET--->products
9/6/2025, 1:29:38 pm — [INFO] — Kailas Nimbalkar-->GET--->products
9/6/2025, 1:35:42 pm — [INFO] — Kailas Nimbalkar-->GET--->products
9/6/2025, 1:35:42 pm — [INFO] — Kailas Nimbalkar-->GET--->products
9/6/2025, 1:35:53 pm — [INFO] — Kailas Nimbalkar-->PUT--->products
9/6/2025, 1:37:20 pm — [INFO] — Kailas Nimbalkar-->GET--->products
9/6/2025, 1:37:20 pm — [INFO] — Kailas Nimbalkar-->GET--->products
9/6/2025, 1:38:45 pm — [INFO] — Kailas Nimbalkar-->GET--->products
9/6/2025, 1:38:45 pm — [INFO] — Kailas Nimbalkar-->GET--->products
9/6/2025, 1:40:44 pm — [INFO] — Kailas Nimbalkar-->GET--->products
9/6/2025, 1:40:44 pm — [INFO] — Kailas Nimbalkar-->GET--->products
9/6/2025, 1:43:24 pm — [INFO] — Kailas Nimbalkar-->GET--->products
9/6/2025, 1:43:24 pm — [INFO] — Kailas Nimbalkar-->GET--->products
9/6/2025, 1:46:57 pm — [INFO] — Kailas Nimbalkar-->GET--->products
9/6/2025, 1:46:57 pm — [INFO] — Kailas Nimbalkar-->GET--->products
9/6/2025, 1:47:19 pm — [ERROR] — guest encountered error during GET /products — read ECONNRESET
9/6/2025, 1:47:19 pm — [ERROR] — guest encountered error during GET /products — read ECONNRESET
9/6/2025, 1:49:54 pm — [INFO] — Kailas Nimbalkar-->GET--->products
9/6/2025, 1:49:54 pm — [INFO] — Kailas Nimbalkar-->GET--->products
9/6/2025, 1:53:24 pm — [INFO] — Kailas Nimbalkar-->GET--->products
9/6/2025, 1:53:24 pm — [INFO] — Kailas Nimbalkar-->GET--->products
9/6/2025, 1:55:56 pm — [INFO] — Kailas Nimbalkar-->GET--->products
9/6/2025, 1:55:56 pm — [INFO] — Kailas Nimbalkar-->GET--->products
9/6/2025, 2:08:01 pm — [INFO] — Kailas Nimbalkar-->GET--->products
9/6/2025, 2:08:01 pm — [INFO] — Kailas Nimbalkar-->GET--->products
9/6/2025, 2:08:20 pm — [INFO] — Kailas Nimbalkar-->PUT--->products
9/6/2025, 2:08:45 pm — [INFO] — Kailas Nimbalkar-->PUT--->products
9/6/2025, 2:08:45 pm — [ERROR] — guest encountered error during PUT /products — Unexpected field
9/6/2025, 2:09:22 pm — [INFO] — Kailas Nimbalkar-->PUT--->products
9/6/2025, 2:09:22 pm — [ERROR] — guest encountered error during PUT /products — Unexpected field
9/6/2025, 2:40:29 pm — [INFO] — Kailas Nimbalkar-->GET--->products
9/6/2025, 2:40:29 pm — [INFO] — Kailas Nimbalkar-->GET--->products
9/6/2025, 2:40:42 pm — [INFO] — Kailas Nimbalkar-->PUT--->products
9/6/2025, 2:40:42 pm — [ERROR] — guest encountered error during PUT /products — Unexpected field
9/6/2025, 2:40:52 pm — [INFO] — Kailas Nimbalkar-->PUT--->products
9/6/2025, 2:42:03 pm — [INFO] — Kailas Nimbalkar-->PUT--->products
9/6/2025, 2:42:03 pm — [ERROR] — guest encountered error during PUT /products — Unexpected field
9/6/2025, 2:42:41 pm — [INFO] — Kailas Nimbalkar-->GET--->products
9/6/2025, 2:42:41 pm — [INFO] — Kailas Nimbalkar-->GET--->products
9/6/2025, 2:45:26 pm — [INFO] — Kailas Nimbalkar-->GET--->products
9/6/2025, 2:45:26 pm — [INFO] — Kailas Nimbalkar-->GET--->products
9/6/2025, 2:45:47 pm — [INFO] — Kailas Nimbalkar-->PUT--->products
9/6/2025, 2:45:47 pm — [ERROR] — guest encountered error during PUT /products — Unexpected field
9/6/2025, 2:47:08 pm — [INFO] — Kailas Nimbalkar-->GET--->products
9/6/2025, 2:47:08 pm — [INFO] — Kailas Nimbalkar-->GET--->products
9/6/2025, 2:47:22 pm — [INFO] — Kailas Nimbalkar-->PUT--->products
9/6/2025, 2:47:22 pm — [ERROR] — guest encountered error during PUT /products — Unexpected field
9/6/2025, 2:48:56 pm — [INFO] — Kailas Nimbalkar-->GET--->products
9/6/2025, 2:48:56 pm — [INFO] — Kailas Nimbalkar-->GET--->products
9/6/2025, 2:49:28 pm — [INFO] — Kailas Nimbalkar-->PUT--->products
9/6/2025, 2:59:12 pm — [INFO] — Kailas Nimbalkar-->PUT--->products
9/6/2025, 2:59:42 pm — [INFO] — Kailas Nimbalkar-->PUT--->products
9/6/2025, 3:29:29 pm — [INFO] — Kailas Nimbalkar-->GET--->products
9/6/2025, 3:29:29 pm — [INFO] — Kailas Nimbalkar-->GET--->products
9/6/2025, 3:29:58 pm — [INFO] — Kailas Nimbalkar-->PUT--->products
9/6/2025, 3:32:38 pm — [INFO] — Kailas Nimbalkar-->PUT--->products
9/6/2025, 3:33:39 pm — [INFO] — Kailas Nimbalkar-->PUT--->products
9/6/2025, 3:48:11 pm — [INFO] — Kailas Nimbalkar-->GET--->products
9/6/2025, 3:48:12 pm — [INFO] — Kailas Nimbalkar-->GET--->products
9/6/2025, 3:48:27 pm — [INFO] — Kailas Nimbalkar-->PUT--->products
9/6/2025, 3:49:36 pm — [INFO] — Kailas Nimbalkar-->PUT--->products
9/6/2025, 3:50:50 pm — [INFO] — Kailas Nimbalkar-->PUT--->products
9/6/2025, 4:27:23 pm — [INFO] — Kailas Nimbalkar-->GET--->products
9/6/2025, 4:27:23 pm — [INFO] — Kailas Nimbalkar-->GET--->products
9/6/2025, 4:27:48 pm — [INFO] — Kailas Nimbalkar-->PUT--->products
9/6/2025, 4:29:11 pm — [INFO] — Kailas Nimbalkar-->GET--->customers
9/6/2025, 4:29:11 pm — [INFO] — Kailas Nimbalkar-->GET--->customers
9/6/2025, 4:29:18 pm — [INFO] — Kailas Nimbalkar-->GET--->products
9/6/2025, 4:29:18 pm — [INFO] — Kailas Nimbalkar-->GET--->products
9/6/2025, 4:38:16 pm — [INFO] — Kailas Nimbalkar-->GET--->customers
9/6/2025, 4:38:16 pm — [INFO] — Kailas Nimbalkar-->GET--->customers
9/6/2025, 4:38:17 pm — [INFO] — Kailas Nimbalkar-->GET--->quotations
9/6/2025, 4:38:17 pm — [ERROR] — guest encountered error during GET /quotations — QuotationService.getAllQuotations is not a function
9/6/2025, 4:38:17 pm — [INFO] — Kailas Nimbalkar-->GET--->quotations
9/6/2025, 4:38:17 pm — [ERROR] — guest encountered error during GET /quotations — QuotationService.getAllQuotations is not a function
9/6/2025, 4:39:09 pm — [INFO] — Kailas Nimbalkar-->GET--->products
9/6/2025, 4:39:09 pm — [INFO] — Kailas Nimbalkar-->GET--->products
9/6/2025, 4:39:10 pm — [INFO] — Kailas Nimbalkar-->GET--->quotations
9/6/2025, 4:39:10 pm — [INFO] — Kailas Nimbalkar-->GET--->quotations
9/6/2025, 4:41:02 pm — [INFO] — Kailas Nimbalkar-->GET--->products
9/6/2025, 4:41:02 pm — [INFO] — Kailas Nimbalkar-->GET--->products
9/6/2025, 4:41:03 pm — [INFO] — Kailas Nimbalkar-->GET--->quotations
9/6/2025, 4:41:03 pm — [INFO] — Kailas Nimbalkar-->GET--->quotations
9/6/2025, 4:43:26 pm — [INFO] — Kailas Nimbalkar-->GET--->products
9/6/2025, 4:43:26 pm — [INFO] — Kailas Nimbalkar-->GET--->products
9/6/2025, 4:43:27 pm — [INFO] — Kailas Nimbalkar-->GET--->quotations
9/6/2025, 4:43:27 pm — [INFO] — Kailas Nimbalkar-->GET--->quotations
9/6/2025, 4:54:59 pm — [INFO] — Kailas Nimbalkar-->GET--->quotations
9/6/2025, 4:54:59 pm — [INFO] — Kailas Nimbalkar-->GET--->quotations
9/6/2025, 4:59:20 pm — [INFO] — Kailas Nimbalkar-->GET--->quotations
9/6/2025, 4:59:20 pm — [INFO] — Kailas Nimbalkar-->GET--->quotations
9/6/2025, 5:00:09 pm — [INFO] — Kailas Nimbalkar-->GET--->quotations
9/6/2025, 5:00:09 pm — [INFO] — Kailas Nimbalkar-->GET--->quotations
9/6/2025, 5:04:13 pm — [INFO] — Kailas Nimbalkar-->GET--->products
9/6/2025, 5:04:14 pm — [INFO] — Kailas Nimbalkar-->GET--->products
9/6/2025, 5:04:16 pm — [INFO] — Kailas Nimbalkar-->GET--->quotations
9/6/2025, 5:04:16 pm — [INFO] — Kailas Nimbalkar-->GET--->quotations
9/6/2025, 5:05:29 pm — [INFO] — Kailas Nimbalkar-->POST--->quotations
9/6/2025, 6:08:04 pm — [INFO] — Kailas Nimbalkar-->GET--->quotations
9/6/2025, 6:08:04 pm — [INFO] — Kailas Nimbalkar-->GET--->quotations
9/6/2025, 6:08:25 pm — [INFO] — Kailas Nimbalkar-->PUT--->quotations
