5/6/2025, 9:26:59 am — [INFO] — Kailas Nimbalkar-->GET--->products
5/6/2025, 9:26:59 am — [INFO] — Kailas Nimbalkar-->GET--->products
5/6/2025, 9:27:00 am — [INFO] — Kailas Nimbalkar-->GET--->customers
5/6/2025, 9:27:00 am — [INFO] — Kailas Nimbalkar-->GET--->customers
5/6/2025, 9:27:43 am — [INFO] — Kailas Nimbalkar-->GET--->products
5/6/2025, 9:27:43 am — [INFO] — Kailas Nimbalkar-->GET--->products
5/6/2025, 9:29:58 am — [INFO] — Kailas Nimbalkar-->GET--->products
5/6/2025, 9:29:58 am — [INFO] — Kailas Nimbalkar-->GET--->products
5/6/2025, 9:33:27 am — [INFO] — Kailas Nimbalkar-->GET--->products
5/6/2025, 9:33:27 am — [INFO] — Kailas Nimbalkar-->GET--->products
5/6/2025, 9:44:18 am — [INFO] — Kailas Nimbalkar-->POST--->products
5/6/2025, 10:15:57 am — [WARN] — Unauthorized operation -->GET--->products
5/6/2025, 10:15:57 am — [WARN] — Unauthorized operation -->GET--->products
5/6/2025, 10:16:18 am — [WARN] — Unauthorized operation -->GET--->customers
5/6/2025, 10:16:18 am — [WARN] — Unauthorized operation -->GET--->customers
5/6/2025, 10:16:20 am — [WARN] — Unauthorized operation -->GET--->products
5/6/2025, 10:16:20 am — [WARN] — Unauthorized operation -->GET--->products
5/6/2025, 10:17:19 am — [WARN] — Unauthorized operation -->GET--->customers
5/6/2025, 10:17:19 am — [WARN] — Unauthorized operation -->GET--->customers
5/6/2025, 10:17:20 am — [WARN] — Unauthorized operation -->GET--->products
5/6/2025, 10:17:20 am — [WARN] — Unauthorized operation -->GET--->products
5/6/2025, 10:18:08 am — [INFO] — Kailas Nimbalkar-->GET--->products
5/6/2025, 10:18:08 am — [INFO] — Kailas Nimbalkar-->GET--->products
5/6/2025, 10:20:29 am — [INFO] — Kailas Nimbalkar-->GET--->customers
5/6/2025, 10:20:29 am — [INFO] — Kailas Nimbalkar-->GET--->customers
5/6/2025, 10:20:30 am — [INFO] — Kailas Nimbalkar-->GET--->products
5/6/2025, 10:20:30 am — [INFO] — Kailas Nimbalkar-->GET--->products
5/6/2025, 10:21:05 am — [INFO] — Kailas Nimbalkar-->POST--->products
5/6/2025, 10:23:01 am — [INFO] — Kailas Nimbalkar-->GET--->customers
5/6/2025, 10:23:02 am — [INFO] — Kailas Nimbalkar-->GET--->customers
5/6/2025, 10:23:02 am — [INFO] — Kailas Nimbalkar-->GET--->products
5/6/2025, 10:23:02 am — [INFO] — Kailas Nimbalkar-->GET--->products
5/6/2025, 10:36:26 am — [INFO] — Kailas Nimbalkar-->GET--->products
5/6/2025, 10:36:26 am — [INFO] — Kailas Nimbalkar-->GET--->products
5/6/2025, 11:17:52 am — [INFO] — Kailas Nimbalkar-->GET--->products
5/6/2025, 11:17:52 am — [INFO] — Kailas Nimbalkar-->GET--->products
5/6/2025, 11:18:39 am — [INFO] — Kailas Nimbalkar-->GET--->products
5/6/2025, 11:18:39 am — [INFO] — Kailas Nimbalkar-->GET--->products
5/6/2025, 11:21:08 am — [INFO] — Kailas Nimbalkar-->GET--->products
5/6/2025, 11:21:08 am — [INFO] — Kailas Nimbalkar-->GET--->products
5/6/2025, 11:21:34 am — [INFO] — Kailas Nimbalkar-->GET--->products
5/6/2025, 11:21:34 am — [INFO] — Kailas Nimbalkar-->GET--->products
5/6/2025, 11:23:53 am — [INFO] — Kailas Nimbalkar-->GET--->customers
5/6/2025, 11:23:53 am — [INFO] — Kailas Nimbalkar-->GET--->customers
5/6/2025, 11:23:54 am — [INFO] — Kailas Nimbalkar-->GET--->products
5/6/2025, 11:23:54 am — [INFO] — Kailas Nimbalkar-->GET--->products
5/6/2025, 11:28:46 am — [INFO] — Kailas Nimbalkar-->GET--->products
5/6/2025, 11:28:46 am — [INFO] — Kailas Nimbalkar-->GET--->products
5/6/2025, 11:46:20 am — [INFO] — Kailas Nimbalkar-->GET--->products
5/6/2025, 11:46:20 am — [INFO] — Kailas Nimbalkar-->GET--->products
5/6/2025, 11:47:06 am — [INFO] — Kailas Nimbalkar-->GET--->products
5/6/2025, 11:47:06 am — [INFO] — Kailas Nimbalkar-->GET--->products
5/6/2025, 12:11:40 pm — [INFO] — Kailas Nimbalkar-->GET--->products
5/6/2025, 12:11:40 pm — [INFO] — Kailas Nimbalkar-->GET--->products
5/6/2025, 12:23:53 pm — [INFO] — Kailas Nimbalkar-->GET--->products
5/6/2025, 12:23:53 pm — [INFO] — Kailas Nimbalkar-->GET--->products
5/6/2025, 12:27:49 pm — [INFO] — Kailas Nimbalkar-->GET--->customers
5/6/2025, 12:27:49 pm — [INFO] — Kailas Nimbalkar-->GET--->customers
5/6/2025, 12:27:50 pm — [INFO] — Kailas Nimbalkar-->GET--->products
5/6/2025, 12:27:50 pm — [INFO] — Kailas Nimbalkar-->GET--->products
5/6/2025, 12:27:55 pm — [INFO] — Kailas Nimbalkar-->GET--->products
5/6/2025, 12:27:55 pm — [INFO] — Kailas Nimbalkar-->GET--->products
5/6/2025, 12:34:41 pm — [INFO] — Kailas Nimbalkar-->GET--->products
5/6/2025, 12:34:41 pm — [INFO] — Kailas Nimbalkar-->GET--->products
5/6/2025, 12:39:49 pm — [INFO] — Kailas Nimbalkar-->GET--->products
5/6/2025, 12:39:49 pm — [INFO] — Kailas Nimbalkar-->GET--->products
5/6/2025, 12:43:36 pm — [INFO] — Kailas Nimbalkar-->GET--->products
5/6/2025, 12:43:36 pm — [INFO] — Kailas Nimbalkar-->GET--->products
5/6/2025, 12:44:49 pm — [INFO] — Kailas Nimbalkar-->GET--->products
5/6/2025, 12:44:49 pm — [INFO] — Kailas Nimbalkar-->GET--->products
5/6/2025, 12:46:23 pm — [INFO] — Kailas Nimbalkar-->POST--->products
5/6/2025, 12:46:23 pm — [ERROR] — guest encountered error during POST /products — Unexpected field
