20/6/2025, 12:44:39 pm — [INFO] — Kailas Nimbalkar-->GET--->products
20/6/2025, 12:44:39 pm — [INFO] — Kailas Nimbalkar-->GET--->products
20/6/2025, 1:06:03 pm — [INFO] — Kailas Nimbalkar-->GET--->enquiries
20/6/2025, 1:06:03 pm — [INFO] — Kailas Nimbalkar-->GET--->enquiries
20/6/2025, 1:06:03 pm — [INFO] — Kailas Nimbalkar-->GET--->products
20/6/2025, 1:06:03 pm — [INFO] — Kailas Nimbalkar-->GET--->products
20/6/2025, 1:06:03 pm — [INFO] — Kailas Nimbalkar-->GET--->products
20/6/2025, 1:06:03 pm — [INFO] — Kailas Nimbalkar-->GET--->products
20/6/2025, 1:08:05 pm — [INFO] — Kailas Nimbalkar-->GET--->products
20/6/2025, 1:08:05 pm — [INFO] — Kailas Nimbalkar-->GET--->products
20/6/2025, 1:08:16 pm — [INFO] — Kailas Nimbalkar-->DELETE--->products
20/6/2025, 1:08:20 pm — [INFO] — Kailas Nimbalkar-->DELETE--->products
20/6/2025, 1:08:22 pm — [INFO] — Kailas Nimbalkar-->DELETE--->products
20/6/2025, 1:08:25 pm — [INFO] — Kailas Nimbalkar-->DELETE--->products
20/6/2025, 1:08:27 pm — [INFO] — Kailas Nimbalkar-->DELETE--->products
20/6/2025, 1:08:30 pm — [INFO] — Kailas Nimbalkar-->DELETE--->products
20/6/2025, 1:08:32 pm — [INFO] — Kailas Nimbalkar-->DELETE--->products
20/6/2025, 1:08:39 pm — [INFO] — Kailas Nimbalkar-->GET--->enquiries
20/6/2025, 1:08:39 pm — [INFO] — Kailas Nimbalkar-->GET--->enquiries
20/6/2025, 1:08:39 pm — [INFO] — Kailas Nimbalkar-->GET--->products
20/6/2025, 1:08:39 pm — [INFO] — Kailas Nimbalkar-->GET--->products
20/6/2025, 1:08:50 pm — [INFO] — Kailas Nimbalkar-->GET--->enquiries
20/6/2025, 1:08:50 pm — [INFO] — Kailas Nimbalkar-->GET--->enquiries
20/6/2025, 1:08:50 pm — [INFO] — Kailas Nimbalkar-->GET--->products
20/6/2025, 1:08:50 pm — [INFO] — Kailas Nimbalkar-->GET--->products
20/6/2025, 1:12:57 pm — [INFO] — Kailas Nimbalkar-->DELETE--->enquiries
20/6/2025, 1:13:05 pm — [INFO] — Kailas Nimbalkar-->DELETE--->enquiries
20/6/2025, 1:13:07 pm — [INFO] — Kailas Nimbalkar-->DELETE--->enquiries
20/6/2025, 1:13:09 pm — [INFO] — Kailas Nimbalkar-->DELETE--->enquiries
20/6/2025, 1:13:11 pm — [INFO] — Kailas Nimbalkar-->DELETE--->enquiries
20/6/2025, 1:13:13 pm — [INFO] — Kailas Nimbalkar-->DELETE--->enquiries
20/6/2025, 1:13:16 pm — [INFO] — Kailas Nimbalkar-->DELETE--->enquiries
20/6/2025, 1:13:18 pm — [INFO] — Kailas Nimbalkar-->DELETE--->enquiries
20/6/2025, 1:18:05 pm — [INFO] — Kailas Nimbalkar-->GET--->enquiries
20/6/2025, 1:18:06 pm — [INFO] — Kailas Nimbalkar-->GET--->products
20/6/2025, 1:30:27 pm — [INFO] — Kailas Nimbalkar-->GET--->products
20/6/2025, 1:30:27 pm — [INFO] — Kailas Nimbalkar-->GET--->products
20/6/2025, 1:31:11 pm — [INFO] — Kailas Nimbalkar-->GET--->products
20/6/2025, 1:31:11 pm — [INFO] — Kailas Nimbalkar-->GET--->products
20/6/2025, 1:31:38 pm — [INFO] — Kailas Nimbalkar-->GET--->products
20/6/2025, 1:31:38 pm — [INFO] — Kailas Nimbalkar-->GET--->products
20/6/2025, 1:36:19 pm — [INFO] — Kailas Nimbalkar-->GET--->products
20/6/2025, 1:36:19 pm — [INFO] — Kailas Nimbalkar-->GET--->products
20/6/2025, 1:36:30 pm — [INFO] — Kailas Nimbalkar-->GET--->products
20/6/2025, 1:36:30 pm — [INFO] — Kailas Nimbalkar-->GET--->products
20/6/2025, 1:37:53 pm — [INFO] — Kailas Nimbalkar-->GET--->products
20/6/2025, 1:37:53 pm — [INFO] — Kailas Nimbalkar-->GET--->products
20/6/2025, 1:40:54 pm — [INFO] — Kailas Nimbalkar-->GET--->products
20/6/2025, 1:40:54 pm — [INFO] — Kailas Nimbalkar-->GET--->products
20/6/2025, 1:41:47 pm — [INFO] — Kailas Nimbalkar-->GET--->products
20/6/2025, 1:41:47 pm — [INFO] — Kailas Nimbalkar-->GET--->products
20/6/2025, 1:44:11 pm — [INFO] — Kailas Nimbalkar-->POST--->products
20/6/2025, 1:53:01 pm — [WARN] — Unauthorized operation -->DELETE--->products
20/6/2025, 1:53:20 pm — [INFO] — Kailas Nimbalkar-->GET--->products
20/6/2025, 1:53:20 pm — [INFO] — Kailas Nimbalkar-->GET--->products
20/6/2025, 1:53:23 pm — [INFO] — Kailas Nimbalkar-->DELETE--->products
20/6/2025, 1:54:48 pm — [INFO] — Kailas Nimbalkar-->POST--->products
20/6/2025, 1:54:58 pm — [INFO] — Kailas Nimbalkar-->DELETE--->products
20/6/2025, 2:17:28 pm — [INFO] — Kailas Nimbalkar-->GET--->enquiries
20/6/2025, 2:17:28 pm — [INFO] — Kailas Nimbalkar-->GET--->enquiries
20/6/2025, 2:17:28 pm — [INFO] — Kailas Nimbalkar-->GET--->products
20/6/2025, 2:17:30 pm — [INFO] — Kailas Nimbalkar-->GET--->products
20/6/2025, 2:17:33 pm — [INFO] — Kailas Nimbalkar-->GET--->products
20/6/2025, 2:17:33 pm — [INFO] — Kailas Nimbalkar-->GET--->products
20/6/2025, 2:17:35 pm — [INFO] — Kailas Nimbalkar-->GET--->products
20/6/2025, 2:17:36 pm — [INFO] — Kailas Nimbalkar-->GET--->products
20/6/2025, 2:18:38 pm — [INFO] — Kailas Nimbalkar-->POST--->products
20/6/2025, 2:19:22 pm — [INFO] — Kailas Nimbalkar-->GET--->enquiries
20/6/2025, 2:19:22 pm — [INFO] — Kailas Nimbalkar-->GET--->enquiries
20/6/2025, 2:19:22 pm — [INFO] — Kailas Nimbalkar-->GET--->products
20/6/2025, 2:19:22 pm — [INFO] — Kailas Nimbalkar-->GET--->products
20/6/2025, 2:19:23 pm — [INFO] — Kailas Nimbalkar-->GET--->products
20/6/2025, 2:19:23 pm — [INFO] — Kailas Nimbalkar-->GET--->products
20/6/2025, 2:19:35 pm — [INFO] — Kailas Nimbalkar-->GET--->enquiries
20/6/2025, 2:19:35 pm — [INFO] — Kailas Nimbalkar-->GET--->enquiries
20/6/2025, 2:19:35 pm — [INFO] — Kailas Nimbalkar-->GET--->products
20/6/2025, 2:19:35 pm — [INFO] — Kailas Nimbalkar-->GET--->products
20/6/2025, 2:19:36 pm — [INFO] — Kailas Nimbalkar-->GET--->products
20/6/2025, 2:19:36 pm — [INFO] — Kailas Nimbalkar-->GET--->products
20/6/2025, 2:20:09 pm — [INFO] — Kailas Nimbalkar-->DELETE--->products
20/6/2025, 2:20:26 pm — [INFO] — Kailas Nimbalkar-->GET--->enquiries
20/6/2025, 2:20:26 pm — [INFO] — Kailas Nimbalkar-->GET--->enquiries
20/6/2025, 2:20:26 pm — [INFO] — Kailas Nimbalkar-->GET--->products
20/6/2025, 2:20:26 pm — [INFO] — Kailas Nimbalkar-->GET--->products
20/6/2025, 2:20:27 pm — [INFO] — Kailas Nimbalkar-->GET--->products
20/6/2025, 2:20:27 pm — [INFO] — Kailas Nimbalkar-->GET--->products
20/6/2025, 2:21:21 pm — [INFO] — Kailas Nimbalkar-->POST--->products
20/6/2025, 2:22:23 pm — [INFO] — Kailas Nimbalkar-->DELETE--->products
20/6/2025, 2:22:26 pm — [INFO] — Kailas Nimbalkar-->GET--->enquiries
20/6/2025, 2:22:27 pm — [INFO] — Kailas Nimbalkar-->GET--->enquiries
20/6/2025, 2:22:27 pm — [INFO] — Kailas Nimbalkar-->GET--->products
20/6/2025, 2:22:27 pm — [INFO] — Kailas Nimbalkar-->GET--->products
20/6/2025, 2:22:28 pm — [INFO] — Kailas Nimbalkar-->GET--->products
20/6/2025, 2:22:28 pm — [INFO] — Kailas Nimbalkar-->GET--->products
20/6/2025, 2:23:20 pm — [INFO] — Kailas Nimbalkar-->POST--->products
20/6/2025, 2:39:34 pm — [INFO] — Kailas Nimbalkar-->GET--->products
20/6/2025, 2:39:35 pm — [INFO] — Kailas Nimbalkar-->GET--->products
20/6/2025, 2:39:38 pm — [INFO] — Kailas Nimbalkar-->DELETE--->products
20/6/2025, 2:40:31 pm — [INFO] — Kailas Nimbalkar-->POST--->products
