14/6/2025, 9:55:53 am — [INFO] — Kailas Nimbalkar-->GET--->products
14/6/2025, 9:55:53 am — [INFO] — Kailas Nimbalkar-->GET--->products
14/6/2025, 10:00:16 am — [INFO] — Kailas Nimbalkar-->GET--->products
14/6/2025, 10:00:16 am — [INFO] — Kailas Nimbalkar-->GET--->products
14/6/2025, 10:00:53 am — [INFO] — Kailas Nimbalkar-->GET--->products
14/6/2025, 10:00:53 am — [INFO] — Kailas Nimbalkar-->GET--->products
14/6/2025, 10:03:30 am — [INFO] — Kailas Nimbalkar-->GET--->products
14/6/2025, 10:03:30 am — [INFO] — Kailas Nimbalkar-->GET--->products
14/6/2025, 10:04:04 am — [INFO] — Kailas Nimbalkar-->GET--->products
14/6/2025, 10:04:04 am — [INFO] — Kailas Nimbalkar-->GET--->products
14/6/2025, 10:31:01 am — [INFO] — Kailas Nimbalkar-->GET--->enquiries
14/6/2025, 10:31:01 am — [INFO] — Kailas Nimbalkar-->GET--->enquiries
14/6/2025, 10:31:01 am — [INFO] — Kailas Nimbalkar-->GET--->products
14/6/2025, 10:31:01 am — [INFO] — Kailas Nimbalkar-->GET--->products
14/6/2025, 10:31:02 am — [INFO] — Kailas Nimbalkar-->GET--->products
14/6/2025, 10:31:02 am — [INFO] — Kailas Nimbalkar-->GET--->products
14/6/2025, 10:31:36 am — [INFO] — Kailas Nimbalkar-->GET--->enquiries
14/6/2025, 10:31:36 am — [INFO] — Kailas Nimbalkar-->GET--->enquiries
14/6/2025, 10:31:36 am — [INFO] — Kailas Nimbalkar-->GET--->products
14/6/2025, 10:31:36 am — [INFO] — Kailas Nimbalkar-->GET--->products
14/6/2025, 10:31:37 am — [INFO] — Kailas Nimbalkar-->GET--->products
14/6/2025, 10:31:37 am — [INFO] — Kailas Nimbalkar-->GET--->products
14/6/2025, 10:33:40 am — [INFO] — Kailas Nimbalkar-->GET--->products
14/6/2025, 10:33:40 am — [INFO] — Kailas Nimbalkar-->GET--->products
14/6/2025, 10:43:00 am — [INFO] — Kailas Nimbalkar-->GET--->enquiries
14/6/2025, 10:43:00 am — [INFO] — Kailas Nimbalkar-->GET--->enquiries
14/6/2025, 10:43:00 am — [INFO] — Kailas Nimbalkar-->GET--->products
14/6/2025, 10:43:00 am — [INFO] — Kailas Nimbalkar-->GET--->products
14/6/2025, 10:43:01 am — [INFO] — Kailas Nimbalkar-->GET--->products
14/6/2025, 10:43:01 am — [INFO] — Kailas Nimbalkar-->GET--->products
14/6/2025, 10:45:34 am — [INFO] — Kailas Nimbalkar-->GET--->enquiries
14/6/2025, 10:45:34 am — [INFO] — Kailas Nimbalkar-->GET--->enquiries
14/6/2025, 10:45:34 am — [INFO] — Kailas Nimbalkar-->GET--->products
14/6/2025, 10:45:34 am — [INFO] — Kailas Nimbalkar-->GET--->products
14/6/2025, 10:45:35 am — [INFO] — Kailas Nimbalkar-->GET--->products
14/6/2025, 10:45:35 am — [INFO] — Kailas Nimbalkar-->GET--->products
14/6/2025, 10:48:03 am — [INFO] — Kailas Nimbalkar-->GET--->enquiries
14/6/2025, 10:48:03 am — [INFO] — Kailas Nimbalkar-->GET--->enquiries
14/6/2025, 10:48:03 am — [INFO] — Kailas Nimbalkar-->GET--->products
14/6/2025, 10:48:03 am — [INFO] — Kailas Nimbalkar-->GET--->products
14/6/2025, 10:48:03 am — [INFO] — Kailas Nimbalkar-->GET--->products
14/6/2025, 10:48:03 am — [INFO] — Kailas Nimbalkar-->GET--->products
14/6/2025, 10:48:33 am — [INFO] — Kailas Nimbalkar-->GET--->enquiries
14/6/2025, 10:48:33 am — [INFO] — Kailas Nimbalkar-->GET--->enquiries
14/6/2025, 10:48:33 am — [INFO] — Kailas Nimbalkar-->GET--->products
14/6/2025, 10:48:33 am — [INFO] — Kailas Nimbalkar-->GET--->products
14/6/2025, 10:48:34 am — [INFO] — Kailas Nimbalkar-->GET--->products
14/6/2025, 10:48:34 am — [INFO] — Kailas Nimbalkar-->GET--->products
14/6/2025, 10:49:24 am — [INFO] — Kailas Nimbalkar-->GET--->enquiries
14/6/2025, 10:49:24 am — [INFO] — Kailas Nimbalkar-->GET--->enquiries
14/6/2025, 10:49:25 am — [INFO] — Kailas Nimbalkar-->GET--->products
14/6/2025, 10:49:25 am — [INFO] — Kailas Nimbalkar-->GET--->products
14/6/2025, 10:49:25 am — [INFO] — Kailas Nimbalkar-->GET--->products
14/6/2025, 10:49:25 am — [INFO] — Kailas Nimbalkar-->GET--->products
14/6/2025, 10:50:36 am — [INFO] — Kailas Nimbalkar-->GET--->enquiries
14/6/2025, 10:50:36 am — [INFO] — Kailas Nimbalkar-->GET--->enquiries
14/6/2025, 10:50:36 am — [INFO] — Kailas Nimbalkar-->GET--->products
14/6/2025, 10:50:36 am — [INFO] — Kailas Nimbalkar-->GET--->products
14/6/2025, 10:50:36 am — [INFO] — Kailas Nimbalkar-->GET--->products
14/6/2025, 10:50:36 am — [INFO] — Kailas Nimbalkar-->GET--->products
14/6/2025, 10:53:32 am — [WARN] — Unauthorized operation -->GET--->enquiries
14/6/2025, 10:53:32 am — [WARN] — Unauthorized operation -->GET--->enquiries
14/6/2025, 10:53:33 am — [WARN] — Unauthorized operation -->GET--->products
14/6/2025, 10:53:33 am — [WARN] — Unauthorized operation -->GET--->products
14/6/2025, 10:53:52 am — [INFO] — Kailas Nimbalkar-->GET--->products
14/6/2025, 10:53:52 am — [INFO] — Kailas Nimbalkar-->GET--->products
14/6/2025, 10:54:42 am — [INFO] — Kailas Nimbalkar-->GET--->enquiries
14/6/2025, 10:54:42 am — [INFO] — Kailas Nimbalkar-->GET--->enquiries
14/6/2025, 10:54:42 am — [INFO] — Kailas Nimbalkar-->GET--->products
14/6/2025, 10:54:42 am — [INFO] — Kailas Nimbalkar-->GET--->products
14/6/2025, 10:54:43 am — [INFO] — Kailas Nimbalkar-->GET--->products
14/6/2025, 10:54:43 am — [INFO] — Kailas Nimbalkar-->GET--->products
14/6/2025, 10:56:27 am — [INFO] — Kailas Nimbalkar-->GET--->enquiries
14/6/2025, 10:56:27 am — [INFO] — Kailas Nimbalkar-->GET--->enquiries
14/6/2025, 10:56:27 am — [INFO] — Kailas Nimbalkar-->GET--->products
14/6/2025, 10:56:27 am — [INFO] — Kailas Nimbalkar-->GET--->products
14/6/2025, 10:56:27 am — [INFO] — Kailas Nimbalkar-->GET--->products
14/6/2025, 10:56:27 am — [INFO] — Kailas Nimbalkar-->GET--->products
14/6/2025, 11:04:58 am — [INFO] — Kailas Nimbalkar-->GET--->enquiries
14/6/2025, 11:04:58 am — [INFO] — Kailas Nimbalkar-->GET--->enquiries
14/6/2025, 11:04:59 am — [INFO] — Kailas Nimbalkar-->GET--->products
14/6/2025, 11:04:59 am — [INFO] — Kailas Nimbalkar-->GET--->products
14/6/2025, 11:04:59 am — [INFO] — Kailas Nimbalkar-->GET--->products
14/6/2025, 11:04:59 am — [INFO] — Kailas Nimbalkar-->GET--->products
14/6/2025, 11:07:22 am — [INFO] — Kailas Nimbalkar-->GET--->enquiries
14/6/2025, 11:07:22 am — [INFO] — Kailas Nimbalkar-->GET--->enquiries
14/6/2025, 11:07:22 am — [INFO] — Kailas Nimbalkar-->GET--->products
14/6/2025, 11:07:22 am — [INFO] — Kailas Nimbalkar-->GET--->products
14/6/2025, 11:07:22 am — [INFO] — Kailas Nimbalkar-->GET--->products
14/6/2025, 11:07:22 am — [INFO] — Kailas Nimbalkar-->GET--->products
14/6/2025, 11:12:21 am — [INFO] — Kailas Nimbalkar-->GET--->enquiries
14/6/2025, 11:12:21 am — [INFO] — Kailas Nimbalkar-->GET--->enquiries
14/6/2025, 11:12:21 am — [INFO] — Kailas Nimbalkar-->GET--->products
14/6/2025, 11:12:21 am — [INFO] — Kailas Nimbalkar-->GET--->products
14/6/2025, 11:12:22 am — [INFO] — Kailas Nimbalkar-->GET--->products
14/6/2025, 11:12:22 am — [INFO] — Kailas Nimbalkar-->GET--->products
14/6/2025, 11:17:00 am — [INFO] — Kailas Nimbalkar-->GET--->enquiries
14/6/2025, 11:17:00 am — [INFO] — Kailas Nimbalkar-->GET--->enquiries
14/6/2025, 11:17:00 am — [INFO] — Kailas Nimbalkar-->GET--->products
14/6/2025, 11:17:00 am — [INFO] — Kailas Nimbalkar-->GET--->products
14/6/2025, 11:17:01 am — [INFO] — Kailas Nimbalkar-->GET--->products
14/6/2025, 11:17:01 am — [INFO] — Kailas Nimbalkar-->GET--->products
14/6/2025, 11:18:26 am — [INFO] — Kailas Nimbalkar-->GET--->enquiries
14/6/2025, 11:18:26 am — [INFO] — Kailas Nimbalkar-->GET--->enquiries
14/6/2025, 11:18:26 am — [INFO] — Kailas Nimbalkar-->GET--->products
14/6/2025, 11:18:26 am — [INFO] — Kailas Nimbalkar-->GET--->products
14/6/2025, 11:18:27 am — [INFO] — Kailas Nimbalkar-->GET--->products
14/6/2025, 11:18:27 am — [INFO] — Kailas Nimbalkar-->GET--->products
14/6/2025, 11:25:28 am — [INFO] — Kailas Nimbalkar-->GET--->enquiries
14/6/2025, 11:25:28 am — [INFO] — Kailas Nimbalkar-->GET--->enquiries
14/6/2025, 11:25:28 am — [INFO] — Kailas Nimbalkar-->GET--->products
14/6/2025, 11:25:28 am — [INFO] — Kailas Nimbalkar-->GET--->products
14/6/2025, 11:26:23 am — [INFO] — Kailas Nimbalkar-->GET--->products
14/6/2025, 11:26:23 am — [INFO] — Kailas Nimbalkar-->GET--->products
14/6/2025, 11:26:36 am — [INFO] — Kailas Nimbalkar-->GET--->enquiries
14/6/2025, 11:26:36 am — [INFO] — Kailas Nimbalkar-->GET--->enquiries
14/6/2025, 11:26:36 am — [INFO] — Kailas Nimbalkar-->GET--->products
14/6/2025, 11:26:36 am — [INFO] — Kailas Nimbalkar-->GET--->products
14/6/2025, 11:26:36 am — [INFO] — Kailas Nimbalkar-->GET--->products
14/6/2025, 11:26:36 am — [INFO] — Kailas Nimbalkar-->GET--->products
14/6/2025, 11:29:00 am — [INFO] — Kailas Nimbalkar-->GET--->enquiries
14/6/2025, 11:29:00 am — [INFO] — Kailas Nimbalkar-->GET--->enquiries
14/6/2025, 11:29:00 am — [INFO] — Kailas Nimbalkar-->GET--->products
14/6/2025, 11:29:00 am — [INFO] — Kailas Nimbalkar-->GET--->products
14/6/2025, 11:29:00 am — [INFO] — Kailas Nimbalkar-->GET--->products
14/6/2025, 11:29:00 am — [INFO] — Kailas Nimbalkar-->GET--->products
14/6/2025, 11:53:49 am — [WARN] — Unauthorized operation -->DELETE--->products
14/6/2025, 11:54:33 am — [INFO] — Kailas Nimbalkar-->GET--->products
14/6/2025, 11:54:33 am — [INFO] — Kailas Nimbalkar-->GET--->products
14/6/2025, 11:54:36 am — [INFO] — Kailas Nimbalkar-->DELETE--->products
14/6/2025, 11:54:38 am — [INFO] — Kailas Nimbalkar-->DELETE--->products
14/6/2025, 11:54:42 am — [INFO] — Kailas Nimbalkar-->DELETE--->products
14/6/2025, 11:56:35 am — [INFO] — Kailas Nimbalkar-->POST--->products
14/6/2025, 12:17:16 pm — [INFO] — Kailas Nimbalkar-->GET--->products
14/6/2025, 12:17:16 pm — [INFO] — Kailas Nimbalkar-->GET--->products
14/6/2025, 12:18:07 pm — [INFO] — Kailas Nimbalkar-->POST--->products
14/6/2025, 12:19:18 pm — [INFO] — Kailas Nimbalkar-->POST--->products
14/6/2025, 12:39:06 pm — [INFO] — Kailas Nimbalkar-->GET--->enquiries
14/6/2025, 12:39:07 pm — [INFO] — Kailas Nimbalkar-->GET--->enquiries
14/6/2025, 12:39:07 pm — [INFO] — Kailas Nimbalkar-->GET--->products
14/6/2025, 12:39:07 pm — [INFO] — Kailas Nimbalkar-->GET--->products
14/6/2025, 12:39:07 pm — [INFO] — Kailas Nimbalkar-->GET--->products
14/6/2025, 12:39:07 pm — [INFO] — Kailas Nimbalkar-->GET--->products
14/6/2025, 12:40:27 pm — [INFO] — Kailas Nimbalkar-->GET--->enquiries
14/6/2025, 12:40:27 pm — [INFO] — Kailas Nimbalkar-->GET--->enquiries
14/6/2025, 12:40:27 pm — [INFO] — Kailas Nimbalkar-->GET--->products
14/6/2025, 12:40:27 pm — [INFO] — Kailas Nimbalkar-->GET--->products
14/6/2025, 12:40:28 pm — [INFO] — Kailas Nimbalkar-->GET--->products
14/6/2025, 12:40:28 pm — [INFO] — Kailas Nimbalkar-->GET--->products
14/6/2025, 12:42:27 pm — [INFO] — Kailas Nimbalkar-->GET--->products
14/6/2025, 12:42:27 pm — [INFO] — Kailas Nimbalkar-->GET--->products
14/6/2025, 12:43:00 pm — [INFO] — Kailas Nimbalkar-->GET--->products
14/6/2025, 12:43:00 pm — [INFO] — Kailas Nimbalkar-->GET--->products
14/6/2025, 12:43:44 pm — [INFO] — Kailas Nimbalkar-->GET--->enquiries
14/6/2025, 12:43:44 pm — [INFO] — Kailas Nimbalkar-->GET--->enquiries
14/6/2025, 12:43:44 pm — [INFO] — Kailas Nimbalkar-->GET--->products
14/6/2025, 12:43:44 pm — [INFO] — Kailas Nimbalkar-->GET--->products
14/6/2025, 12:43:45 pm — [INFO] — Kailas Nimbalkar-->GET--->products
14/6/2025, 12:43:45 pm — [INFO] — Kailas Nimbalkar-->GET--->products
14/6/2025, 12:44:43 pm — [INFO] — Kailas Nimbalkar-->GET--->enquiries
14/6/2025, 12:44:43 pm — [INFO] — Kailas Nimbalkar-->GET--->enquiries
14/6/2025, 12:44:43 pm — [INFO] — Kailas Nimbalkar-->GET--->products
14/6/2025, 12:44:43 pm — [INFO] — Kailas Nimbalkar-->GET--->products
14/6/2025, 12:44:44 pm — [INFO] — Kailas Nimbalkar-->GET--->products
14/6/2025, 12:44:44 pm — [INFO] — Kailas Nimbalkar-->GET--->products
14/6/2025, 12:46:45 pm — [INFO] — Kailas Nimbalkar-->GET--->products
14/6/2025, 12:46:45 pm — [INFO] — Kailas Nimbalkar-->GET--->products
14/6/2025, 12:47:38 pm — [INFO] — Kailas Nimbalkar-->GET--->products
14/6/2025, 12:47:38 pm — [INFO] — Kailas Nimbalkar-->GET--->products
14/6/2025, 1:13:11 pm — [WARN] — Unauthorized operation -->GET--->enquiries
14/6/2025, 1:13:11 pm — [WARN] — Unauthorized operation -->GET--->enquiries
14/6/2025, 1:13:12 pm — [WARN] — Unauthorized operation -->GET--->products
14/6/2025, 1:13:12 pm — [WARN] — Unauthorized operation -->GET--->products
14/6/2025, 1:13:31 pm — [INFO] — Kailas Nimbalkar-->GET--->products
14/6/2025, 1:13:31 pm — [INFO] — Kailas Nimbalkar-->GET--->products
14/6/2025, 1:16:41 pm — [INFO] — Kailas Nimbalkar-->GET--->enquiries
14/6/2025, 1:16:41 pm — [INFO] — Kailas Nimbalkar-->GET--->enquiries
14/6/2025, 1:16:41 pm — [INFO] — Kailas Nimbalkar-->GET--->products
14/6/2025, 1:16:41 pm — [INFO] — Kailas Nimbalkar-->GET--->products
14/6/2025, 1:16:42 pm — [INFO] — Kailas Nimbalkar-->GET--->products
14/6/2025, 1:16:42 pm — [INFO] — Kailas Nimbalkar-->GET--->products
14/6/2025, 1:26:23 pm — [INFO] — Kailas Nimbalkar-->GET--->enquiries
14/6/2025, 1:26:23 pm — [INFO] — Kailas Nimbalkar-->GET--->enquiries
14/6/2025, 1:26:23 pm — [INFO] — Kailas Nimbalkar-->GET--->products
14/6/2025, 1:26:23 pm — [INFO] — Kailas Nimbalkar-->GET--->products
14/6/2025, 1:26:24 pm — [INFO] — Kailas Nimbalkar-->GET--->products
14/6/2025, 1:26:24 pm — [INFO] — Kailas Nimbalkar-->GET--->products
14/6/2025, 1:28:50 pm — [INFO] — Kailas Nimbalkar-->GET--->enquiries
14/6/2025, 1:28:50 pm — [INFO] — Kailas Nimbalkar-->GET--->enquiries
14/6/2025, 1:28:50 pm — [INFO] — Kailas Nimbalkar-->GET--->products
14/6/2025, 1:28:50 pm — [INFO] — Kailas Nimbalkar-->GET--->products
14/6/2025, 1:28:50 pm — [INFO] — Kailas Nimbalkar-->GET--->products
14/6/2025, 1:28:50 pm — [INFO] — Kailas Nimbalkar-->GET--->products
14/6/2025, 1:31:36 pm — [INFO] — Kailas Nimbalkar-->GET--->enquiries
14/6/2025, 1:31:36 pm — [INFO] — Kailas Nimbalkar-->GET--->enquiries
14/6/2025, 1:31:36 pm — [INFO] — Kailas Nimbalkar-->GET--->products
14/6/2025, 1:31:36 pm — [INFO] — Kailas Nimbalkar-->GET--->products
14/6/2025, 1:31:37 pm — [INFO] — Kailas Nimbalkar-->GET--->products
14/6/2025, 1:31:37 pm — [INFO] — Kailas Nimbalkar-->GET--->products
14/6/2025, 1:34:48 pm — [INFO] — Kailas Nimbalkar-->GET--->enquiries
14/6/2025, 1:34:48 pm — [INFO] — Kailas Nimbalkar-->GET--->enquiries
14/6/2025, 1:34:48 pm — [INFO] — Kailas Nimbalkar-->GET--->products
14/6/2025, 1:34:48 pm — [INFO] — Kailas Nimbalkar-->GET--->products
14/6/2025, 1:34:48 pm — [INFO] — Kailas Nimbalkar-->GET--->products
14/6/2025, 1:34:48 pm — [INFO] — Kailas Nimbalkar-->GET--->products
14/6/2025, 1:35:12 pm — [INFO] — Kailas Nimbalkar-->GET--->enquiries
14/6/2025, 1:35:12 pm — [INFO] — Kailas Nimbalkar-->GET--->enquiries
14/6/2025, 1:35:12 pm — [INFO] — Kailas Nimbalkar-->GET--->products
14/6/2025, 1:35:12 pm — [INFO] — Kailas Nimbalkar-->GET--->products
14/6/2025, 1:35:13 pm — [INFO] — Kailas Nimbalkar-->GET--->products
14/6/2025, 1:35:13 pm — [INFO] — Kailas Nimbalkar-->GET--->products
14/6/2025, 1:46:09 pm — [INFO] — Kailas Nimbalkar-->GET--->enquiries
14/6/2025, 1:46:09 pm — [INFO] — Kailas Nimbalkar-->GET--->enquiries
14/6/2025, 1:46:09 pm — [INFO] — Kailas Nimbalkar-->GET--->products
14/6/2025, 1:46:09 pm — [INFO] — Kailas Nimbalkar-->GET--->products
14/6/2025, 1:46:09 pm — [INFO] — Kailas Nimbalkar-->GET--->products
14/6/2025, 1:46:09 pm — [INFO] — Kailas Nimbalkar-->GET--->products
14/6/2025, 1:47:35 pm — [INFO] — Kailas Nimbalkar-->GET--->enquiries
14/6/2025, 1:47:35 pm — [INFO] — Kailas Nimbalkar-->GET--->enquiries
14/6/2025, 1:47:36 pm — [INFO] — Kailas Nimbalkar-->GET--->products
14/6/2025, 1:47:36 pm — [INFO] — Kailas Nimbalkar-->GET--->products
14/6/2025, 1:47:36 pm — [INFO] — Kailas Nimbalkar-->GET--->products
14/6/2025, 1:47:36 pm — [INFO] — Kailas Nimbalkar-->GET--->products
14/6/2025, 1:47:48 pm — [INFO] — Kailas Nimbalkar-->GET--->enquiries
14/6/2025, 1:47:48 pm — [INFO] — Kailas Nimbalkar-->GET--->enquiries
14/6/2025, 1:47:48 pm — [INFO] — Kailas Nimbalkar-->GET--->products
14/6/2025, 1:47:48 pm — [INFO] — Kailas Nimbalkar-->GET--->products
14/6/2025, 1:47:49 pm — [INFO] — Kailas Nimbalkar-->GET--->products
14/6/2025, 1:47:49 pm — [INFO] — Kailas Nimbalkar-->GET--->products
14/6/2025, 1:50:21 pm — [INFO] — Kailas Nimbalkar-->GET--->enquiries
14/6/2025, 1:50:21 pm — [INFO] — Kailas Nimbalkar-->GET--->enquiries
14/6/2025, 1:50:22 pm — [INFO] — Kailas Nimbalkar-->GET--->products
14/6/2025, 1:50:22 pm — [INFO] — Kailas Nimbalkar-->GET--->products
14/6/2025, 1:50:23 pm — [INFO] — Kailas Nimbalkar-->GET--->products
14/6/2025, 1:50:23 pm — [INFO] — Kailas Nimbalkar-->GET--->products
14/6/2025, 1:50:32 pm — [INFO] — Kailas Nimbalkar-->GET--->enquiries
14/6/2025, 1:50:32 pm — [INFO] — Kailas Nimbalkar-->GET--->enquiries
14/6/2025, 1:50:33 pm — [INFO] — Kailas Nimbalkar-->GET--->products
14/6/2025, 1:50:33 pm — [INFO] — Kailas Nimbalkar-->GET--->products
14/6/2025, 1:50:33 pm — [INFO] — Kailas Nimbalkar-->GET--->products
14/6/2025, 1:50:33 pm — [INFO] — Kailas Nimbalkar-->GET--->products
14/6/2025, 1:51:32 pm — [INFO] — Kailas Nimbalkar-->GET--->products
14/6/2025, 1:51:32 pm — [INFO] — Kailas Nimbalkar-->GET--->products
14/6/2025, 1:54:02 pm — [INFO] — Kailas Nimbalkar-->GET--->enquiries
14/6/2025, 1:54:02 pm — [INFO] — Kailas Nimbalkar-->GET--->enquiries
14/6/2025, 1:54:02 pm — [INFO] — Kailas Nimbalkar-->GET--->products
14/6/2025, 1:54:02 pm — [INFO] — Kailas Nimbalkar-->GET--->products
14/6/2025, 1:54:03 pm — [INFO] — Kailas Nimbalkar-->GET--->products
14/6/2025, 1:54:03 pm — [INFO] — Kailas Nimbalkar-->GET--->products
14/6/2025, 1:54:10 pm — [INFO] — Kailas Nimbalkar-->GET--->enquiries
14/6/2025, 1:54:10 pm — [INFO] — Kailas Nimbalkar-->GET--->enquiries
14/6/2025, 1:54:10 pm — [INFO] — Kailas Nimbalkar-->GET--->products
14/6/2025, 1:54:10 pm — [INFO] — Kailas Nimbalkar-->GET--->products
14/6/2025, 1:54:11 pm — [INFO] — Kailas Nimbalkar-->GET--->products
14/6/2025, 1:54:11 pm — [INFO] — Kailas Nimbalkar-->GET--->products
14/6/2025, 1:54:46 pm — [INFO] — Kailas Nimbalkar-->GET--->enquiries
14/6/2025, 1:54:46 pm — [INFO] — Kailas Nimbalkar-->GET--->enquiries
14/6/2025, 1:54:47 pm — [INFO] — Kailas Nimbalkar-->GET--->products
14/6/2025, 1:54:47 pm — [INFO] — Kailas Nimbalkar-->GET--->products
14/6/2025, 1:54:47 pm — [INFO] — Kailas Nimbalkar-->GET--->products
14/6/2025, 1:54:47 pm — [INFO] — Kailas Nimbalkar-->GET--->products
14/6/2025, 2:05:56 pm — [INFO] — Kailas Nimbalkar-->GET--->products
14/6/2025, 2:05:56 pm — [INFO] — Kailas Nimbalkar-->GET--->products
14/6/2025, 2:09:41 pm — [INFO] — Kailas Nimbalkar-->GET--->enquiries
14/6/2025, 2:09:41 pm — [INFO] — Kailas Nimbalkar-->GET--->enquiries
14/6/2025, 2:09:41 pm — [INFO] — Kailas Nimbalkar-->GET--->products
14/6/2025, 2:09:41 pm — [INFO] — Kailas Nimbalkar-->GET--->products
14/6/2025, 2:09:42 pm — [INFO] — Kailas Nimbalkar-->GET--->products
14/6/2025, 2:09:42 pm — [INFO] — Kailas Nimbalkar-->GET--->products
14/6/2025, 2:10:44 pm — [INFO] — Kailas Nimbalkar-->GET--->enquiries
14/6/2025, 2:10:44 pm — [INFO] — Kailas Nimbalkar-->GET--->enquiries
14/6/2025, 2:10:44 pm — [INFO] — Kailas Nimbalkar-->GET--->products
14/6/2025, 2:10:44 pm — [INFO] — Kailas Nimbalkar-->GET--->products
14/6/2025, 2:10:45 pm — [INFO] — Kailas Nimbalkar-->GET--->products
14/6/2025, 2:10:45 pm — [INFO] — Kailas Nimbalkar-->GET--->products
14/6/2025, 2:17:24 pm — [WARN] — Unauthorized operation -->GET--->enquiries
14/6/2025, 2:17:24 pm — [WARN] — Unauthorized operation -->GET--->enquiries
14/6/2025, 2:17:25 pm — [WARN] — Unauthorized operation -->GET--->products
14/6/2025, 2:17:25 pm — [WARN] — Unauthorized operation -->GET--->products
14/6/2025, 2:18:04 pm — [INFO] — Kailas Nimbalkar-->GET--->products
14/6/2025, 2:18:04 pm — [INFO] — Kailas Nimbalkar-->GET--->products
14/6/2025, 2:27:43 pm — [INFO] — Kailas Nimbalkar-->GET--->products
14/6/2025, 2:27:43 pm — [INFO] — Kailas Nimbalkar-->GET--->products
14/6/2025, 2:30:32 pm — [INFO] — Kailas Nimbalkar-->GET--->enquiries
14/6/2025, 2:30:32 pm — [INFO] — Kailas Nimbalkar-->GET--->enquiries
14/6/2025, 2:30:33 pm — [INFO] — Kailas Nimbalkar-->GET--->products
14/6/2025, 2:30:33 pm — [INFO] — Kailas Nimbalkar-->GET--->products
14/6/2025, 2:30:33 pm — [INFO] — Kailas Nimbalkar-->GET--->products
14/6/2025, 2:30:33 pm — [INFO] — Kailas Nimbalkar-->GET--->products
14/6/2025, 2:30:55 pm — [INFO] — Kailas Nimbalkar-->GET--->products
14/6/2025, 2:30:55 pm — [INFO] — Kailas Nimbalkar-->GET--->products
14/6/2025, 2:36:18 pm — [INFO] — Kailas Nimbalkar-->GET--->products
14/6/2025, 2:36:18 pm — [INFO] — Kailas Nimbalkar-->GET--->products
14/6/2025, 2:36:52 pm — [INFO] — Kailas Nimbalkar-->GET--->products
14/6/2025, 2:36:52 pm — [INFO] — Kailas Nimbalkar-->GET--->products
14/6/2025, 2:38:21 pm — [INFO] — Kailas Nimbalkar-->GET--->products
14/6/2025, 2:38:21 pm — [INFO] — Kailas Nimbalkar-->GET--->products
14/6/2025, 2:40:32 pm — [INFO] — Kailas Nimbalkar-->GET--->products
14/6/2025, 2:40:32 pm — [INFO] — Kailas Nimbalkar-->GET--->products
14/6/2025, 2:50:57 pm — [INFO] — Kailas Nimbalkar-->GET--->products
14/6/2025, 2:50:57 pm — [INFO] — Kailas Nimbalkar-->GET--->products
14/6/2025, 2:51:31 pm — [INFO] — Kailas Nimbalkar-->GET--->products
14/6/2025, 2:51:31 pm — [INFO] — Kailas Nimbalkar-->GET--->products
14/6/2025, 3:00:31 pm — [INFO] — Kailas Nimbalkar-->GET--->products
14/6/2025, 3:00:31 pm — [INFO] — Kailas Nimbalkar-->GET--->products
14/6/2025, 3:03:12 pm — [INFO] — Kailas Nimbalkar-->GET--->products
14/6/2025, 3:03:12 pm — [INFO] — Kailas Nimbalkar-->GET--->products
14/6/2025, 3:07:37 pm — [INFO] — Kailas Nimbalkar-->GET--->products
14/6/2025, 3:07:38 pm — [INFO] — Kailas Nimbalkar-->GET--->products
14/6/2025, 3:09:30 pm — [INFO] — Kailas Nimbalkar-->GET--->enquiries
14/6/2025, 3:09:30 pm — [INFO] — Kailas Nimbalkar-->GET--->enquiries
14/6/2025, 3:09:30 pm — [INFO] — Kailas Nimbalkar-->GET--->products
14/6/2025, 3:09:30 pm — [INFO] — Kailas Nimbalkar-->GET--->products
14/6/2025, 3:09:31 pm — [INFO] — Kailas Nimbalkar-->GET--->products
14/6/2025, 3:09:31 pm — [INFO] — Kailas Nimbalkar-->GET--->products
14/6/2025, 3:26:44 pm — [INFO] — Kailas Nimbalkar-->GET--->products
14/6/2025, 3:26:44 pm — [INFO] — Kailas Nimbalkar-->GET--->products
14/6/2025, 3:26:55 pm — [INFO] — Kailas Nimbalkar-->POST--->products
14/6/2025, 3:26:55 pm — [ERROR] — guest encountered error during POST /products/bulk-add — Argument "docs" must be an array of documents
14/6/2025, 3:27:28 pm — [INFO] — Kailas Nimbalkar-->GET--->enquiries
14/6/2025, 3:27:28 pm — [INFO] — Kailas Nimbalkar-->GET--->enquiries
14/6/2025, 3:27:28 pm — [INFO] — Kailas Nimbalkar-->GET--->products
14/6/2025, 3:27:28 pm — [INFO] — Kailas Nimbalkar-->GET--->products
14/6/2025, 3:27:30 pm — [INFO] — Kailas Nimbalkar-->GET--->products
14/6/2025, 3:27:30 pm — [INFO] — Kailas Nimbalkar-->GET--->products
14/6/2025, 3:28:15 pm — [INFO] — Kailas Nimbalkar-->GET--->enquiries
14/6/2025, 3:28:15 pm — [INFO] — Kailas Nimbalkar-->GET--->enquiries
14/6/2025, 3:28:16 pm — [INFO] — Kailas Nimbalkar-->GET--->products
14/6/2025, 3:28:16 pm — [INFO] — Kailas Nimbalkar-->GET--->products
14/6/2025, 3:28:16 pm — [INFO] — Kailas Nimbalkar-->GET--->products
14/6/2025, 3:28:16 pm — [INFO] — Kailas Nimbalkar-->GET--->products
14/6/2025, 3:28:21 pm — [INFO] — Kailas Nimbalkar-->POST--->products
14/6/2025, 3:28:21 pm — [ERROR] — guest encountered error during POST /products/bulk-add — Argument "docs" must be an array of documents
14/6/2025, 3:30:42 pm — [INFO] — Kailas Nimbalkar-->GET--->products
14/6/2025, 3:30:42 pm — [INFO] — Kailas Nimbalkar-->GET--->products
14/6/2025, 3:32:48 pm — [INFO] — Kailas Nimbalkar-->POST--->products
14/6/2025, 3:32:48 pm — [ERROR] — guest encountered error during POST /products/bulk-add — Argument "docs" must be an array of documents
14/6/2025, 3:44:40 pm — [INFO] — Kailas Nimbalkar-->GET--->products
14/6/2025, 3:44:40 pm — [INFO] — Kailas Nimbalkar-->GET--->products
14/6/2025, 3:44:49 pm — [INFO] — Kailas Nimbalkar-->POST--->products
14/6/2025, 3:46:03 pm — [INFO] — Kailas Nimbalkar-->GET--->products
14/6/2025, 3:46:03 pm — [INFO] — Kailas Nimbalkar-->GET--->products
14/6/2025, 3:55:59 pm — [INFO] — Kailas Nimbalkar-->GET--->products
14/6/2025, 3:55:59 pm — [INFO] — Kailas Nimbalkar-->GET--->products
14/6/2025, 3:56:11 pm — [INFO] — Kailas Nimbalkar-->DELETE--->products
14/6/2025, 3:56:15 pm — [INFO] — Kailas Nimbalkar-->DELETE--->products
14/6/2025, 3:56:35 pm — [INFO] — Kailas Nimbalkar-->POST--->products
14/6/2025, 3:56:37 pm — [INFO] — Kailas Nimbalkar-->POST--->products
14/6/2025, 3:57:37 pm — [INFO] — Kailas Nimbalkar-->GET--->enquiries
14/6/2025, 3:57:37 pm — [INFO] — Kailas Nimbalkar-->GET--->enquiries
14/6/2025, 3:57:37 pm — [INFO] — Kailas Nimbalkar-->GET--->products
14/6/2025, 3:57:37 pm — [INFO] — Kailas Nimbalkar-->GET--->products
14/6/2025, 3:57:38 pm — [INFO] — Kailas Nimbalkar-->GET--->products
14/6/2025, 3:57:38 pm — [INFO] — Kailas Nimbalkar-->GET--->products
14/6/2025, 3:57:42 pm — [INFO] — Kailas Nimbalkar-->DELETE--->products
14/6/2025, 3:57:44 pm — [INFO] — Kailas Nimbalkar-->DELETE--->products
14/6/2025, 3:57:46 pm — [INFO] — Kailas Nimbalkar-->DELETE--->products
14/6/2025, 3:57:48 pm — [INFO] — Kailas Nimbalkar-->DELETE--->products
14/6/2025, 3:57:57 pm — [INFO] — Kailas Nimbalkar-->POST--->products
14/6/2025, 3:58:01 pm — [INFO] — Kailas Nimbalkar-->GET--->enquiries
14/6/2025, 3:58:01 pm — [INFO] — Kailas Nimbalkar-->GET--->enquiries
14/6/2025, 3:58:01 pm — [INFO] — Kailas Nimbalkar-->GET--->products
14/6/2025, 3:58:01 pm — [INFO] — Kailas Nimbalkar-->GET--->products
14/6/2025, 3:58:02 pm — [INFO] — Kailas Nimbalkar-->GET--->products
14/6/2025, 3:58:02 pm — [INFO] — Kailas Nimbalkar-->GET--->products
14/6/2025, 3:58:06 pm — [INFO] — Kailas Nimbalkar-->DELETE--->products
14/6/2025, 3:58:09 pm — [INFO] — Kailas Nimbalkar-->DELETE--->products
14/6/2025, 4:01:18 pm — [INFO] — Kailas Nimbalkar-->GET--->enquiries
14/6/2025, 4:01:18 pm — [INFO] — Kailas Nimbalkar-->GET--->enquiries
14/6/2025, 4:01:18 pm — [INFO] — Kailas Nimbalkar-->GET--->products
14/6/2025, 4:01:18 pm — [INFO] — Kailas Nimbalkar-->GET--->products
14/6/2025, 4:01:19 pm — [INFO] — Kailas Nimbalkar-->GET--->products
14/6/2025, 4:01:19 pm — [INFO] — Kailas Nimbalkar-->GET--->products
14/6/2025, 4:01:25 pm — [INFO] — Kailas Nimbalkar-->POST--->products
14/6/2025, 4:02:36 pm — [INFO] — Kailas Nimbalkar-->GET--->enquiries
14/6/2025, 4:02:36 pm — [INFO] — Kailas Nimbalkar-->GET--->enquiries
14/6/2025, 4:02:36 pm — [INFO] — Kailas Nimbalkar-->GET--->products
14/6/2025, 4:02:36 pm — [INFO] — Kailas Nimbalkar-->GET--->products
14/6/2025, 4:02:36 pm — [INFO] — Kailas Nimbalkar-->GET--->products
14/6/2025, 4:02:36 pm — [INFO] — Kailas Nimbalkar-->GET--->products
14/6/2025, 4:02:56 pm — [INFO] — Kailas Nimbalkar-->DELETE--->products
14/6/2025, 4:02:59 pm — [INFO] — Kailas Nimbalkar-->DELETE--->products
14/6/2025, 4:03:07 pm — [INFO] — Kailas Nimbalkar-->POST--->products
14/6/2025, 4:05:10 pm — [INFO] — Kailas Nimbalkar-->POST--->products
14/6/2025, 4:06:11 pm — [INFO] — Kailas Nimbalkar-->GET--->enquiries
14/6/2025, 4:06:11 pm — [INFO] — Kailas Nimbalkar-->GET--->enquiries
14/6/2025, 4:06:11 pm — [INFO] — Kailas Nimbalkar-->GET--->products
14/6/2025, 4:06:12 pm — [INFO] — Kailas Nimbalkar-->GET--->products
14/6/2025, 4:06:12 pm — [INFO] — Kailas Nimbalkar-->GET--->products
14/6/2025, 4:06:12 pm — [INFO] — Kailas Nimbalkar-->GET--->products
14/6/2025, 4:06:17 pm — [INFO] — Kailas Nimbalkar-->DELETE--->products
14/6/2025, 4:06:19 pm — [INFO] — Kailas Nimbalkar-->DELETE--->products
14/6/2025, 4:06:23 pm — [INFO] — Kailas Nimbalkar-->DELETE--->products
14/6/2025, 4:06:25 pm — [INFO] — Kailas Nimbalkar-->DELETE--->products
14/6/2025, 4:06:32 pm — [INFO] — Kailas Nimbalkar-->POST--->products
14/6/2025, 4:07:33 pm — [INFO] — Kailas Nimbalkar-->GET--->enquiries
14/6/2025, 4:07:33 pm — [INFO] — Kailas Nimbalkar-->GET--->enquiries
14/6/2025, 4:07:33 pm — [INFO] — Kailas Nimbalkar-->GET--->products
14/6/2025, 4:07:33 pm — [INFO] — Kailas Nimbalkar-->GET--->products
14/6/2025, 4:07:33 pm — [INFO] — Kailas Nimbalkar-->GET--->products
14/6/2025, 4:07:33 pm — [INFO] — Kailas Nimbalkar-->GET--->products
14/6/2025, 4:07:36 pm — [INFO] — Kailas Nimbalkar-->DELETE--->products
14/6/2025, 4:07:38 pm — [INFO] — Kailas Nimbalkar-->DELETE--->products
14/6/2025, 4:07:43 pm — [INFO] — Kailas Nimbalkar-->GET--->enquiries
14/6/2025, 4:07:43 pm — [INFO] — Kailas Nimbalkar-->GET--->enquiries
14/6/2025, 4:07:43 pm — [INFO] — Kailas Nimbalkar-->GET--->products
14/6/2025, 4:07:43 pm — [INFO] — Kailas Nimbalkar-->GET--->products
14/6/2025, 4:07:43 pm — [INFO] — Kailas Nimbalkar-->GET--->products
14/6/2025, 4:07:44 pm — [INFO] — Kailas Nimbalkar-->GET--->products
14/6/2025, 4:07:48 pm — [INFO] — Kailas Nimbalkar-->POST--->products
14/6/2025, 4:09:21 pm — [INFO] — Kailas Nimbalkar-->GET--->enquiries
14/6/2025, 4:09:21 pm — [INFO] — Kailas Nimbalkar-->GET--->enquiries
14/6/2025, 4:09:21 pm — [INFO] — Kailas Nimbalkar-->GET--->products
14/6/2025, 4:09:21 pm — [INFO] — Kailas Nimbalkar-->GET--->products
14/6/2025, 4:09:22 pm — [INFO] — Kailas Nimbalkar-->GET--->products
14/6/2025, 4:09:22 pm — [INFO] — Kailas Nimbalkar-->GET--->products
14/6/2025, 4:09:25 pm — [INFO] — Kailas Nimbalkar-->DELETE--->products
14/6/2025, 4:09:27 pm — [INFO] — Kailas Nimbalkar-->DELETE--->products
14/6/2025, 4:09:35 pm — [INFO] — Kailas Nimbalkar-->POST--->products
14/6/2025, 4:10:52 pm — [INFO] — Kailas Nimbalkar-->GET--->enquiries
14/6/2025, 4:10:52 pm — [INFO] — Kailas Nimbalkar-->GET--->enquiries
14/6/2025, 4:10:52 pm — [INFO] — Kailas Nimbalkar-->GET--->products
14/6/2025, 4:10:52 pm — [INFO] — Kailas Nimbalkar-->GET--->products
14/6/2025, 4:10:53 pm — [INFO] — Kailas Nimbalkar-->GET--->products
14/6/2025, 4:10:53 pm — [INFO] — Kailas Nimbalkar-->GET--->products
14/6/2025, 4:10:56 pm — [INFO] — Kailas Nimbalkar-->DELETE--->products
14/6/2025, 4:10:58 pm — [INFO] — Kailas Nimbalkar-->DELETE--->products
14/6/2025, 4:11:07 pm — [INFO] — Kailas Nimbalkar-->POST--->products
14/6/2025, 4:13:28 pm — [INFO] — Kailas Nimbalkar-->DELETE--->products
14/6/2025, 4:13:30 pm — [INFO] — Kailas Nimbalkar-->DELETE--->products
14/6/2025, 4:13:36 pm — [INFO] — Kailas Nimbalkar-->POST--->products
14/6/2025, 4:47:44 pm — [WARN] — Unauthorized operation -->DELETE--->products
14/6/2025, 4:47:59 pm — [INFO] — Kailas Nimbalkar-->GET--->products
14/6/2025, 4:47:59 pm — [INFO] — Kailas Nimbalkar-->GET--->products
14/6/2025, 4:49:16 pm — [INFO] — Kailas Nimbalkar-->DELETE--->products
14/6/2025, 4:49:19 pm — [INFO] — Kailas Nimbalkar-->DELETE--->products
14/6/2025, 5:08:13 pm — [INFO] — Kailas Nimbalkar-->GET--->products
14/6/2025, 5:08:13 pm — [INFO] — Kailas Nimbalkar-->GET--->products
14/6/2025, 5:11:42 pm — [INFO] — Kailas Nimbalkar-->GET--->enquiries
14/6/2025, 5:11:42 pm — [INFO] — Kailas Nimbalkar-->GET--->enquiries
14/6/2025, 5:11:42 pm — [INFO] — Kailas Nimbalkar-->GET--->products
14/6/2025, 5:11:42 pm — [INFO] — Kailas Nimbalkar-->GET--->products
14/6/2025, 5:11:43 pm — [INFO] — Kailas Nimbalkar-->GET--->products
14/6/2025, 5:11:43 pm — [INFO] — Kailas Nimbalkar-->GET--->products
14/6/2025, 5:12:52 pm — [INFO] — Kailas Nimbalkar-->GET--->enquiries
14/6/2025, 5:12:52 pm — [INFO] — Kailas Nimbalkar-->GET--->enquiries
14/6/2025, 5:12:52 pm — [INFO] — Kailas Nimbalkar-->GET--->products
14/6/2025, 5:12:52 pm — [INFO] — Kailas Nimbalkar-->GET--->products
14/6/2025, 5:12:52 pm — [INFO] — Kailas Nimbalkar-->GET--->products
14/6/2025, 5:12:52 pm — [INFO] — Kailas Nimbalkar-->GET--->products
14/6/2025, 5:16:38 pm — [INFO] — Kailas Nimbalkar-->GET--->enquiries
14/6/2025, 5:16:38 pm — [INFO] — Kailas Nimbalkar-->GET--->enquiries
14/6/2025, 5:16:38 pm — [INFO] — Kailas Nimbalkar-->GET--->products
14/6/2025, 5:16:38 pm — [INFO] — Kailas Nimbalkar-->GET--->products
14/6/2025, 5:16:39 pm — [INFO] — Kailas Nimbalkar-->GET--->products
14/6/2025, 5:16:39 pm — [INFO] — Kailas Nimbalkar-->GET--->products
14/6/2025, 5:25:47 pm — [INFO] — Kailas Nimbalkar-->GET--->enquiries
14/6/2025, 5:25:47 pm — [INFO] — Kailas Nimbalkar-->GET--->enquiries
14/6/2025, 5:25:47 pm — [INFO] — Kailas Nimbalkar-->GET--->products
14/6/2025, 5:25:47 pm — [INFO] — Kailas Nimbalkar-->GET--->products
14/6/2025, 5:25:48 pm — [INFO] — Kailas Nimbalkar-->GET--->products
14/6/2025, 5:25:48 pm — [INFO] — Kailas Nimbalkar-->GET--->products
14/6/2025, 5:30:51 pm — [INFO] — Kailas Nimbalkar-->GET--->enquiries
14/6/2025, 5:30:51 pm — [INFO] — Kailas Nimbalkar-->GET--->enquiries
14/6/2025, 5:30:51 pm — [INFO] — Kailas Nimbalkar-->GET--->products
14/6/2025, 5:30:51 pm — [INFO] — Kailas Nimbalkar-->GET--->products
14/6/2025, 5:30:52 pm — [INFO] — Kailas Nimbalkar-->GET--->products
14/6/2025, 5:30:52 pm — [INFO] — Kailas Nimbalkar-->GET--->products
14/6/2025, 5:31:04 pm — [INFO] — Kailas Nimbalkar-->GET--->enquiries
14/6/2025, 5:31:04 pm — [INFO] — Kailas Nimbalkar-->GET--->enquiries
14/6/2025, 5:31:04 pm — [INFO] — Kailas Nimbalkar-->GET--->products
14/6/2025, 5:31:04 pm — [INFO] — Kailas Nimbalkar-->GET--->products
14/6/2025, 5:31:05 pm — [INFO] — Kailas Nimbalkar-->GET--->products
14/6/2025, 5:31:05 pm — [INFO] — Kailas Nimbalkar-->GET--->products
14/6/2025, 5:31:12 pm — [INFO] — Kailas Nimbalkar-->GET--->enquiries
14/6/2025, 5:31:12 pm — [INFO] — Kailas Nimbalkar-->GET--->enquiries
14/6/2025, 5:31:13 pm — [INFO] — Kailas Nimbalkar-->GET--->products
14/6/2025, 5:31:13 pm — [INFO] — Kailas Nimbalkar-->GET--->products
14/6/2025, 5:31:13 pm — [INFO] — Kailas Nimbalkar-->GET--->products
14/6/2025, 5:31:13 pm — [INFO] — Kailas Nimbalkar-->GET--->products
14/6/2025, 5:31:28 pm — [INFO] — Kailas Nimbalkar-->GET--->products
14/6/2025, 5:31:28 pm — [INFO] — Kailas Nimbalkar-->GET--->products
14/6/2025, 5:31:42 pm — [INFO] — Kailas Nimbalkar-->GET--->enquiries
14/6/2025, 5:31:42 pm — [INFO] — Kailas Nimbalkar-->GET--->enquiries
14/6/2025, 5:31:42 pm — [INFO] — Kailas Nimbalkar-->GET--->products
14/6/2025, 5:31:42 pm — [INFO] — Kailas Nimbalkar-->GET--->products
14/6/2025, 5:31:42 pm — [INFO] — Kailas Nimbalkar-->GET--->products
14/6/2025, 5:31:42 pm — [INFO] — Kailas Nimbalkar-->GET--->products
14/6/2025, 5:33:14 pm — [INFO] — Kailas Nimbalkar-->GET--->enquiries
14/6/2025, 5:33:14 pm — [INFO] — Kailas Nimbalkar-->GET--->enquiries
14/6/2025, 5:33:14 pm — [INFO] — Kailas Nimbalkar-->GET--->products
14/6/2025, 5:33:14 pm — [INFO] — Kailas Nimbalkar-->GET--->products
14/6/2025, 5:33:14 pm — [INFO] — Kailas Nimbalkar-->GET--->products
14/6/2025, 5:33:14 pm — [INFO] — Kailas Nimbalkar-->GET--->products
14/6/2025, 5:34:27 pm — [INFO] — Kailas Nimbalkar-->GET--->enquiries
14/6/2025, 5:34:27 pm — [INFO] — Kailas Nimbalkar-->GET--->enquiries
14/6/2025, 5:34:27 pm — [INFO] — Kailas Nimbalkar-->GET--->products
14/6/2025, 5:34:27 pm — [INFO] — Kailas Nimbalkar-->GET--->products
14/6/2025, 5:34:28 pm — [INFO] — Kailas Nimbalkar-->GET--->products
14/6/2025, 5:34:28 pm — [INFO] — Kailas Nimbalkar-->GET--->products
14/6/2025, 5:34:44 pm — [INFO] — Kailas Nimbalkar-->GET--->enquiries
14/6/2025, 5:34:44 pm — [INFO] — Kailas Nimbalkar-->GET--->enquiries
14/6/2025, 5:34:44 pm — [INFO] — Kailas Nimbalkar-->GET--->products
14/6/2025, 5:34:44 pm — [INFO] — Kailas Nimbalkar-->GET--->products
14/6/2025, 5:34:44 pm — [INFO] — Kailas Nimbalkar-->GET--->products
14/6/2025, 5:34:44 pm — [INFO] — Kailas Nimbalkar-->GET--->products
14/6/2025, 5:34:51 pm — [INFO] — Kailas Nimbalkar-->PUT--->products
14/6/2025, 5:37:04 pm — [INFO] — Kailas Nimbalkar-->PUT--->products
14/6/2025, 5:37:04 pm — [ERROR] — guest encountered error during PUT /products/bulk-update — ProductService.updateManyProducts is not a function
14/6/2025, 5:38:46 pm — [INFO] — Kailas Nimbalkar-->PUT--->products
14/6/2025, 5:38:46 pm — [ERROR] — guest encountered error during PUT /products/bulk-update — id is not defined
14/6/2025, 5:39:29 pm — [INFO] — Kailas Nimbalkar-->GET--->enquiries
14/6/2025, 5:39:29 pm — [INFO] — Kailas Nimbalkar-->GET--->enquiries
14/6/2025, 5:39:29 pm — [INFO] — Kailas Nimbalkar-->GET--->products
14/6/2025, 5:39:29 pm — [INFO] — Kailas Nimbalkar-->GET--->products
14/6/2025, 5:39:42 pm — [INFO] — Kailas Nimbalkar-->GET--->products
14/6/2025, 5:39:42 pm — [INFO] — Kailas Nimbalkar-->GET--->products
14/6/2025, 5:39:49 pm — [INFO] — Kailas Nimbalkar-->PUT--->products
14/6/2025, 5:39:49 pm — [ERROR] — guest encountered error during PUT /products/bulk-update — updatedIds is not defined
14/6/2025, 5:41:41 pm — [INFO] — Kailas Nimbalkar-->GET--->enquiries
14/6/2025, 5:41:41 pm — [INFO] — Kailas Nimbalkar-->GET--->enquiries
14/6/2025, 5:41:41 pm — [INFO] — Kailas Nimbalkar-->GET--->products
14/6/2025, 5:41:42 pm — [INFO] — Kailas Nimbalkar-->GET--->products
14/6/2025, 5:41:42 pm — [INFO] — Kailas Nimbalkar-->GET--->products
14/6/2025, 5:41:42 pm — [INFO] — Kailas Nimbalkar-->GET--->products
14/6/2025, 5:42:11 pm — [INFO] — Kailas Nimbalkar-->PUT--->products
14/6/2025, 5:42:29 pm — [INFO] — Kailas Nimbalkar-->PUT--->products
14/6/2025, 5:42:39 pm — [INFO] — Kailas Nimbalkar-->PUT--->products
14/6/2025, 5:42:39 pm — [ERROR] — guest encountered error during PUT /products/bulk-update — updates is not defined
14/6/2025, 5:44:40 pm — [INFO] — Kailas Nimbalkar-->GET--->enquiries
14/6/2025, 5:44:40 pm — [INFO] — Kailas Nimbalkar-->GET--->enquiries
14/6/2025, 5:44:40 pm — [INFO] — Kailas Nimbalkar-->GET--->products
14/6/2025, 5:44:40 pm — [INFO] — Kailas Nimbalkar-->GET--->products
14/6/2025, 5:44:41 pm — [INFO] — Kailas Nimbalkar-->GET--->products
14/6/2025, 5:44:41 pm — [INFO] — Kailas Nimbalkar-->GET--->products
14/6/2025, 5:45:18 pm — [INFO] — Kailas Nimbalkar-->PUT--->products
14/6/2025, 5:45:29 pm — [INFO] — Kailas Nimbalkar-->PUT--->products
14/6/2025, 5:45:38 pm — [INFO] — Kailas Nimbalkar-->PUT--->products
14/6/2025, 5:45:58 pm — [INFO] — Kailas Nimbalkar-->GET--->enquiries
14/6/2025, 5:45:58 pm — [INFO] — Kailas Nimbalkar-->GET--->enquiries
14/6/2025, 5:45:58 pm — [INFO] — Kailas Nimbalkar-->GET--->products
14/6/2025, 5:45:58 pm — [INFO] — Kailas Nimbalkar-->GET--->products
14/6/2025, 5:45:59 pm — [INFO] — Kailas Nimbalkar-->GET--->products
14/6/2025, 5:45:59 pm — [INFO] — Kailas Nimbalkar-->GET--->products
14/6/2025, 5:47:03 pm — [INFO] — Kailas Nimbalkar-->PUT--->products
14/6/2025, 5:47:14 pm — [INFO] — Kailas Nimbalkar-->PUT--->products
14/6/2025, 5:47:25 pm — [INFO] — Kailas Nimbalkar-->PUT--->products
14/6/2025, 5:49:43 pm — [WARN] — Unauthorized operation -->GET--->enquiries
14/6/2025, 5:49:43 pm — [WARN] — Unauthorized operation -->GET--->enquiries
14/6/2025, 5:49:44 pm — [WARN] — Unauthorized operation -->GET--->products
14/6/2025, 5:49:44 pm — [WARN] — Unauthorized operation -->GET--->products
14/6/2025, 5:50:09 pm — [INFO] — Kailas Nimbalkar-->GET--->products
14/6/2025, 5:50:09 pm — [INFO] — Kailas Nimbalkar-->GET--->products
14/6/2025, 5:50:18 pm — [INFO] — Kailas Nimbalkar-->PUT--->products
14/6/2025, 5:50:26 pm — [INFO] — Kailas Nimbalkar-->PUT--->products
14/6/2025, 5:50:32 pm — [INFO] — Kailas Nimbalkar-->PUT--->products
14/6/2025, 5:50:47 pm — [INFO] — Kailas Nimbalkar-->GET--->enquiries
14/6/2025, 5:50:47 pm — [INFO] — Kailas Nimbalkar-->GET--->enquiries
14/6/2025, 5:50:47 pm — [INFO] — Kailas Nimbalkar-->GET--->products
14/6/2025, 5:50:47 pm — [INFO] — Kailas Nimbalkar-->GET--->products
14/6/2025, 5:50:48 pm — [INFO] — Kailas Nimbalkar-->GET--->products
14/6/2025, 5:50:48 pm — [INFO] — Kailas Nimbalkar-->GET--->products
14/6/2025, 5:51:49 pm — [INFO] — Kailas Nimbalkar-->PUT--->products
14/6/2025, 5:51:59 pm — [INFO] — Kailas Nimbalkar-->PUT--->products
14/6/2025, 5:52:39 pm — [INFO] — Kailas Nimbalkar-->PUT--->products
14/6/2025, 5:53:18 pm — [INFO] — Kailas Nimbalkar-->GET--->enquiries
14/6/2025, 5:53:18 pm — [INFO] — Kailas Nimbalkar-->GET--->enquiries
14/6/2025, 5:53:18 pm — [INFO] — Kailas Nimbalkar-->GET--->products
14/6/2025, 5:53:18 pm — [INFO] — Kailas Nimbalkar-->GET--->products
14/6/2025, 5:53:18 pm — [INFO] — Kailas Nimbalkar-->GET--->products
14/6/2025, 5:53:18 pm — [INFO] — Kailas Nimbalkar-->GET--->products
14/6/2025, 5:53:28 pm — [INFO] — Kailas Nimbalkar-->DELETE--->products
14/6/2025, 5:54:34 pm — [INFO] — Kailas Nimbalkar-->GET--->enquiries
14/6/2025, 5:54:34 pm — [INFO] — Kailas Nimbalkar-->GET--->enquiries
14/6/2025, 5:54:34 pm — [INFO] — Kailas Nimbalkar-->GET--->products
14/6/2025, 5:54:34 pm — [INFO] — Kailas Nimbalkar-->GET--->products
14/6/2025, 5:54:35 pm — [INFO] — Kailas Nimbalkar-->GET--->products
14/6/2025, 5:54:35 pm — [INFO] — Kailas Nimbalkar-->GET--->products
14/6/2025, 5:55:54 pm — [INFO] — Kailas Nimbalkar-->POST--->products
14/6/2025, 5:55:54 pm — [ERROR] — guest encountered error during POST /products — normalizeNewlines is not defined
14/6/2025, 5:56:17 pm — [INFO] — Kailas Nimbalkar-->GET--->enquiries
14/6/2025, 5:56:17 pm — [INFO] — Kailas Nimbalkar-->GET--->enquiries
14/6/2025, 5:56:17 pm — [INFO] — Kailas Nimbalkar-->GET--->products
14/6/2025, 5:56:17 pm — [INFO] — Kailas Nimbalkar-->GET--->products
14/6/2025, 5:56:23 pm — [INFO] — Kailas Nimbalkar-->GET--->products
14/6/2025, 5:56:23 pm — [INFO] — Kailas Nimbalkar-->GET--->products
14/6/2025, 5:57:19 pm — [INFO] — Kailas Nimbalkar-->POST--->products
14/6/2025, 5:57:19 pm — [ERROR] — guest encountered error during POST /products — normalizeNewlines is not defined
14/6/2025, 6:01:14 pm — [INFO] — Kailas Nimbalkar-->POST--->products
14/6/2025, 6:06:03 pm — [INFO] — Kailas Nimbalkar-->GET--->products
14/6/2025, 6:06:03 pm — [INFO] — Kailas Nimbalkar-->GET--->products
14/6/2025, 6:10:18 pm — [INFO] — Kailas Nimbalkar-->GET--->enquiries
14/6/2025, 6:10:18 pm — [INFO] — Kailas Nimbalkar-->GET--->enquiries
14/6/2025, 6:10:18 pm — [INFO] — Kailas Nimbalkar-->GET--->products
14/6/2025, 6:10:18 pm — [INFO] — Kailas Nimbalkar-->GET--->products
14/6/2025, 6:10:19 pm — [INFO] — Kailas Nimbalkar-->GET--->products
14/6/2025, 6:10:19 pm — [INFO] — Kailas Nimbalkar-->GET--->products
14/6/2025, 6:12:26 pm — [INFO] — Kailas Nimbalkar-->GET--->enquiries
14/6/2025, 6:12:26 pm — [INFO] — Kailas Nimbalkar-->GET--->enquiries
14/6/2025, 6:12:26 pm — [INFO] — Kailas Nimbalkar-->GET--->products
14/6/2025, 6:12:26 pm — [INFO] — Kailas Nimbalkar-->GET--->products
14/6/2025, 6:12:26 pm — [INFO] — Kailas Nimbalkar-->GET--->products
14/6/2025, 6:12:26 pm — [INFO] — Kailas Nimbalkar-->GET--->products
14/6/2025, 6:13:47 pm — [INFO] — Kailas Nimbalkar-->GET--->products
14/6/2025, 6:13:47 pm — [INFO] — Kailas Nimbalkar-->GET--->products
14/6/2025, 6:15:31 pm — [INFO] — Kailas Nimbalkar-->GET--->enquiries
14/6/2025, 6:15:31 pm — [INFO] — Kailas Nimbalkar-->GET--->enquiries
14/6/2025, 6:15:31 pm — [INFO] — Kailas Nimbalkar-->GET--->products
14/6/2025, 6:15:31 pm — [INFO] — Kailas Nimbalkar-->GET--->products
14/6/2025, 6:15:32 pm — [INFO] — Kailas Nimbalkar-->GET--->products
14/6/2025, 6:15:32 pm — [INFO] — Kailas Nimbalkar-->GET--->products
14/6/2025, 6:16:56 pm — [INFO] — Kailas Nimbalkar-->GET--->enquiries
14/6/2025, 6:16:56 pm — [INFO] — Kailas Nimbalkar-->GET--->enquiries
14/6/2025, 6:16:56 pm — [INFO] — Kailas Nimbalkar-->GET--->products
14/6/2025, 6:16:56 pm — [INFO] — Kailas Nimbalkar-->GET--->products
14/6/2025, 6:16:57 pm — [INFO] — Kailas Nimbalkar-->GET--->products
14/6/2025, 6:16:57 pm — [INFO] — Kailas Nimbalkar-->GET--->products
14/6/2025, 6:18:14 pm — [INFO] — Kailas Nimbalkar-->GET--->enquiries
14/6/2025, 6:18:14 pm — [INFO] — Kailas Nimbalkar-->GET--->enquiries
14/6/2025, 6:18:14 pm — [INFO] — Kailas Nimbalkar-->GET--->products
14/6/2025, 6:18:14 pm — [INFO] — Kailas Nimbalkar-->GET--->products
14/6/2025, 6:18:15 pm — [INFO] — Kailas Nimbalkar-->GET--->products
14/6/2025, 6:18:15 pm — [INFO] — Kailas Nimbalkar-->GET--->products
14/6/2025, 6:22:37 pm — [INFO] — Kailas Nimbalkar-->GET--->enquiries
14/6/2025, 6:22:37 pm — [INFO] — Kailas Nimbalkar-->GET--->enquiries
14/6/2025, 6:22:37 pm — [INFO] — Kailas Nimbalkar-->GET--->products
14/6/2025, 6:22:37 pm — [INFO] — Kailas Nimbalkar-->GET--->products
14/6/2025, 6:22:37 pm — [INFO] — Kailas Nimbalkar-->GET--->products
14/6/2025, 6:22:37 pm — [INFO] — Kailas Nimbalkar-->GET--->products
14/6/2025, 6:23:56 pm — [INFO] — Kailas Nimbalkar-->GET--->enquiries
14/6/2025, 6:23:56 pm — [INFO] — Kailas Nimbalkar-->GET--->enquiries
14/6/2025, 6:23:56 pm — [INFO] — Kailas Nimbalkar-->GET--->products
14/6/2025, 6:23:56 pm — [INFO] — Kailas Nimbalkar-->GET--->products
14/6/2025, 6:23:58 pm — [INFO] — Kailas Nimbalkar-->GET--->products
14/6/2025, 6:23:58 pm — [INFO] — Kailas Nimbalkar-->GET--->products
14/6/2025, 6:24:01 pm — [INFO] — Kailas Nimbalkar-->GET--->enquiries
14/6/2025, 6:24:01 pm — [INFO] — Kailas Nimbalkar-->GET--->enquiries
14/6/2025, 6:24:01 pm — [INFO] — Kailas Nimbalkar-->GET--->products
14/6/2025, 6:24:01 pm — [INFO] — Kailas Nimbalkar-->GET--->products
14/6/2025, 6:24:07 pm — [INFO] — Kailas Nimbalkar-->GET--->products
14/6/2025, 6:24:07 pm — [INFO] — Kailas Nimbalkar-->GET--->products
14/6/2025, 6:44:25 pm — [INFO] — Kailas Nimbalkar-->GET--->products
14/6/2025, 6:44:25 pm — [INFO] — Kailas Nimbalkar-->GET--->products
14/6/2025, 6:50:55 pm — [INFO] — Kailas Nimbalkar-->GET--->products
14/6/2025, 6:50:55 pm — [INFO] — Kailas Nimbalkar-->GET--->products
14/6/2025, 7:06:55 pm — [INFO] — Kailas Nimbalkar-->GET--->enquiries
14/6/2025, 7:06:55 pm — [INFO] — Kailas Nimbalkar-->GET--->enquiries
14/6/2025, 7:06:55 pm — [INFO] — Kailas Nimbalkar-->GET--->products
14/6/2025, 7:06:55 pm — [INFO] — Kailas Nimbalkar-->GET--->products
14/6/2025, 7:06:55 pm — [INFO] — Kailas Nimbalkar-->GET--->products
14/6/2025, 7:06:55 pm — [INFO] — Kailas Nimbalkar-->GET--->products
14/6/2025, 7:11:58 pm — [INFO] — Kailas Nimbalkar-->GET--->products
14/6/2025, 7:11:58 pm — [INFO] — Kailas Nimbalkar-->GET--->products
14/6/2025, 7:21:47 pm — [INFO] — Kailas Nimbalkar-->GET--->enquiries
14/6/2025, 7:21:47 pm — [INFO] — Kailas Nimbalkar-->GET--->enquiries
14/6/2025, 7:21:47 pm — [INFO] — Kailas Nimbalkar-->GET--->products
14/6/2025, 7:21:47 pm — [INFO] — Kailas Nimbalkar-->GET--->products
14/6/2025, 7:24:03 pm — [INFO] — Kailas Nimbalkar-->GET--->products
14/6/2025, 7:24:03 pm — [INFO] — Kailas Nimbalkar-->GET--->products
14/6/2025, 7:26:50 pm — [INFO] — Kailas Nimbalkar-->GET--->products
14/6/2025, 7:27:22 pm — [INFO] — Kailas Nimbalkar-->GET--->products
14/6/2025, 7:27:22 pm — [INFO] — Kailas Nimbalkar-->GET--->products
14/6/2025, 7:28:13 pm — [INFO] — Kailas Nimbalkar-->GET--->products
14/6/2025, 7:28:13 pm — [INFO] — Kailas Nimbalkar-->GET--->products
14/6/2025, 7:31:37 pm — [INFO] — Kailas Nimbalkar-->GET--->products
14/6/2025, 7:31:37 pm — [INFO] — Kailas Nimbalkar-->GET--->products
14/6/2025, 7:33:11 pm — [INFO] — Kailas Nimbalkar-->GET--->enquiries
14/6/2025, 7:33:11 pm — [INFO] — Kailas Nimbalkar-->GET--->enquiries
14/6/2025, 7:33:11 pm — [INFO] — Kailas Nimbalkar-->GET--->products
14/6/2025, 7:33:11 pm — [INFO] — Kailas Nimbalkar-->GET--->products
14/6/2025, 7:33:11 pm — [INFO] — Kailas Nimbalkar-->GET--->products
14/6/2025, 7:33:11 pm — [INFO] — Kailas Nimbalkar-->GET--->products
14/6/2025, 7:35:19 pm — [INFO] — Kailas Nimbalkar-->GET--->enquiries
14/6/2025, 7:35:19 pm — [INFO] — Kailas Nimbalkar-->GET--->enquiries
14/6/2025, 7:35:19 pm — [INFO] — Kailas Nimbalkar-->GET--->products
14/6/2025, 7:35:19 pm — [INFO] — Kailas Nimbalkar-->GET--->products
14/6/2025, 7:35:19 pm — [INFO] — Kailas Nimbalkar-->GET--->products
14/6/2025, 7:35:19 pm — [INFO] — Kailas Nimbalkar-->GET--->products
14/6/2025, 7:36:08 pm — [INFO] — Kailas Nimbalkar-->GET--->products
14/6/2025, 7:36:08 pm — [INFO] — Kailas Nimbalkar-->GET--->products
14/6/2025, 7:45:32 pm — [INFO] — Kailas Nimbalkar-->GET--->enquiries
14/6/2025, 7:45:32 pm — [INFO] — Kailas Nimbalkar-->GET--->enquiries
14/6/2025, 7:45:32 pm — [INFO] — Kailas Nimbalkar-->GET--->products
14/6/2025, 7:45:32 pm — [INFO] — Kailas Nimbalkar-->GET--->products
14/6/2025, 7:46:27 pm — [INFO] — Kailas Nimbalkar-->GET--->products
14/6/2025, 7:46:27 pm — [INFO] — Kailas Nimbalkar-->GET--->products
14/6/2025, 8:10:03 pm — [INFO] — Kailas Nimbalkar-->GET--->products
14/6/2025, 8:10:03 pm — [INFO] — Kailas Nimbalkar-->GET--->products
14/6/2025, 8:11:05 pm — [INFO] — Kailas Nimbalkar-->GET--->products
14/6/2025, 8:11:05 pm — [INFO] — Kailas Nimbalkar-->GET--->products
14/6/2025, 8:19:56 pm — [INFO] — Kailas Nimbalkar-->GET--->products
14/6/2025, 8:19:56 pm — [INFO] — Kailas Nimbalkar-->GET--->products
14/6/2025, 8:20:12 pm — [INFO] — Kailas Nimbalkar-->POST--->products
14/6/2025, 8:39:11 pm — [INFO] — Kailas Nimbalkar-->GET--->products
14/6/2025, 8:39:11 pm — [INFO] — Kailas Nimbalkar-->GET--->products
14/6/2025, 8:39:30 pm — [INFO] — Kailas Nimbalkar-->GET--->products
14/6/2025, 8:39:30 pm — [INFO] — Kailas Nimbalkar-->GET--->products
14/6/2025, 8:56:03 pm — [INFO] — Kailas Nimbalkar-->GET--->products
14/6/2025, 8:56:03 pm — [INFO] — Kailas Nimbalkar-->GET--->products
14/6/2025, 8:56:41 pm — [INFO] — Kailas Nimbalkar-->POST--->products
14/6/2025, 9:03:47 pm — [INFO] — Kailas Nimbalkar-->GET--->products
14/6/2025, 9:03:47 pm — [INFO] — Kailas Nimbalkar-->GET--->products
14/6/2025, 9:06:16 pm — [INFO] — Kailas Nimbalkar-->POST--->products
14/6/2025, 9:06:16 pm — [ERROR] — guest encountered error during POST /products/bulk-add — Invalid BulkOperation, Batch cannot be empty
14/6/2025, 9:07:01 pm — [INFO] — Kailas Nimbalkar-->PUT--->products
14/6/2025, 9:07:01 pm — [ERROR] — guest encountered error during PUT /products/bulk-update — Invalid BulkOperation, Batch cannot be empty
14/6/2025, 9:07:57 pm — [INFO] — Kailas Nimbalkar-->GET--->products
14/6/2025, 9:07:57 pm — [INFO] — Kailas Nimbalkar-->GET--->products
14/6/2025, 9:08:03 pm — [INFO] — Kailas Nimbalkar-->PUT--->products
14/6/2025, 9:08:03 pm — [ERROR] — guest encountered error during PUT /products/bulk-update — Invalid BulkOperation, Batch cannot be empty
14/6/2025, 9:09:42 pm — [INFO] — Kailas Nimbalkar-->GET--->products
14/6/2025, 9:09:42 pm — [INFO] — Kailas Nimbalkar-->GET--->products
14/6/2025, 9:09:50 pm — [INFO] — Kailas Nimbalkar-->PUT--->products
14/6/2025, 9:09:50 pm — [ERROR] — guest encountered error during PUT /products/bulk-update — Invalid BulkOperation, Batch cannot be empty
14/6/2025, 9:12:01 pm — [INFO] — Kailas Nimbalkar-->GET--->products
14/6/2025, 9:12:01 pm — [INFO] — Kailas Nimbalkar-->GET--->products
14/6/2025, 9:12:07 pm — [INFO] — Kailas Nimbalkar-->PUT--->products
14/6/2025, 9:17:46 pm — [INFO] — Kailas Nimbalkar-->GET--->enquiries
14/6/2025, 9:17:46 pm — [INFO] — Kailas Nimbalkar-->GET--->enquiries
14/6/2025, 9:17:46 pm — [INFO] — Kailas Nimbalkar-->GET--->products
14/6/2025, 9:17:46 pm — [INFO] — Kailas Nimbalkar-->GET--->products
14/6/2025, 9:22:26 pm — [INFO] — Kailas Nimbalkar-->GET--->products
14/6/2025, 9:22:26 pm — [INFO] — Kailas Nimbalkar-->GET--->products
14/6/2025, 9:22:26 pm — [INFO] — Kailas Nimbalkar-->GET--->enquiries
14/6/2025, 9:22:26 pm — [INFO] — Kailas Nimbalkar-->GET--->enquiries
14/6/2025, 9:22:26 pm — [INFO] — Kailas Nimbalkar-->GET--->products
14/6/2025, 9:22:27 pm — [INFO] — Kailas Nimbalkar-->GET--->products
14/6/2025, 9:25:34 pm — [INFO] — Kailas Nimbalkar-->POST--->enquiries
14/6/2025, 9:32:49 pm — [INFO] — Kailas Nimbalkar-->POST--->enquiries
14/6/2025, 9:36:19 pm — [INFO] — Kailas Nimbalkar-->GET--->enquiries
14/6/2025, 9:36:19 pm — [INFO] — Kailas Nimbalkar-->GET--->enquiries
14/6/2025, 9:36:20 pm — [INFO] — Kailas Nimbalkar-->GET--->products
14/6/2025, 9:36:20 pm — [INFO] — Kailas Nimbalkar-->GET--->products
14/6/2025, 9:36:28 pm — [INFO] — Kailas Nimbalkar-->POST--->enquiries
