23/6/2025, 11:55:26 am — [INFO] — Kailas Nimbalkar-->GET--->enquiries
23/6/2025, 11:55:26 am — [INFO] — Kailas Nimbalkar-->GET--->enquiries
23/6/2025, 11:55:26 am — [INFO] — Kailas Nimbalkar-->GET--->products
23/6/2025, 11:55:26 am — [INFO] — Kailas Nimbalkar-->GET--->products
23/6/2025, 11:55:29 am — [INFO] — Kailas Nimbalkar-->GET--->enquiries
23/6/2025, 11:55:29 am — [INFO] — Kailas Nimbalkar-->GET--->enquiries
23/6/2025, 11:55:29 am — [INFO] — Kailas Nimbalkar-->GET--->products
23/6/2025, 11:55:29 am — [INFO] — Kailas Nimbalkar-->GET--->products
23/6/2025, 11:55:37 am — [INFO] — Kailas Nimbalkar-->GET--->enquiries
23/6/2025, 11:55:37 am — [INFO] — Kailas Nimbalkar-->GET--->enquiries
23/6/2025, 11:55:37 am — [INFO] — Kailas Nimbalkar-->GET--->products
23/6/2025, 11:55:37 am — [INFO] — Kailas Nimbalkar-->GET--->products
23/6/2025, 11:56:10 am — [INFO] — Kailas Nimbalkar-->GET--->enquiries
23/6/2025, 11:56:10 am — [INFO] — Kailas Nimbalkar-->GET--->enquiries
23/6/2025, 11:56:10 am — [INFO] — Kailas Nimbalkar-->GET--->products
23/6/2025, 11:56:10 am — [INFO] — Kailas Nimbalkar-->GET--->products
23/6/2025, 1:08:43 pm — [WARN] — Unauthorized operation -->GET--->enquiries
23/6/2025, 1:08:43 pm — [WARN] — Unauthorized operation -->GET--->enquiries
23/6/2025, 1:09:23 pm — [INFO] — Kailas Nimbalkar-->GET--->enquiries
23/6/2025, 1:09:23 pm — [INFO] — Kailas Nimbalkar-->GET--->enquiries
23/6/2025, 1:09:23 pm — [INFO] — Kailas Nimbalkar-->GET--->products
23/6/2025, 1:09:23 pm — [INFO] — Kailas Nimbalkar-->GET--->products
23/6/2025, 1:09:27 pm — [INFO] — Kailas Nimbalkar-->GET--->enquiries
23/6/2025, 1:09:27 pm — [INFO] — Kailas Nimbalkar-->GET--->enquiries
23/6/2025, 1:09:27 pm — [INFO] — Kailas Nimbalkar-->GET--->products
23/6/2025, 1:09:27 pm — [INFO] — Kailas Nimbalkar-->GET--->products
