17/6/2025, 1:55:08 pm — [INFO] — Kailas Nimbalkar-->GET--->products
17/6/2025, 1:55:08 pm — [INFO] — Kailas Nimbalkar-->GET--->products
17/6/2025, 1:55:09 pm — [INFO] — Kailas Nimbalkar-->GET--->enquiries
17/6/2025, 1:55:09 pm — [INFO] — Kailas Nimbalkar-->GET--->enquiries
17/6/2025, 1:55:09 pm — [INFO] — Kailas Nimbalkar-->GET--->products
17/6/2025, 1:55:09 pm — [INFO] — Kailas Nimbalkar-->GET--->products
17/6/2025, 1:59:37 pm — [INFO] — Kailas Nimbalkar-->GET--->enquiries
17/6/2025, 1:59:38 pm — [INFO] — Kailas Nimbalkar-->GET--->enquiries
17/6/2025, 1:59:38 pm — [INFO] — Kailas Nimbalkar-->GET--->products
17/6/2025, 1:59:38 pm — [INFO] — Kailas Nimbalkar-->GET--->products
17/6/2025, 1:59:40 pm — [INFO] — Kailas Nimbalkar-->GET--->enquiries
17/6/2025, 1:59:40 pm — [INFO] — Kailas Nimbalkar-->GET--->enquiries
17/6/2025, 1:59:46 pm — [INFO] — Kailas Nimbalkar-->GET--->enquiries
17/6/2025, 1:59:46 pm — [INFO] — Kailas Nimbalkar-->GET--->enquiries
17/6/2025, 1:59:51 pm — [INFO] — Kailas Nimbalkar-->GET--->enquiries
17/6/2025, 1:59:51 pm — [INFO] — Kailas Nimbalkar-->GET--->enquiries
17/6/2025, 2:24:14 pm — [INFO] — Kailas Nimbalkar-->GET--->enquiries
17/6/2025, 2:24:14 pm — [INFO] — Kailas Nimbalkar-->GET--->enquiries
17/6/2025, 2:29:22 pm — [INFO] — Kailas Nimbalkar-->GET--->products
17/6/2025, 2:29:22 pm — [INFO] — Kailas Nimbalkar-->GET--->products
17/6/2025, 2:29:23 pm — [INFO] — Kailas Nimbalkar-->GET--->enquiries
17/6/2025, 2:29:23 pm — [INFO] — Kailas Nimbalkar-->GET--->enquiries
17/6/2025, 2:29:23 pm — [INFO] — Kailas Nimbalkar-->GET--->products
17/6/2025, 2:29:23 pm — [INFO] — Kailas Nimbalkar-->GET--->products
17/6/2025, 2:29:28 pm — [INFO] — Kailas Nimbalkar-->GET--->enquiries
17/6/2025, 2:29:28 pm — [INFO] — Kailas Nimbalkar-->GET--->enquiries
17/6/2025, 2:29:38 pm — [INFO] — Kailas Nimbalkar-->DELETE--->enquiries
17/6/2025, 2:47:02 pm — [INFO] — Kailas Nimbalkar-->GET--->enquiries
17/6/2025, 2:47:02 pm — [INFO] — Kailas Nimbalkar-->GET--->enquiries
17/6/2025, 2:55:05 pm — [WARN] — Unauthorized operation -->GET--->products
17/6/2025, 2:55:05 pm — [WARN] — Unauthorized operation -->GET--->products
17/6/2025, 2:55:07 pm — [WARN] — Unauthorized operation -->GET--->enquiries
17/6/2025, 2:55:07 pm — [WARN] — Unauthorized operation -->GET--->enquiries
17/6/2025, 2:55:59 pm — [INFO] — Kailas Nimbalkar-->GET--->enquiries
17/6/2025, 2:55:59 pm — [INFO] — Kailas Nimbalkar-->GET--->enquiries
17/6/2025, 2:55:59 pm — [INFO] — Kailas Nimbalkar-->GET--->products
17/6/2025, 2:55:59 pm — [INFO] — Kailas Nimbalkar-->GET--->products
17/6/2025, 2:56:02 pm — [INFO] — Kailas Nimbalkar-->GET--->enquiries
17/6/2025, 2:56:02 pm — [INFO] — Kailas Nimbalkar-->GET--->enquiries
17/6/2025, 2:56:56 pm — [INFO] — Kailas Nimbalkar-->POST--->enquiries
17/6/2025, 2:56:56 pm — [ERROR] — guest encountered error during POST /enquiries/684e4f9fce0816c1328ae5bf/fileInfo — ObjectId is not defined
17/6/2025, 2:57:31 pm — [INFO] — Kailas Nimbalkar-->GET--->enquiries
17/6/2025, 2:57:32 pm — [INFO] — Kailas Nimbalkar-->GET--->enquiries
17/6/2025, 2:57:32 pm — [INFO] — Kailas Nimbalkar-->GET--->products
17/6/2025, 2:57:32 pm — [INFO] — Kailas Nimbalkar-->GET--->products
17/6/2025, 2:57:34 pm — [INFO] — Kailas Nimbalkar-->GET--->enquiries
17/6/2025, 2:57:34 pm — [INFO] — Kailas Nimbalkar-->GET--->enquiries
17/6/2025, 2:58:29 pm — [INFO] — Kailas Nimbalkar-->POST--->enquiries
17/6/2025, 2:58:29 pm — [ERROR] — guest encountered error during POST /enquiries/684e4f9fce0816c1328ae5bf/fileInfo — ObjectId is not defined
17/6/2025, 2:59:41 pm — [INFO] — Kailas Nimbalkar-->GET--->enquiries
17/6/2025, 2:59:41 pm — [INFO] — Kailas Nimbalkar-->GET--->enquiries
17/6/2025, 3:00:05 pm — [INFO] — Kailas Nimbalkar-->POST--->enquiries
17/6/2025, 3:00:37 pm — [INFO] — Kailas Nimbalkar-->GET--->enquiries
17/6/2025, 3:00:37 pm — [INFO] — Kailas Nimbalkar-->GET--->enquiries
17/6/2025, 3:02:52 pm — [INFO] — Kailas Nimbalkar-->POST--->enquiries
17/6/2025, 3:10:51 pm — [INFO] — Kailas Nimbalkar-->GET--->enquiries
17/6/2025, 3:10:51 pm — [INFO] — Kailas Nimbalkar-->GET--->enquiries
17/6/2025, 3:13:15 pm — [INFO] — Kailas Nimbalkar-->GET--->enquiries
17/6/2025, 3:13:15 pm — [INFO] — Kailas Nimbalkar-->GET--->enquiries
17/6/2025, 3:13:41 pm — [INFO] — Kailas Nimbalkar-->POST--->enquiries
17/6/2025, 3:29:39 pm — [INFO] — Kailas Nimbalkar-->DELETE--->enquiries
17/6/2025, 3:29:48 pm — [INFO] — Kailas Nimbalkar-->GET--->enquiries
17/6/2025, 3:29:48 pm — [INFO] — Kailas Nimbalkar-->GET--->enquiries
17/6/2025, 3:31:24 pm — [INFO] — Kailas Nimbalkar-->DELETE--->enquiries
17/6/2025, 3:31:29 pm — [INFO] — Kailas Nimbalkar-->GET--->enquiries
17/6/2025, 3:31:29 pm — [INFO] — Kailas Nimbalkar-->GET--->enquiries
17/6/2025, 3:34:59 pm — [INFO] — Kailas Nimbalkar-->GET--->enquiries
17/6/2025, 3:34:59 pm — [INFO] — Kailas Nimbalkar-->GET--->enquiries
17/6/2025, 3:35:00 pm — [INFO] — Kailas Nimbalkar-->DELETE--->enquiries
17/6/2025, 3:35:03 pm — [INFO] — Kailas Nimbalkar-->GET--->enquiries
17/6/2025, 3:35:03 pm — [INFO] — Kailas Nimbalkar-->GET--->enquiries
17/6/2025, 3:35:15 pm — [INFO] — Kailas Nimbalkar-->POST--->enquiries
17/6/2025, 3:35:35 pm — [INFO] — Kailas Nimbalkar-->POST--->enquiries
17/6/2025, 3:35:58 pm — [INFO] — Kailas Nimbalkar-->POST--->enquiries
17/6/2025, 3:38:48 pm — [INFO] — Kailas Nimbalkar-->GET--->enquiries
17/6/2025, 3:38:48 pm — [INFO] — Kailas Nimbalkar-->GET--->enquiries
17/6/2025, 3:41:04 pm — [INFO] — Kailas Nimbalkar-->POST--->enquiries
17/6/2025, 3:41:09 pm — [INFO] — Kailas Nimbalkar-->DELETE--->enquiries
17/6/2025, 3:41:13 pm — [INFO] — Kailas Nimbalkar-->GET--->enquiries
17/6/2025, 3:41:13 pm — [INFO] — Kailas Nimbalkar-->GET--->enquiries
17/6/2025, 3:44:00 pm — [INFO] — Kailas Nimbalkar-->DELETE--->enquiries
17/6/2025, 3:45:48 pm — [INFO] — Kailas Nimbalkar-->GET--->enquiries
17/6/2025, 3:45:48 pm — [INFO] — Kailas Nimbalkar-->GET--->enquiries
17/6/2025, 3:45:50 pm — [INFO] — Kailas Nimbalkar-->DELETE--->enquiries
17/6/2025, 3:50:22 pm — [INFO] — Kailas Nimbalkar-->GET--->enquiries
17/6/2025, 3:50:24 pm — [INFO] — Kailas Nimbalkar-->GET--->enquiries
17/6/2025, 3:50:32 pm — [INFO] — Kailas Nimbalkar-->GET--->enquiries
17/6/2025, 3:53:25 pm — [INFO] — Kailas Nimbalkar-->GET--->enquiries
17/6/2025, 3:53:25 pm — [INFO] — Kailas Nimbalkar-->GET--->enquiries
17/6/2025, 3:53:40 pm — [INFO] — Kailas Nimbalkar-->POST--->enquiries
17/6/2025, 3:54:02 pm — [INFO] — Kailas Nimbalkar-->POST--->enquiries
17/6/2025, 3:54:08 pm — [INFO] — Kailas Nimbalkar-->DELETE--->enquiries
17/6/2025, 3:56:58 pm — [WARN] — Unauthorized operation -->GET--->enquiries
17/6/2025, 3:57:22 pm — [WARN] — Unauthorized operation -->GET--->enquiries
17/6/2025, 4:02:06 pm — [INFO] — Kailas Nimbalkar-->GET--->enquiries
17/6/2025, 4:02:06 pm — [INFO] — Kailas Nimbalkar-->GET--->enquiries
17/6/2025, 4:02:06 pm — [INFO] — Kailas Nimbalkar-->GET--->products
17/6/2025, 4:02:06 pm — [INFO] — Kailas Nimbalkar-->GET--->products
17/6/2025, 4:04:07 pm — [INFO] — Kailas Nimbalkar-->GET--->enquiries
17/6/2025, 4:04:07 pm — [INFO] — Kailas Nimbalkar-->GET--->enquiries
17/6/2025, 4:04:07 pm — [INFO] — Kailas Nimbalkar-->GET--->enquiries
17/6/2025, 4:04:07 pm — [INFO] — Kailas Nimbalkar-->GET--->enquiries
17/6/2025, 4:06:11 pm — [INFO] — Kailas Nimbalkar-->GET--->enquiries
17/6/2025, 4:06:11 pm — [INFO] — Kailas Nimbalkar-->GET--->enquiries
17/6/2025, 4:06:29 pm — [INFO] — Kailas Nimbalkar-->POST--->enquiries
17/6/2025, 4:06:32 pm — [INFO] — Kailas Nimbalkar-->DELETE--->enquiries
17/6/2025, 4:06:36 pm — [INFO] — Kailas Nimbalkar-->DELETE--->enquiries
17/6/2025, 4:06:50 pm — [INFO] — Kailas Nimbalkar-->DELETE--->enquiries
17/6/2025, 4:06:52 pm — [INFO] — Kailas Nimbalkar-->DELETE--->enquiries
17/6/2025, 4:06:53 pm — [INFO] — Kailas Nimbalkar-->DELETE--->enquiries
17/6/2025, 4:06:53 pm — [INFO] — Kailas Nimbalkar-->DELETE--->enquiries
17/6/2025, 4:06:55 pm — [INFO] — Kailas Nimbalkar-->DELETE--->enquiries
17/6/2025, 4:06:59 pm — [INFO] — Kailas Nimbalkar-->DELETE--->enquiries
17/6/2025, 4:06:59 pm — [INFO] — Kailas Nimbalkar-->DELETE--->enquiries
17/6/2025, 4:07:10 pm — [INFO] — Kailas Nimbalkar-->GET--->enquiries
17/6/2025, 4:07:10 pm — [INFO] — Kailas Nimbalkar-->GET--->enquiries
17/6/2025, 4:07:23 pm — [INFO] — Kailas Nimbalkar-->POST--->enquiries
17/6/2025, 4:07:36 pm — [INFO] — Kailas Nimbalkar-->POST--->enquiries
17/6/2025, 4:07:56 pm — [INFO] — Kailas Nimbalkar-->POST--->enquiries
17/6/2025, 4:10:26 pm — [INFO] — Kailas Nimbalkar-->GET--->enquiries
17/6/2025, 4:10:26 pm — [INFO] — Kailas Nimbalkar-->GET--->enquiries
17/6/2025, 4:10:27 pm — [INFO] — Kailas Nimbalkar-->DELETE--->enquiries
17/6/2025, 4:10:32 pm — [INFO] — Kailas Nimbalkar-->GET--->enquiries
17/6/2025, 4:10:32 pm — [INFO] — Kailas Nimbalkar-->GET--->enquiries
17/6/2025, 4:11:19 pm — [INFO] — Kailas Nimbalkar-->DELETE--->enquiries
17/6/2025, 4:11:21 pm — [INFO] — Kailas Nimbalkar-->DELETE--->enquiries
17/6/2025, 4:14:33 pm — [INFO] — Kailas Nimbalkar-->GET--->enquiries
17/6/2025, 4:14:33 pm — [INFO] — Kailas Nimbalkar-->GET--->enquiries
17/6/2025, 4:14:33 pm — [INFO] — Kailas Nimbalkar-->GET--->enquiries
17/6/2025, 4:14:33 pm — [INFO] — Kailas Nimbalkar-->GET--->enquiries
17/6/2025, 4:14:55 pm — [INFO] — Kailas Nimbalkar-->GET--->enquiries
17/6/2025, 4:14:55 pm — [INFO] — Kailas Nimbalkar-->GET--->enquiries
17/6/2025, 4:14:56 pm — [INFO] — Kailas Nimbalkar-->POST--->enquiries
17/6/2025, 4:14:59 pm — [INFO] — Kailas Nimbalkar-->POST--->enquiries
17/6/2025, 4:15:00 pm — [INFO] — Kailas Nimbalkar-->POST--->enquiries
17/6/2025, 4:15:30 pm — [INFO] — Kailas Nimbalkar-->DELETE--->enquiries
17/6/2025, 4:15:40 pm — [INFO] — Kailas Nimbalkar-->GET--->enquiries
17/6/2025, 4:15:40 pm — [INFO] — Kailas Nimbalkar-->GET--->enquiries
17/6/2025, 4:15:42 pm — [INFO] — Kailas Nimbalkar-->DELETE--->enquiries
17/6/2025, 4:16:56 pm — [INFO] — Kailas Nimbalkar-->GET--->enquiries
17/6/2025, 4:16:56 pm — [INFO] — Kailas Nimbalkar-->GET--->enquiries
17/6/2025, 4:16:59 pm — [INFO] — Kailas Nimbalkar-->DELETE--->enquiries
17/6/2025, 4:20:38 pm — [INFO] — Kailas Nimbalkar-->GET--->products
17/6/2025, 4:20:38 pm — [INFO] — Kailas Nimbalkar-->GET--->products
17/6/2025, 4:20:41 pm — [INFO] — Kailas Nimbalkar-->GET--->enquiries
17/6/2025, 4:20:41 pm — [INFO] — Kailas Nimbalkar-->GET--->enquiries
17/6/2025, 4:20:41 pm — [INFO] — Kailas Nimbalkar-->GET--->products
17/6/2025, 4:20:41 pm — [INFO] — Kailas Nimbalkar-->GET--->products
17/6/2025, 4:20:54 pm — [INFO] — Kailas Nimbalkar-->GET--->enquiries
17/6/2025, 4:20:54 pm — [INFO] — Kailas Nimbalkar-->GET--->enquiries
17/6/2025, 4:21:17 pm — [INFO] — Kailas Nimbalkar-->POST--->enquiries
17/6/2025, 4:21:33 pm — [INFO] — Kailas Nimbalkar-->GET--->enquiries
17/6/2025, 4:21:33 pm — [INFO] — Kailas Nimbalkar-->GET--->enquiries
17/6/2025, 4:21:33 pm — [INFO] — Kailas Nimbalkar-->GET--->products
17/6/2025, 4:21:33 pm — [INFO] — Kailas Nimbalkar-->GET--->products
17/6/2025, 4:21:37 pm — [INFO] — Kailas Nimbalkar-->GET--->enquiries
17/6/2025, 4:21:38 pm — [INFO] — Kailas Nimbalkar-->GET--->enquiries
17/6/2025, 4:22:24 pm — [INFO] — Kailas Nimbalkar-->POST--->enquiries
17/6/2025, 4:27:25 pm — [INFO] — Kailas Nimbalkar-->GET--->enquiries
17/6/2025, 4:27:25 pm — [INFO] — Kailas Nimbalkar-->GET--->enquiries
17/6/2025, 4:27:31 pm — [INFO] — Kailas Nimbalkar-->GET--->enquiries
17/6/2025, 4:27:31 pm — [INFO] — Kailas Nimbalkar-->GET--->enquiries
17/6/2025, 4:27:41 pm — [INFO] — Kailas Nimbalkar-->GET--->enquiries
17/6/2025, 4:27:41 pm — [INFO] — Kailas Nimbalkar-->GET--->enquiries
17/6/2025, 4:27:44 pm — [INFO] — Kailas Nimbalkar-->GET--->enquiries
17/6/2025, 4:27:44 pm — [INFO] — Kailas Nimbalkar-->GET--->enquiries
17/6/2025, 4:27:48 pm — [INFO] — Kailas Nimbalkar-->GET--->enquiries
17/6/2025, 4:27:48 pm — [INFO] — Kailas Nimbalkar-->GET--->enquiries
17/6/2025, 4:28:06 pm — [INFO] — Kailas Nimbalkar-->GET--->enquiries
17/6/2025, 4:28:06 pm — [INFO] — Kailas Nimbalkar-->GET--->enquiries
17/6/2025, 4:28:06 pm — [INFO] — Kailas Nimbalkar-->GET--->products
17/6/2025, 4:28:06 pm — [INFO] — Kailas Nimbalkar-->GET--->products
17/6/2025, 4:28:12 pm — [INFO] — Kailas Nimbalkar-->GET--->enquiries
17/6/2025, 4:28:12 pm — [INFO] — Kailas Nimbalkar-->GET--->enquiries
17/6/2025, 4:29:39 pm — [INFO] — Kailas Nimbalkar-->GET--->products
17/6/2025, 4:29:39 pm — [INFO] — Kailas Nimbalkar-->GET--->products
17/6/2025, 4:34:01 pm — [INFO] — Kailas Nimbalkar-->GET--->enquiries
17/6/2025, 4:34:01 pm — [INFO] — Kailas Nimbalkar-->GET--->enquiries
17/6/2025, 5:21:33 pm — [WARN] — Guest's illegal operation -->GET--->enquiries
17/6/2025, 5:21:33 pm — [WARN] — Guest's illegal operation -->GET--->enquiries
