6/6/2025, 12:13:01 pm — [WARN] — Unauthorized operation -->GET--->products
6/6/2025, 12:13:01 pm — [WARN] — Unauthorized operation -->GET--->products
6/6/2025, 12:13:46 pm — [WARN] — Unauthorized operation -->GET--->customers
6/6/2025, 12:13:46 pm — [WARN] — Unauthorized operation -->GET--->customers
6/6/2025, 12:14:24 pm — [WARN] — Unauthorized operation -->GET--->products
6/6/2025, 12:14:24 pm — [WARN] — Unauthorized operation -->GET--->products
6/6/2025, 12:15:31 pm — [WARN] — Unauthorized operation -->GET--->products
6/6/2025, 12:15:31 pm — [WARN] — Unauthorized operation -->GET--->products
6/6/2025, 12:17:50 pm — [WARN] — Unauthorized operation -->GET--->products
6/6/2025, 12:17:50 pm — [WARN] — Unauthorized operation -->GET--->products
6/6/2025, 12:20:20 pm — [WARN] — Unauthorized operation -->GET--->customers
6/6/2025, 12:20:20 pm — [WARN] — Unauthorized operation -->GET--->customers
6/6/2025, 12:20:43 pm — [WARN] — Unauthorized operation -->GET--->products
6/6/2025, 12:20:43 pm — [WARN] — Unauthorized operation -->GET--->products
6/6/2025, 12:21:07 pm — [INFO] — Kailas Nimbalkar-->GET--->products
6/6/2025, 12:21:07 pm — [INFO] — Kailas Nimbalkar-->GET--->products
6/6/2025, 12:45:56 pm — [INFO] — Kailas Nimbalkar-->GET--->products
6/6/2025, 12:45:56 pm — [INFO] — Kailas Nimbalkar-->GET--->products
6/6/2025, 12:46:14 pm — [INFO] — Kailas Nimbalkar-->GET--->products
6/6/2025, 12:46:14 pm — [INFO] — Kailas Nimbalkar-->GET--->products
6/6/2025, 12:47:20 pm — [INFO] — Kailas Nimbalkar-->GET--->products
6/6/2025, 12:47:20 pm — [INFO] — Kailas Nimbalkar-->GET--->products
6/6/2025, 12:49:36 pm — [INFO] — Kailas Nimbalkar-->GET--->products
6/6/2025, 12:49:36 pm — [INFO] — Kailas Nimbalkar-->GET--->products
6/6/2025, 12:52:02 pm — [INFO] — Kailas Nimbalkar-->GET--->customers
6/6/2025, 12:52:02 pm — [INFO] — Kailas Nimbalkar-->GET--->customers
6/6/2025, 12:52:03 pm — [INFO] — Kailas Nimbalkar-->GET--->products
6/6/2025, 12:52:03 pm — [INFO] — Kailas Nimbalkar-->GET--->products
6/6/2025, 12:58:41 pm — [INFO] — Kailas Nimbalkar-->GET--->products
6/6/2025, 12:58:41 pm — [INFO] — Kailas Nimbalkar-->GET--->products
6/6/2025, 1:05:14 pm — [INFO] — Kailas Nimbalkar-->GET--->products
6/6/2025, 1:05:14 pm — [INFO] — Kailas Nimbalkar-->GET--->products
6/6/2025, 1:05:40 pm — [INFO] — Kailas Nimbalkar-->GET--->products
6/6/2025, 1:05:40 pm — [INFO] — Kailas Nimbalkar-->GET--->products
6/6/2025, 1:25:23 pm — [INFO] — Kailas Nimbalkar-->GET--->products
6/6/2025, 1:25:23 pm — [INFO] — Kailas Nimbalkar-->GET--->products
6/6/2025, 1:43:20 pm — [INFO] — Kailas Nimbalkar-->GET--->products
6/6/2025, 1:43:20 pm — [INFO] — Kailas Nimbalkar-->GET--->products
6/6/2025, 1:43:39 pm — [INFO] — Kailas Nimbalkar-->GET--->products
6/6/2025, 1:43:39 pm — [INFO] — Kailas Nimbalkar-->GET--->products
6/6/2025, 1:43:47 pm — [INFO] — Kailas Nimbalkar-->PUT--->products
6/6/2025, 1:45:22 pm — [INFO] — Kailas Nimbalkar-->GET--->products
6/6/2025, 1:45:22 pm — [INFO] — Kailas Nimbalkar-->GET--->products
6/6/2025, 1:49:03 pm — [INFO] — Kailas Nimbalkar-->GET--->products
6/6/2025, 1:49:03 pm — [INFO] — Kailas Nimbalkar-->GET--->products
6/6/2025, 1:49:57 pm — [INFO] — Kailas Nimbalkar-->GET--->products
6/6/2025, 1:49:57 pm — [INFO] — Kailas Nimbalkar-->GET--->products
6/6/2025, 2:01:15 pm — [INFO] — Kailas Nimbalkar-->GET--->products
6/6/2025, 2:01:15 pm — [INFO] — Kailas Nimbalkar-->GET--->products
6/6/2025, 2:09:54 pm — [INFO] — Kailas Nimbalkar-->GET--->products
6/6/2025, 2:09:54 pm — [INFO] — Kailas Nimbalkar-->GET--->products
6/6/2025, 2:18:24 pm — [INFO] — Kailas Nimbalkar-->GET--->products
6/6/2025, 2:18:24 pm — [INFO] — Kailas Nimbalkar-->GET--->products
6/6/2025, 2:19:09 pm — [INFO] — Kailas Nimbalkar-->GET--->products
6/6/2025, 2:19:10 pm — [INFO] — Kailas Nimbalkar-->GET--->products
6/6/2025, 2:29:05 pm — [INFO] — Kailas Nimbalkar-->GET--->products
6/6/2025, 2:29:05 pm — [INFO] — Kailas Nimbalkar-->GET--->products
6/6/2025, 2:33:05 pm — [INFO] — Kailas Nimbalkar-->GET--->products
6/6/2025, 2:33:05 pm — [INFO] — Kailas Nimbalkar-->GET--->products
6/6/2025, 2:37:15 pm — [INFO] — Kailas Nimbalkar-->GET--->products
6/6/2025, 2:37:15 pm — [INFO] — Kailas Nimbalkar-->GET--->products
6/6/2025, 2:39:25 pm — [INFO] — Kailas Nimbalkar-->GET--->products
6/6/2025, 2:39:25 pm — [INFO] — Kailas Nimbalkar-->GET--->products
6/6/2025, 2:41:12 pm — [INFO] — Kailas Nimbalkar-->GET--->products
6/6/2025, 2:41:12 pm — [INFO] — Kailas Nimbalkar-->GET--->products
6/6/2025, 2:42:44 pm — [INFO] — Kailas Nimbalkar-->GET--->products
6/6/2025, 2:42:44 pm — [INFO] — Kailas Nimbalkar-->GET--->products
6/6/2025, 2:45:15 pm — [INFO] — Kailas Nimbalkar-->GET--->products
6/6/2025, 2:45:15 pm — [INFO] — Kailas Nimbalkar-->GET--->products
6/6/2025, 2:45:49 pm — [INFO] — Kailas Nimbalkar-->GET--->products
6/6/2025, 2:45:49 pm — [INFO] — Kailas Nimbalkar-->GET--->products
6/6/2025, 2:50:51 pm — [INFO] — Kailas Nimbalkar-->GET--->products
6/6/2025, 2:50:51 pm — [INFO] — Kailas Nimbalkar-->GET--->products
6/6/2025, 2:51:28 pm — [INFO] — Kailas Nimbalkar-->GET--->products
6/6/2025, 2:51:28 pm — [INFO] — Kailas Nimbalkar-->GET--->products
6/6/2025, 2:52:16 pm — [INFO] — Kailas Nimbalkar-->GET--->products
6/6/2025, 2:52:16 pm — [INFO] — Kailas Nimbalkar-->GET--->products
6/6/2025, 2:59:09 pm — [INFO] — Kailas Nimbalkar-->GET--->products
6/6/2025, 2:59:09 pm — [INFO] — Kailas Nimbalkar-->GET--->products
6/6/2025, 3:04:21 pm — [INFO] — Kailas Nimbalkar-->GET--->products
6/6/2025, 3:04:21 pm — [INFO] — Kailas Nimbalkar-->GET--->products
