15/6/2025, 9:51:21 am — [INFO] — Kailas Nimbalkar-->GET--->products
15/6/2025, 9:51:21 am — [INFO] — Kailas Nimbalkar-->GET--->products
15/6/2025, 9:51:42 am — [INFO] — Kailas Nimbalkar-->GET--->enquiries
15/6/2025, 9:51:42 am — [INFO] — Kailas Nimbalkar-->GET--->enquiries
15/6/2025, 9:51:42 am — [INFO] — Kailas Nimbalkar-->GET--->products
15/6/2025, 9:51:42 am — [INFO] — Kailas Nimbalkar-->GET--->products
15/6/2025, 9:53:27 am — [INFO] — Kailas Nimbalkar-->GET--->products
15/6/2025, 9:53:27 am — [INFO] — Kailas Nimbalkar-->GET--->products
15/6/2025, 9:53:28 am — [INFO] — Kailas Nimbalkar-->GET--->enquiries
15/6/2025, 9:53:28 am — [INFO] — Kailas Nimbalkar-->GET--->enquiries
15/6/2025, 9:53:28 am — [INFO] — Kailas Nimbalkar-->GET--->products
15/6/2025, 9:53:28 am — [INFO] — Kailas Nimbalkar-->GET--->products
15/6/2025, 10:03:28 am — [INFO] — Kailas Nimbalkar-->GET--->enquiries
15/6/2025, 10:03:28 am — [INFO] — Kailas Nimbalkar-->GET--->enquiries
15/6/2025, 10:03:28 am — [INFO] — Kailas Nimbalkar-->GET--->products
15/6/2025, 10:03:28 am — [INFO] — Kailas Nimbalkar-->GET--->products
15/6/2025, 10:03:59 am — [INFO] — Kailas Nimbalkar-->POST--->enquiries
15/6/2025, 10:03:59 am — [ERROR] — guest encountered error during POST /enquiries — user is not defined
15/6/2025, 10:13:38 am — [INFO] — Kailas Nimbalkar-->GET--->enquiries
15/6/2025, 10:13:38 am — [INFO] — Kailas Nimbalkar-->GET--->enquiries
15/6/2025, 10:13:38 am — [INFO] — Kailas Nimbalkar-->GET--->products
15/6/2025, 10:13:38 am — [INFO] — Kailas Nimbalkar-->GET--->products
15/6/2025, 10:14:15 am — [INFO] — Kailas Nimbalkar-->POST--->enquiries
15/6/2025, 10:30:59 am — [INFO] — Kailas Nimbalkar-->GET--->enquiries
15/6/2025, 10:30:59 am — [INFO] — Kailas Nimbalkar-->GET--->enquiries
15/6/2025, 10:30:59 am — [INFO] — Kailas Nimbalkar-->GET--->products
15/6/2025, 10:30:59 am — [INFO] — Kailas Nimbalkar-->GET--->products
15/6/2025, 10:32:13 am — [INFO] — Kailas Nimbalkar-->GET--->products
15/6/2025, 10:32:13 am — [INFO] — Kailas Nimbalkar-->GET--->products
15/6/2025, 10:32:34 am — [INFO] — Kailas Nimbalkar-->GET--->enquiries
15/6/2025, 10:32:35 am — [INFO] — Kailas Nimbalkar-->GET--->enquiries
15/6/2025, 10:32:35 am — [INFO] — Kailas Nimbalkar-->GET--->products
15/6/2025, 10:32:35 am — [INFO] — Kailas Nimbalkar-->GET--->products
15/6/2025, 10:32:54 am — [INFO] — Kailas Nimbalkar-->GET--->enquiries
15/6/2025, 10:32:54 am — [INFO] — Kailas Nimbalkar-->GET--->enquiries
15/6/2025, 10:33:01 am — [INFO] — Kailas Nimbalkar-->GET--->products
15/6/2025, 10:33:01 am — [INFO] — Kailas Nimbalkar-->GET--->products
15/6/2025, 10:33:01 am — [INFO] — Kailas Nimbalkar-->GET--->enquiries
15/6/2025, 10:33:01 am — [INFO] — Kailas Nimbalkar-->GET--->enquiries
15/6/2025, 10:33:01 am — [INFO] — Kailas Nimbalkar-->GET--->products
15/6/2025, 10:33:01 am — [INFO] — Kailas Nimbalkar-->GET--->products
15/6/2025, 10:33:42 am — [INFO] — Kailas Nimbalkar-->POST--->enquiries
15/6/2025, 10:55:35 am — [WARN] — Unauthorized operation -->GET--->products
15/6/2025, 10:55:35 am — [WARN] — Unauthorized operation -->GET--->products
15/6/2025, 10:55:37 am — [WARN] — Unauthorized operation -->GET--->enquiries
15/6/2025, 10:55:37 am — [WARN] — Unauthorized operation -->GET--->enquiries
15/6/2025, 10:55:59 am — [INFO] — Kailas Nimbalkar-->GET--->products
15/6/2025, 10:55:59 am — [INFO] — Kailas Nimbalkar-->GET--->products
15/6/2025, 10:56:00 am — [INFO] — Kailas Nimbalkar-->GET--->enquiries
15/6/2025, 10:56:00 am — [INFO] — Kailas Nimbalkar-->GET--->enquiries
15/6/2025, 10:56:00 am — [INFO] — Kailas Nimbalkar-->GET--->products
15/6/2025, 10:56:00 am — [INFO] — Kailas Nimbalkar-->GET--->products
15/6/2025, 10:56:35 am — [INFO] — Kailas Nimbalkar-->POST--->enquiries
15/6/2025, 10:58:44 am — [INFO] — Kailas Nimbalkar-->GET--->enquiries
15/6/2025, 10:58:44 am — [INFO] — Kailas Nimbalkar-->GET--->enquiries
15/6/2025, 10:58:44 am — [INFO] — Kailas Nimbalkar-->GET--->products
15/6/2025, 10:58:44 am — [INFO] — Kailas Nimbalkar-->GET--->products
15/6/2025, 10:59:18 am — [INFO] — Kailas Nimbalkar-->POST--->enquiries
15/6/2025, 11:03:26 am — [INFO] — Kailas Nimbalkar-->GET--->enquiries
15/6/2025, 11:03:26 am — [INFO] — Kailas Nimbalkar-->GET--->enquiries
15/6/2025, 11:03:26 am — [INFO] — Kailas Nimbalkar-->GET--->products
15/6/2025, 11:03:26 am — [INFO] — Kailas Nimbalkar-->GET--->products
15/6/2025, 11:04:19 am — [INFO] — Kailas Nimbalkar-->POST--->enquiries
15/6/2025, 11:05:40 am — [INFO] — Kailas Nimbalkar-->GET--->enquiries
15/6/2025, 11:05:40 am — [INFO] — Kailas Nimbalkar-->GET--->enquiries
15/6/2025, 11:05:40 am — [INFO] — Kailas Nimbalkar-->GET--->products
15/6/2025, 11:05:40 am — [INFO] — Kailas Nimbalkar-->GET--->products
15/6/2025, 11:06:47 am — [INFO] — Kailas Nimbalkar-->GET--->enquiries
15/6/2025, 11:06:47 am — [INFO] — Kailas Nimbalkar-->GET--->enquiries
15/6/2025, 11:06:47 am — [INFO] — Kailas Nimbalkar-->GET--->products
15/6/2025, 11:06:47 am — [INFO] — Kailas Nimbalkar-->GET--->products
15/6/2025, 11:07:17 am — [INFO] — Kailas Nimbalkar-->POST--->enquiries
15/6/2025, 11:12:34 am — [INFO] — Kailas Nimbalkar-->GET--->enquiries
15/6/2025, 11:12:34 am — [INFO] — Kailas Nimbalkar-->GET--->enquiries
15/6/2025, 11:12:34 am — [INFO] — Kailas Nimbalkar-->GET--->products
15/6/2025, 11:12:35 am — [INFO] — Kailas Nimbalkar-->GET--->products
15/6/2025, 11:13:02 am — [INFO] — Kailas Nimbalkar-->POST--->enquiries
15/6/2025, 11:14:05 am — [INFO] — Kailas Nimbalkar-->GET--->products
15/6/2025, 11:14:05 am — [INFO] — Kailas Nimbalkar-->GET--->products
15/6/2025, 11:14:44 am — [INFO] — Kailas Nimbalkar-->POST--->products
15/6/2025, 11:15:01 am — [INFO] — Kailas Nimbalkar-->GET--->enquiries
15/6/2025, 11:15:01 am — [INFO] — Kailas Nimbalkar-->GET--->enquiries
15/6/2025, 11:15:01 am — [INFO] — Kailas Nimbalkar-->GET--->products
15/6/2025, 11:15:01 am — [INFO] — Kailas Nimbalkar-->GET--->products
15/6/2025, 11:15:03 am — [INFO] — Kailas Nimbalkar-->GET--->products
15/6/2025, 11:15:03 am — [INFO] — Kailas Nimbalkar-->GET--->products
15/6/2025, 11:15:15 am — [INFO] — Kailas Nimbalkar-->GET--->enquiries
15/6/2025, 11:15:15 am — [INFO] — Kailas Nimbalkar-->GET--->enquiries
15/6/2025, 11:15:15 am — [INFO] — Kailas Nimbalkar-->GET--->products
15/6/2025, 11:15:15 am — [INFO] — Kailas Nimbalkar-->GET--->products
15/6/2025, 11:15:16 am — [INFO] — Kailas Nimbalkar-->GET--->products
15/6/2025, 11:15:16 am — [INFO] — Kailas Nimbalkar-->GET--->products
15/6/2025, 11:15:28 am — [INFO] — Kailas Nimbalkar-->GET--->products
15/6/2025, 11:15:28 am — [INFO] — Kailas Nimbalkar-->GET--->products
15/6/2025, 11:15:31 am — [INFO] — Kailas Nimbalkar-->DELETE--->products
15/6/2025, 11:15:35 am — [INFO] — Kailas Nimbalkar-->GET--->enquiries
15/6/2025, 11:15:35 am — [INFO] — Kailas Nimbalkar-->GET--->enquiries
15/6/2025, 11:15:35 am — [INFO] — Kailas Nimbalkar-->GET--->products
15/6/2025, 11:15:35 am — [INFO] — Kailas Nimbalkar-->GET--->products
15/6/2025, 11:15:48 am — [INFO] — Kailas Nimbalkar-->GET--->customers
15/6/2025, 11:15:48 am — [INFO] — Kailas Nimbalkar-->GET--->customers
15/6/2025, 11:15:49 am — [INFO] — Kailas Nimbalkar-->GET--->enquiries
15/6/2025, 11:15:49 am — [INFO] — Kailas Nimbalkar-->GET--->enquiries
15/6/2025, 11:15:49 am — [INFO] — Kailas Nimbalkar-->GET--->products
15/6/2025, 11:15:49 am — [INFO] — Kailas Nimbalkar-->GET--->products
15/6/2025, 11:19:56 am — [INFO] — Kailas Nimbalkar-->GET--->enquiries
15/6/2025, 11:19:56 am — [INFO] — Kailas Nimbalkar-->GET--->enquiries
15/6/2025, 11:20:20 am — [INFO] — Kailas Nimbalkar-->POST--->enquiries
15/6/2025, 11:20:35 am — [INFO] — Kailas Nimbalkar-->POST--->enquiries
15/6/2025, 11:20:44 am — [INFO] — Kailas Nimbalkar-->GET--->products
15/6/2025, 11:20:44 am — [INFO] — Kailas Nimbalkar-->GET--->products
15/6/2025, 11:21:08 am — [INFO] — Kailas Nimbalkar-->GET--->enquiries
15/6/2025, 11:21:08 am — [INFO] — Kailas Nimbalkar-->GET--->enquiries
15/6/2025, 11:21:08 am — [INFO] — Kailas Nimbalkar-->GET--->products
15/6/2025, 11:21:08 am — [INFO] — Kailas Nimbalkar-->GET--->products
15/6/2025, 11:48:31 am — [INFO] — Kailas Nimbalkar-->GET--->enquiries
15/6/2025, 11:48:31 am — [INFO] — Kailas Nimbalkar-->GET--->enquiries
15/6/2025, 11:48:31 am — [INFO] — Kailas Nimbalkar-->GET--->products
15/6/2025, 11:48:31 am — [INFO] — Kailas Nimbalkar-->GET--->products
15/6/2025, 11:49:23 am — [INFO] — Kailas Nimbalkar-->GET--->enquiries
15/6/2025, 11:49:23 am — [INFO] — Kailas Nimbalkar-->GET--->enquiries
15/6/2025, 11:50:30 am — [INFO] — Kailas Nimbalkar-->GET--->products
15/6/2025, 11:50:30 am — [INFO] — Kailas Nimbalkar-->GET--->products
15/6/2025, 11:50:31 am — [INFO] — Kailas Nimbalkar-->GET--->enquiries
15/6/2025, 11:50:31 am — [INFO] — Kailas Nimbalkar-->GET--->enquiries
15/6/2025, 11:50:31 am — [INFO] — Kailas Nimbalkar-->GET--->products
15/6/2025, 11:50:31 am — [INFO] — Kailas Nimbalkar-->GET--->products
15/6/2025, 11:52:25 am — [INFO] — Kailas Nimbalkar-->GET--->enquiries
15/6/2025, 11:52:25 am — [INFO] — Kailas Nimbalkar-->GET--->enquiries
15/6/2025, 12:04:59 pm — [WARN] — Unauthorized operation -->GET--->enquiries
15/6/2025, 12:04:59 pm — [WARN] — Unauthorized operation -->GET--->enquiries
15/6/2025, 12:05:15 pm — [INFO] — Kailas Nimbalkar-->GET--->enquiries
15/6/2025, 12:05:15 pm — [INFO] — Kailas Nimbalkar-->GET--->enquiries
15/6/2025, 12:05:15 pm — [INFO] — Kailas Nimbalkar-->GET--->products
15/6/2025, 12:05:15 pm — [INFO] — Kailas Nimbalkar-->GET--->products
15/6/2025, 12:10:27 pm — [INFO] — Kailas Nimbalkar-->GET--->enquiries
15/6/2025, 12:10:27 pm — [INFO] — Kailas Nimbalkar-->GET--->enquiries
15/6/2025, 12:10:27 pm — [INFO] — Kailas Nimbalkar-->GET--->enquiries
15/6/2025, 12:10:27 pm — [INFO] — Kailas Nimbalkar-->GET--->enquiries
15/6/2025, 12:10:30 pm — [INFO] — Kailas Nimbalkar-->GET--->enquiries
15/6/2025, 12:10:30 pm — [INFO] — Kailas Nimbalkar-->GET--->enquiries
15/6/2025, 12:10:30 pm — [INFO] — Kailas Nimbalkar-->GET--->products
15/6/2025, 12:10:30 pm — [INFO] — Kailas Nimbalkar-->GET--->products
15/6/2025, 12:10:33 pm — [INFO] — Kailas Nimbalkar-->GET--->enquiries
15/6/2025, 12:10:33 pm — [INFO] — Kailas Nimbalkar-->GET--->enquiries
15/6/2025, 12:21:56 pm — [INFO] — Kailas Nimbalkar-->GET--->products
15/6/2025, 12:21:56 pm — [INFO] — Kailas Nimbalkar-->GET--->products
15/6/2025, 12:21:57 pm — [INFO] — Kailas Nimbalkar-->GET--->enquiries
15/6/2025, 12:21:57 pm — [INFO] — Kailas Nimbalkar-->GET--->enquiries
15/6/2025, 12:21:57 pm — [INFO] — Kailas Nimbalkar-->GET--->products
15/6/2025, 12:21:57 pm — [INFO] — Kailas Nimbalkar-->GET--->products
15/6/2025, 12:26:30 pm — [INFO] — Kailas Nimbalkar-->GET--->products
15/6/2025, 12:26:30 pm — [INFO] — Kailas Nimbalkar-->GET--->products
15/6/2025, 12:26:31 pm — [INFO] — Kailas Nimbalkar-->GET--->enquiries
15/6/2025, 12:26:31 pm — [INFO] — Kailas Nimbalkar-->GET--->enquiries
15/6/2025, 12:26:31 pm — [INFO] — Kailas Nimbalkar-->GET--->products
15/6/2025, 12:26:31 pm — [INFO] — Kailas Nimbalkar-->GET--->products
15/6/2025, 12:28:35 pm — [INFO] — Kailas Nimbalkar-->GET--->enquiries
15/6/2025, 12:28:35 pm — [INFO] — Kailas Nimbalkar-->GET--->enquiries
15/6/2025, 12:28:35 pm — [INFO] — Kailas Nimbalkar-->GET--->enquiries
15/6/2025, 12:28:35 pm — [INFO] — Kailas Nimbalkar-->GET--->enquiries
15/6/2025, 12:28:35 pm — [INFO] — Kailas Nimbalkar-->GET--->enquiries
15/6/2025, 12:28:35 pm — [INFO] — Kailas Nimbalkar-->GET--->enquiries
15/6/2025, 12:28:35 pm — [INFO] — Kailas Nimbalkar-->GET--->enquiries
15/6/2025, 12:28:35 pm — [INFO] — Kailas Nimbalkar-->GET--->enquiries
15/6/2025, 12:28:35 pm — [INFO] — Kailas Nimbalkar-->GET--->enquiries
15/6/2025, 12:28:35 pm — [INFO] — Kailas Nimbalkar-->GET--->enquiries
15/6/2025, 12:30:04 pm — [INFO] — Kailas Nimbalkar-->GET--->enquiries
15/6/2025, 12:30:04 pm — [INFO] — Kailas Nimbalkar-->GET--->enquiries
15/6/2025, 12:30:04 pm — [INFO] — Kailas Nimbalkar-->GET--->enquiries
15/6/2025, 12:30:04 pm — [INFO] — Kailas Nimbalkar-->GET--->enquiries
15/6/2025, 12:30:04 pm — [INFO] — Kailas Nimbalkar-->GET--->enquiries
15/6/2025, 12:30:04 pm — [INFO] — Kailas Nimbalkar-->GET--->enquiries
15/6/2025, 12:30:04 pm — [INFO] — Kailas Nimbalkar-->GET--->enquiries
15/6/2025, 12:30:04 pm — [INFO] — Kailas Nimbalkar-->GET--->enquiries
15/6/2025, 12:30:04 pm — [INFO] — Kailas Nimbalkar-->GET--->enquiries
15/6/2025, 12:30:04 pm — [INFO] — Kailas Nimbalkar-->GET--->enquiries
15/6/2025, 12:45:53 pm — [INFO] — Kailas Nimbalkar-->GET--->enquiries
15/6/2025, 12:45:53 pm — [INFO] — Kailas Nimbalkar-->GET--->enquiries
15/6/2025, 12:45:56 pm — [INFO] — Kailas Nimbalkar-->GET--->enquiries
15/6/2025, 12:45:56 pm — [INFO] — Kailas Nimbalkar-->GET--->enquiries
15/6/2025, 12:45:57 pm — [INFO] — Kailas Nimbalkar-->GET--->enquiries
15/6/2025, 12:45:57 pm — [INFO] — Kailas Nimbalkar-->GET--->enquiries
15/6/2025, 12:45:57 pm — [INFO] — Kailas Nimbalkar-->GET--->enquiries
15/6/2025, 12:45:57 pm — [INFO] — Kailas Nimbalkar-->GET--->enquiries
15/6/2025, 12:45:57 pm — [INFO] — Kailas Nimbalkar-->GET--->enquiries
15/6/2025, 12:45:57 pm — [INFO] — Kailas Nimbalkar-->GET--->enquiries
15/6/2025, 12:45:57 pm — [INFO] — Kailas Nimbalkar-->GET--->enquiries
15/6/2025, 12:45:57 pm — [INFO] — Kailas Nimbalkar-->GET--->enquiries
15/6/2025, 12:45:57 pm — [INFO] — Kailas Nimbalkar-->GET--->enquiries
15/6/2025, 12:45:57 pm — [INFO] — Kailas Nimbalkar-->GET--->enquiries
15/6/2025, 12:53:29 pm — [INFO] — Kailas Nimbalkar-->GET--->enquiries
15/6/2025, 12:53:29 pm — [INFO] — Kailas Nimbalkar-->GET--->enquiries
15/6/2025, 12:53:29 pm — [INFO] — Kailas Nimbalkar-->GET--->products
15/6/2025, 12:53:29 pm — [INFO] — Kailas Nimbalkar-->GET--->products
15/6/2025, 12:53:53 pm — [INFO] — Kailas Nimbalkar-->GET--->enquiries
15/6/2025, 12:53:53 pm — [INFO] — Kailas Nimbalkar-->GET--->enquiries
15/6/2025, 12:53:53 pm — [INFO] — Kailas Nimbalkar-->GET--->enquiries
15/6/2025, 12:53:53 pm — [INFO] — Kailas Nimbalkar-->GET--->enquiries
15/6/2025, 12:53:53 pm — [INFO] — Kailas Nimbalkar-->GET--->enquiries
15/6/2025, 12:53:53 pm — [INFO] — Kailas Nimbalkar-->GET--->enquiries
15/6/2025, 12:53:53 pm — [INFO] — Kailas Nimbalkar-->GET--->enquiries
15/6/2025, 12:53:53 pm — [INFO] — Kailas Nimbalkar-->GET--->enquiries
15/6/2025, 12:53:53 pm — [INFO] — Kailas Nimbalkar-->GET--->enquiries
15/6/2025, 12:53:53 pm — [INFO] — Kailas Nimbalkar-->GET--->enquiries
15/6/2025, 12:53:53 pm — [INFO] — Kailas Nimbalkar-->GET--->enquiries
15/6/2025, 12:53:53 pm — [INFO] — Kailas Nimbalkar-->GET--->enquiries
15/6/2025, 1:03:47 pm — [INFO] — Kailas Nimbalkar-->GET--->enquiries
15/6/2025, 1:03:47 pm — [INFO] — Kailas Nimbalkar-->GET--->enquiries
15/6/2025, 1:03:47 pm — [INFO] — Kailas Nimbalkar-->GET--->enquiries
15/6/2025, 1:03:47 pm — [INFO] — Kailas Nimbalkar-->GET--->enquiries
15/6/2025, 1:03:47 pm — [INFO] — Kailas Nimbalkar-->GET--->enquiries
15/6/2025, 1:03:47 pm — [INFO] — Kailas Nimbalkar-->GET--->enquiries
15/6/2025, 1:03:47 pm — [INFO] — Kailas Nimbalkar-->GET--->enquiries
15/6/2025, 1:03:47 pm — [INFO] — Kailas Nimbalkar-->GET--->enquiries
15/6/2025, 1:03:47 pm — [INFO] — Kailas Nimbalkar-->GET--->enquiries
15/6/2025, 1:03:47 pm — [INFO] — Kailas Nimbalkar-->GET--->enquiries
15/6/2025, 1:03:47 pm — [INFO] — Kailas Nimbalkar-->GET--->enquiries
15/6/2025, 1:03:47 pm — [INFO] — Kailas Nimbalkar-->GET--->enquiries
15/6/2025, 1:04:03 pm — [INFO] — Kailas Nimbalkar-->GET--->enquiries
15/6/2025, 1:04:03 pm — [INFO] — Kailas Nimbalkar-->GET--->enquiries
15/6/2025, 1:05:21 pm — [WARN] — Unauthorized operation -->GET--->enquiries
15/6/2025, 1:05:21 pm — [WARN] — Unauthorized operation -->GET--->enquiries
15/6/2025, 1:05:21 pm — [WARN] — Unauthorized operation -->GET--->enquiries
15/6/2025, 1:05:21 pm — [WARN] — Unauthorized operation -->GET--->enquiries
15/6/2025, 1:10:18 pm — [WARN] — Unauthorized operation -->GET--->enquiries
15/6/2025, 1:10:18 pm — [WARN] — Unauthorized operation -->GET--->enquiries
15/6/2025, 1:10:21 pm — [WARN] — Unauthorized operation -->GET--->enquiries
15/6/2025, 1:10:21 pm — [WARN] — Unauthorized operation -->GET--->enquiries
15/6/2025, 1:10:23 pm — [WARN] — Unauthorized operation -->GET--->enquiries
15/6/2025, 1:10:23 pm — [WARN] — Unauthorized operation -->GET--->enquiries
15/6/2025, 1:10:45 pm — [INFO] — Kailas Nimbalkar-->GET--->products
15/6/2025, 1:10:45 pm — [INFO] — Kailas Nimbalkar-->GET--->products
15/6/2025, 1:13:14 pm — [INFO] — Kailas Nimbalkar-->GET--->enquiries
15/6/2025, 1:13:14 pm — [INFO] — Kailas Nimbalkar-->GET--->enquiries
15/6/2025, 1:13:14 pm — [INFO] — Kailas Nimbalkar-->GET--->products
15/6/2025, 1:13:14 pm — [INFO] — Kailas Nimbalkar-->GET--->products
15/6/2025, 1:18:42 pm — [INFO] — Kailas Nimbalkar-->GET--->enquiries
15/6/2025, 1:18:42 pm — [INFO] — Kailas Nimbalkar-->GET--->enquiries
15/6/2025, 1:18:42 pm — [INFO] — Kailas Nimbalkar-->GET--->enquiries
15/6/2025, 1:18:42 pm — [INFO] — Kailas Nimbalkar-->GET--->enquiries
15/6/2025, 1:19:24 pm — [INFO] — Kailas Nimbalkar-->GET--->enquiries
15/6/2025, 1:19:24 pm — [INFO] — Kailas Nimbalkar-->GET--->enquiries
15/6/2025, 1:19:33 pm — [INFO] — Kailas Nimbalkar-->GET--->enquiries
15/6/2025, 1:19:33 pm — [INFO] — Kailas Nimbalkar-->GET--->enquiries
15/6/2025, 1:28:21 pm — [INFO] — Kailas Nimbalkar-->GET--->enquiries
15/6/2025, 1:28:21 pm — [INFO] — Kailas Nimbalkar-->GET--->enquiries
15/6/2025, 1:28:23 pm — [INFO] — Kailas Nimbalkar-->GET--->enquiries
15/6/2025, 1:28:23 pm — [INFO] — Kailas Nimbalkar-->GET--->enquiries
15/6/2025, 1:28:27 pm — [INFO] — Kailas Nimbalkar-->GET--->enquiries
15/6/2025, 1:28:27 pm — [INFO] — Kailas Nimbalkar-->GET--->enquiries
15/6/2025, 1:28:31 pm — [INFO] — Kailas Nimbalkar-->GET--->enquiries
15/6/2025, 1:28:31 pm — [INFO] — Kailas Nimbalkar-->GET--->enquiries
15/6/2025, 1:39:48 pm — [INFO] — Kailas Nimbalkar-->GET--->enquiries
15/6/2025, 1:39:48 pm — [INFO] — Kailas Nimbalkar-->GET--->enquiries
15/6/2025, 1:39:53 pm — [INFO] — Kailas Nimbalkar-->GET--->enquiries
15/6/2025, 1:39:53 pm — [INFO] — Kailas Nimbalkar-->GET--->enquiries
15/6/2025, 1:41:20 pm — [INFO] — Kailas Nimbalkar-->POST--->enquiries
15/6/2025, 1:51:26 pm — [INFO] — Kailas Nimbalkar-->GET--->enquiries
15/6/2025, 1:51:26 pm — [INFO] — Kailas Nimbalkar-->GET--->enquiries
15/6/2025, 1:51:26 pm — [INFO] — Kailas Nimbalkar-->GET--->products
15/6/2025, 1:51:26 pm — [INFO] — Kailas Nimbalkar-->GET--->products
15/6/2025, 1:52:00 pm — [INFO] — Kailas Nimbalkar-->GET--->enquiries
15/6/2025, 1:52:00 pm — [INFO] — Kailas Nimbalkar-->GET--->enquiries
15/6/2025, 1:52:03 pm — [INFO] — Kailas Nimbalkar-->GET--->enquiries
15/6/2025, 1:53:48 pm — [INFO] — Kailas Nimbalkar-->POST--->enquiries
15/6/2025, 1:54:17 pm — [INFO] — Kailas Nimbalkar-->GET--->enquiries
15/6/2025, 1:54:17 pm — [INFO] — Kailas Nimbalkar-->GET--->enquiries
15/6/2025, 1:56:50 pm — [INFO] — Kailas Nimbalkar-->GET--->enquiries
15/6/2025, 2:09:08 pm — [INFO] — Kailas Nimbalkar-->GET--->enquiries
15/6/2025, 2:09:08 pm — [INFO] — Kailas Nimbalkar-->GET--->enquiries
15/6/2025, 2:09:35 pm — [INFO] — Kailas Nimbalkar-->GET--->enquiries
15/6/2025, 2:09:35 pm — [INFO] — Kailas Nimbalkar-->GET--->enquiries
15/6/2025, 2:09:36 pm — [INFO] — Kailas Nimbalkar-->GET--->enquiries
15/6/2025, 2:09:36 pm — [INFO] — Kailas Nimbalkar-->GET--->enquiries
15/6/2025, 2:10:06 pm — [INFO] — Kailas Nimbalkar-->POST--->enquiries
15/6/2025, 2:14:34 pm — [WARN] — Unauthorized operation -->POST--->enquiries
15/6/2025, 2:14:41 pm — [WARN] — Unauthorized operation -->GET--->enquiries
15/6/2025, 2:14:41 pm — [WARN] — Unauthorized operation -->GET--->enquiries
15/6/2025, 2:14:56 pm — [INFO] — Kailas Nimbalkar-->GET--->enquiries
15/6/2025, 2:14:56 pm — [INFO] — Kailas Nimbalkar-->GET--->enquiries
15/6/2025, 2:14:56 pm — [INFO] — Kailas Nimbalkar-->GET--->products
15/6/2025, 2:14:56 pm — [INFO] — Kailas Nimbalkar-->GET--->products
15/6/2025, 2:14:59 pm — [INFO] — Kailas Nimbalkar-->GET--->enquiries
15/6/2025, 2:14:59 pm — [INFO] — Kailas Nimbalkar-->GET--->enquiries
15/6/2025, 2:18:03 pm — [INFO] — Kailas Nimbalkar-->GET--->enquiries
15/6/2025, 2:18:03 pm — [INFO] — Kailas Nimbalkar-->GET--->enquiries
15/6/2025, 2:18:03 pm — [INFO] — Kailas Nimbalkar-->GET--->enquiries
15/6/2025, 2:18:07 pm — [INFO] — Kailas Nimbalkar-->GET--->enquiries
15/6/2025, 2:18:07 pm — [INFO] — Kailas Nimbalkar-->GET--->enquiries
15/6/2025, 2:18:07 pm — [INFO] — Kailas Nimbalkar-->GET--->enquiries
15/6/2025, 2:18:33 pm — [INFO] — Kailas Nimbalkar-->POST--->enquiries
15/6/2025, 2:22:22 pm — [INFO] — Kailas Nimbalkar-->GET--->enquiries
15/6/2025, 2:22:22 pm — [INFO] — Kailas Nimbalkar-->GET--->enquiries
15/6/2025, 2:22:25 pm — [INFO] — Kailas Nimbalkar-->GET--->enquiries
15/6/2025, 2:22:25 pm — [INFO] — Kailas Nimbalkar-->GET--->enquiries
15/6/2025, 2:22:39 pm — [INFO] — Kailas Nimbalkar-->POST--->enquiries
15/6/2025, 2:24:12 pm — [INFO] — Kailas Nimbalkar-->GET--->enquiries
15/6/2025, 2:24:12 pm — [INFO] — Kailas Nimbalkar-->GET--->enquiries
15/6/2025, 2:24:17 pm — [INFO] — Kailas Nimbalkar-->GET--->enquiries
15/6/2025, 2:24:17 pm — [INFO] — Kailas Nimbalkar-->GET--->enquiries
15/6/2025, 2:32:08 pm — [INFO] — Kailas Nimbalkar-->POST--->enquiries
15/6/2025, 2:32:11 pm — [INFO] — Kailas Nimbalkar-->GET--->enquiries
15/6/2025, 2:32:11 pm — [INFO] — Kailas Nimbalkar-->GET--->enquiries
15/6/2025, 2:33:11 pm — [INFO] — Kailas Nimbalkar-->POST--->enquiries
15/6/2025, 2:33:12 pm — [INFO] — Kailas Nimbalkar-->GET--->enquiries
15/6/2025, 2:33:12 pm — [INFO] — Kailas Nimbalkar-->GET--->enquiries
15/6/2025, 2:33:41 pm — [INFO] — Kailas Nimbalkar-->GET--->enquiries
15/6/2025, 2:33:41 pm — [INFO] — Kailas Nimbalkar-->GET--->enquiries
15/6/2025, 2:54:08 pm — [INFO] — Kailas Nimbalkar-->GET--->enquiries
15/6/2025, 2:54:08 pm — [INFO] — Kailas Nimbalkar-->GET--->enquiries
15/6/2025, 2:54:52 pm — [INFO] — Kailas Nimbalkar-->GET--->enquiries
15/6/2025, 2:54:52 pm — [INFO] — Kailas Nimbalkar-->GET--->enquiries
15/6/2025, 3:01:09 pm — [INFO] — Kailas Nimbalkar-->GET--->enquiries
15/6/2025, 3:01:09 pm — [INFO] — Kailas Nimbalkar-->GET--->enquiries
15/6/2025, 3:01:49 pm — [INFO] — Kailas Nimbalkar-->GET--->enquiries
15/6/2025, 3:01:49 pm — [INFO] — Kailas Nimbalkar-->GET--->enquiries
15/6/2025, 3:01:52 pm — [INFO] — Kailas Nimbalkar-->GET--->enquiries
15/6/2025, 3:01:52 pm — [INFO] — Kailas Nimbalkar-->GET--->enquiries
15/6/2025, 3:03:04 pm — [INFO] — Kailas Nimbalkar-->GET--->enquiries
15/6/2025, 3:03:04 pm — [INFO] — Kailas Nimbalkar-->GET--->enquiries
15/6/2025, 3:06:40 pm — [INFO] — Kailas Nimbalkar-->GET--->enquiries
15/6/2025, 3:06:40 pm — [INFO] — Kailas Nimbalkar-->GET--->enquiries
15/6/2025, 3:06:40 pm — [INFO] — Kailas Nimbalkar-->GET--->enquiries
15/6/2025, 3:06:40 pm — [INFO] — Kailas Nimbalkar-->GET--->enquiries
15/6/2025, 3:09:54 pm — [INFO] — Kailas Nimbalkar-->GET--->enquiries
15/6/2025, 3:09:54 pm — [INFO] — Kailas Nimbalkar-->GET--->enquiries
15/6/2025, 3:14:47 pm — [INFO] — Kailas Nimbalkar-->GET--->enquiries
15/6/2025, 3:14:47 pm — [INFO] — Kailas Nimbalkar-->GET--->enquiries
15/6/2025, 3:14:55 pm — [WARN] — Unauthorized operation -->GET--->enquiries
15/6/2025, 3:14:55 pm — [WARN] — Unauthorized operation -->GET--->enquiries
15/6/2025, 3:15:17 pm — [INFO] — Kailas Nimbalkar-->GET--->enquiries
15/6/2025, 3:15:17 pm — [INFO] — Kailas Nimbalkar-->GET--->enquiries
15/6/2025, 3:15:17 pm — [INFO] — Kailas Nimbalkar-->GET--->products
15/6/2025, 3:15:17 pm — [INFO] — Kailas Nimbalkar-->GET--->products
15/6/2025, 3:15:20 pm — [INFO] — Kailas Nimbalkar-->GET--->enquiries
15/6/2025, 3:15:20 pm — [INFO] — Kailas Nimbalkar-->GET--->enquiries
15/6/2025, 3:15:27 pm — [INFO] — Kailas Nimbalkar-->GET--->enquiries
15/6/2025, 3:15:27 pm — [INFO] — Kailas Nimbalkar-->GET--->enquiries
15/6/2025, 3:18:19 pm — [INFO] — Kailas Nimbalkar-->GET--->enquiries
15/6/2025, 3:18:19 pm — [INFO] — Kailas Nimbalkar-->GET--->enquiries
15/6/2025, 3:18:20 pm — [INFO] — Kailas Nimbalkar-->GET--->enquiries
15/6/2025, 3:18:20 pm — [INFO] — Kailas Nimbalkar-->GET--->enquiries
15/6/2025, 3:18:23 pm — [INFO] — Kailas Nimbalkar-->GET--->enquiries
15/6/2025, 3:18:23 pm — [INFO] — Kailas Nimbalkar-->GET--->enquiries
15/6/2025, 3:18:23 pm — [INFO] — Kailas Nimbalkar-->GET--->enquiries
15/6/2025, 3:18:23 pm — [INFO] — Kailas Nimbalkar-->GET--->enquiries
15/6/2025, 3:19:00 pm — [INFO] — Kailas Nimbalkar-->GET--->enquiries
15/6/2025, 3:19:00 pm — [INFO] — Kailas Nimbalkar-->GET--->enquiries
15/6/2025, 3:19:00 pm — [INFO] — Kailas Nimbalkar-->GET--->enquiries
15/6/2025, 3:19:00 pm — [INFO] — Kailas Nimbalkar-->GET--->enquiries
15/6/2025, 3:19:04 pm — [INFO] — Kailas Nimbalkar-->GET--->enquiries
15/6/2025, 3:19:04 pm — [INFO] — Kailas Nimbalkar-->GET--->enquiries
15/6/2025, 3:19:04 pm — [INFO] — Kailas Nimbalkar-->GET--->enquiries
15/6/2025, 3:19:04 pm — [INFO] — Kailas Nimbalkar-->GET--->enquiries
15/6/2025, 3:19:18 pm — [INFO] — Kailas Nimbalkar-->GET--->enquiries
15/6/2025, 3:19:18 pm — [INFO] — Kailas Nimbalkar-->GET--->enquiries
15/6/2025, 3:19:18 pm — [INFO] — Kailas Nimbalkar-->GET--->enquiries
15/6/2025, 3:19:18 pm — [INFO] — Kailas Nimbalkar-->GET--->enquiries
15/6/2025, 3:19:52 pm — [INFO] — Kailas Nimbalkar-->GET--->enquiries
15/6/2025, 3:19:52 pm — [INFO] — Kailas Nimbalkar-->GET--->enquiries
15/6/2025, 3:19:52 pm — [INFO] — Kailas Nimbalkar-->GET--->enquiries
15/6/2025, 3:19:52 pm — [INFO] — Kailas Nimbalkar-->GET--->enquiries
15/6/2025, 3:19:52 pm — [INFO] — Kailas Nimbalkar-->GET--->enquiries
15/6/2025, 3:19:52 pm — [INFO] — Kailas Nimbalkar-->GET--->enquiries
15/6/2025, 3:25:27 pm — [INFO] — Kailas Nimbalkar-->GET--->enquiries
15/6/2025, 3:25:27 pm — [INFO] — Kailas Nimbalkar-->GET--->enquiries
15/6/2025, 3:25:27 pm — [INFO] — Kailas Nimbalkar-->GET--->enquiries
15/6/2025, 3:25:27 pm — [INFO] — Kailas Nimbalkar-->GET--->enquiries
15/6/2025, 3:25:27 pm — [INFO] — Kailas Nimbalkar-->GET--->enquiries
15/6/2025, 3:25:27 pm — [INFO] — Kailas Nimbalkar-->GET--->enquiries
15/6/2025, 3:25:54 pm — [INFO] — Kailas Nimbalkar-->GET--->enquiries
15/6/2025, 3:25:54 pm — [INFO] — Kailas Nimbalkar-->GET--->enquiries
15/6/2025, 3:26:18 pm — [INFO] — Kailas Nimbalkar-->GET--->enquiries
15/6/2025, 3:26:18 pm — [INFO] — Kailas Nimbalkar-->GET--->enquiries
15/6/2025, 3:33:05 pm — [INFO] — Kailas Nimbalkar-->GET--->enquiries
15/6/2025, 3:33:05 pm — [INFO] — Kailas Nimbalkar-->GET--->enquiries
15/6/2025, 3:33:17 pm — [INFO] — Kailas Nimbalkar-->GET--->enquiries
15/6/2025, 3:33:17 pm — [INFO] — Kailas Nimbalkar-->GET--->enquiries
15/6/2025, 3:33:28 pm — [INFO] — Kailas Nimbalkar-->GET--->enquiries
15/6/2025, 3:33:28 pm — [INFO] — Kailas Nimbalkar-->GET--->enquiries
15/6/2025, 3:33:28 pm — [INFO] — Kailas Nimbalkar-->GET--->enquiries
15/6/2025, 3:33:28 pm — [INFO] — Kailas Nimbalkar-->GET--->enquiries
15/6/2025, 3:33:30 pm — [INFO] — Kailas Nimbalkar-->GET--->enquiries
15/6/2025, 3:33:30 pm — [INFO] — Kailas Nimbalkar-->GET--->enquiries
15/6/2025, 3:33:30 pm — [INFO] — Kailas Nimbalkar-->GET--->enquiries
15/6/2025, 3:33:30 pm — [INFO] — Kailas Nimbalkar-->GET--->enquiries
15/6/2025, 3:36:42 pm — [INFO] — Kailas Nimbalkar-->GET--->enquiries
15/6/2025, 3:36:42 pm — [INFO] — Kailas Nimbalkar-->GET--->enquiries
15/6/2025, 3:36:42 pm — [INFO] — Kailas Nimbalkar-->GET--->enquiries
15/6/2025, 3:36:42 pm — [INFO] — Kailas Nimbalkar-->GET--->enquiries
15/6/2025, 3:37:35 pm — [INFO] — Kailas Nimbalkar-->GET--->enquiries
15/6/2025, 3:37:35 pm — [INFO] — Kailas Nimbalkar-->GET--->enquiries
15/6/2025, 3:37:35 pm — [INFO] — Kailas Nimbalkar-->GET--->enquiries
15/6/2025, 3:37:35 pm — [INFO] — Kailas Nimbalkar-->GET--->enquiries
15/6/2025, 3:39:15 pm — [INFO] — Kailas Nimbalkar-->GET--->enquiries
15/6/2025, 3:39:15 pm — [INFO] — Kailas Nimbalkar-->GET--->enquiries
