21/6/2025, 11:30:24 am — [INFO] — Kailas Nimbalkar-->GET--->enquiries
21/6/2025, 11:30:24 am — [INFO] — Kailas Nimbalkar-->GET--->enquiries
21/6/2025, 11:30:24 am — [INFO] — Kailas Nimbalkar-->GET--->products
21/6/2025, 11:30:25 am — [INFO] — Kailas Nimbalkar-->GET--->products
21/6/2025, 11:40:14 am — [INFO] — Kailas Nimbalkar-->GET--->enquiries
21/6/2025, 11:40:14 am — [INFO] — Kailas Nimbalkar-->GET--->enquiries
21/6/2025, 11:41:05 am — [INFO] — Kailas Nimbalkar-->GET--->enquiries
21/6/2025, 11:41:05 am — [INFO] — Kailas Nimbalkar-->GET--->enquiries
21/6/2025, 11:41:51 am — [INFO] — Kailas Nimbalkar-->GET--->enquiries
21/6/2025, 11:41:51 am — [INFO] — Kailas Nimbalkar-->GET--->enquiries
21/6/2025, 11:41:51 am — [INFO] — Kailas Nimbalkar-->GET--->products
21/6/2025, 11:41:51 am — [INFO] — Kailas Nimbalkar-->GET--->products
21/6/2025, 11:42:26 am — [INFO] — Kailas Nimbalkar-->GET--->enquiries
21/6/2025, 11:42:26 am — [INFO] — Kailas Nimbalkar-->GET--->enquiries
21/6/2025, 11:42:26 am — [INFO] — Kailas Nimbalkar-->GET--->products
21/6/2025, 11:42:26 am — [INFO] — Kailas Nimbalkar-->GET--->products
21/6/2025, 11:42:36 am — [INFO] — Kailas Nimbalkar-->GET--->enquiries
21/6/2025, 11:42:36 am — [INFO] — Kailas Nimbalkar-->GET--->enquiries
21/6/2025, 11:42:36 am — [INFO] — Kailas Nimbalkar-->GET--->products
21/6/2025, 11:42:36 am — [INFO] — Kailas Nimbalkar-->GET--->products
21/6/2025, 11:42:45 am — [INFO] — Kailas Nimbalkar-->GET--->enquiries
21/6/2025, 11:42:45 am — [INFO] — Kailas Nimbalkar-->GET--->enquiries
21/6/2025, 11:42:45 am — [INFO] — Kailas Nimbalkar-->GET--->products
21/6/2025, 11:42:45 am — [INFO] — Kailas Nimbalkar-->GET--->products
21/6/2025, 11:42:47 am — [INFO] — Kailas Nimbalkar-->GET--->enquiries
21/6/2025, 11:42:47 am — [INFO] — Kailas Nimbalkar-->GET--->enquiries
21/6/2025, 11:42:47 am — [INFO] — Kailas Nimbalkar-->GET--->products
21/6/2025, 11:42:47 am — [INFO] — Kailas Nimbalkar-->GET--->products
21/6/2025, 12:08:53 pm — [INFO] — Kailas Nimbalkar-->GET--->enquiries
21/6/2025, 12:08:53 pm — [INFO] — Kailas Nimbalkar-->GET--->enquiries
21/6/2025, 12:08:53 pm — [INFO] — Kailas Nimbalkar-->GET--->products
21/6/2025, 12:08:53 pm — [INFO] — Kailas Nimbalkar-->GET--->products
21/6/2025, 12:08:59 pm — [INFO] — Kailas Nimbalkar-->GET--->enquiries
21/6/2025, 12:08:59 pm — [INFO] — Kailas Nimbalkar-->GET--->enquiries
21/6/2025, 12:08:59 pm — [INFO] — Kailas Nimbalkar-->GET--->products
21/6/2025, 12:08:59 pm — [INFO] — Kailas Nimbalkar-->GET--->products
21/6/2025, 12:09:30 pm — [INFO] — Kailas Nimbalkar-->GET--->enquiries
21/6/2025, 12:09:30 pm — [INFO] — Kailas Nimbalkar-->GET--->products
21/6/2025, 12:09:36 pm — [INFO] — Kailas Nimbalkar-->GET--->enquiries
21/6/2025, 12:09:36 pm — [INFO] — Kailas Nimbalkar-->GET--->enquiries
21/6/2025, 12:09:36 pm — [INFO] — Kailas Nimbalkar-->GET--->products
21/6/2025, 12:09:36 pm — [INFO] — Kailas Nimbalkar-->GET--->products
21/6/2025, 12:10:07 pm — [INFO] — Kailas Nimbalkar-->GET--->enquiries
21/6/2025, 12:10:07 pm — [INFO] — Kailas Nimbalkar-->GET--->products
21/6/2025, 12:10:14 pm — [INFO] — Kailas Nimbalkar-->GET--->enquiries
21/6/2025, 12:10:14 pm — [INFO] — Kailas Nimbalkar-->GET--->enquiries
21/6/2025, 12:10:14 pm — [INFO] — Kailas Nimbalkar-->GET--->products
21/6/2025, 12:10:14 pm — [INFO] — Kailas Nimbalkar-->GET--->products
21/6/2025, 12:11:23 pm — [INFO] — Kailas Nimbalkar-->GET--->enquiries
21/6/2025, 12:11:23 pm — [INFO] — Kailas Nimbalkar-->GET--->enquiries
21/6/2025, 12:11:23 pm — [INFO] — Kailas Nimbalkar-->GET--->products
21/6/2025, 12:11:23 pm — [INFO] — Kailas Nimbalkar-->GET--->products
21/6/2025, 12:11:28 pm — [INFO] — Kailas Nimbalkar-->GET--->enquiries
21/6/2025, 12:11:28 pm — [INFO] — Kailas Nimbalkar-->GET--->enquiries
21/6/2025, 12:11:28 pm — [INFO] — Kailas Nimbalkar-->GET--->products
21/6/2025, 12:11:28 pm — [INFO] — Kailas Nimbalkar-->GET--->products
21/6/2025, 12:14:27 pm — [INFO] — Kailas Nimbalkar-->GET--->enquiries
21/6/2025, 12:14:27 pm — [INFO] — Kailas Nimbalkar-->GET--->enquiries
21/6/2025, 12:14:27 pm — [INFO] — Kailas Nimbalkar-->GET--->products
21/6/2025, 12:14:27 pm — [INFO] — Kailas Nimbalkar-->GET--->products
21/6/2025, 12:15:10 pm — [INFO] — Kailas Nimbalkar-->GET--->enquiries
21/6/2025, 12:15:10 pm — [INFO] — Kailas Nimbalkar-->GET--->enquiries
21/6/2025, 12:15:10 pm — [INFO] — Kailas Nimbalkar-->GET--->products
21/6/2025, 12:15:10 pm — [INFO] — Kailas Nimbalkar-->GET--->products
21/6/2025, 12:18:22 pm — [INFO] — Kailas Nimbalkar-->GET--->enquiries
21/6/2025, 12:18:22 pm — [INFO] — Kailas Nimbalkar-->GET--->enquiries
21/6/2025, 12:18:22 pm — [INFO] — Kailas Nimbalkar-->GET--->products
21/6/2025, 12:18:22 pm — [INFO] — Kailas Nimbalkar-->GET--->products
21/6/2025, 12:22:39 pm — [INFO] — Kailas Nimbalkar-->GET--->products
21/6/2025, 12:22:39 pm — [INFO] — Kailas Nimbalkar-->GET--->products
21/6/2025, 12:22:41 pm — [INFO] — Kailas Nimbalkar-->GET--->enquiries
21/6/2025, 12:22:41 pm — [INFO] — Kailas Nimbalkar-->GET--->enquiries
21/6/2025, 12:22:41 pm — [INFO] — Kailas Nimbalkar-->GET--->products
21/6/2025, 12:22:41 pm — [INFO] — Kailas Nimbalkar-->GET--->products
21/6/2025, 12:23:06 pm — [INFO] — Kailas Nimbalkar-->POST--->enquiries
21/6/2025, 12:26:55 pm — [INFO] — Kailas Nimbalkar-->GET--->enquiries
21/6/2025, 12:26:56 pm — [INFO] — Kailas Nimbalkar-->GET--->enquiries
21/6/2025, 12:26:56 pm — [INFO] — Kailas Nimbalkar-->GET--->products
21/6/2025, 12:26:56 pm — [INFO] — Kailas Nimbalkar-->GET--->products
21/6/2025, 12:27:06 pm — [INFO] — Kailas Nimbalkar-->POST--->enquiries
21/6/2025, 12:27:11 pm — [INFO] — Kailas Nimbalkar-->GET--->enquiries
21/6/2025, 12:27:11 pm — [INFO] — Kailas Nimbalkar-->GET--->enquiries
21/6/2025, 12:27:11 pm — [INFO] — Kailas Nimbalkar-->GET--->products
21/6/2025, 12:27:11 pm — [INFO] — Kailas Nimbalkar-->GET--->products
21/6/2025, 12:28:22 pm — [INFO] — Kailas Nimbalkar-->GET--->enquiries
21/6/2025, 12:28:22 pm — [INFO] — Kailas Nimbalkar-->GET--->enquiries
21/6/2025, 12:28:22 pm — [INFO] — Kailas Nimbalkar-->GET--->products
21/6/2025, 12:28:22 pm — [INFO] — Kailas Nimbalkar-->GET--->products
21/6/2025, 12:28:25 pm — [INFO] — Kailas Nimbalkar-->GET--->enquiries
21/6/2025, 12:28:25 pm — [INFO] — Kailas Nimbalkar-->GET--->enquiries
21/6/2025, 12:28:25 pm — [INFO] — Kailas Nimbalkar-->GET--->products
21/6/2025, 12:28:25 pm — [INFO] — Kailas Nimbalkar-->GET--->products
21/6/2025, 12:28:27 pm — [INFO] — Kailas Nimbalkar-->GET--->enquiries
21/6/2025, 12:28:27 pm — [INFO] — Kailas Nimbalkar-->GET--->enquiries
21/6/2025, 12:28:27 pm — [INFO] — Kailas Nimbalkar-->GET--->products
21/6/2025, 12:28:27 pm — [INFO] — Kailas Nimbalkar-->GET--->products
21/6/2025, 12:28:35 pm — [INFO] — Kailas Nimbalkar-->GET--->enquiries
21/6/2025, 12:28:35 pm — [INFO] — Kailas Nimbalkar-->GET--->enquiries
21/6/2025, 12:28:35 pm — [INFO] — Kailas Nimbalkar-->GET--->products
21/6/2025, 12:28:35 pm — [INFO] — Kailas Nimbalkar-->GET--->products
21/6/2025, 12:29:56 pm — [INFO] — Kailas Nimbalkar-->GET--->enquiries
21/6/2025, 12:29:56 pm — [INFO] — Kailas Nimbalkar-->GET--->enquiries
21/6/2025, 12:29:56 pm — [INFO] — Kailas Nimbalkar-->GET--->products
21/6/2025, 12:29:56 pm — [INFO] — Kailas Nimbalkar-->GET--->products
21/6/2025, 12:29:58 pm — [INFO] — Kailas Nimbalkar-->GET--->enquiries
21/6/2025, 12:29:58 pm — [INFO] — Kailas Nimbalkar-->GET--->enquiries
21/6/2025, 12:29:58 pm — [INFO] — Kailas Nimbalkar-->GET--->products
21/6/2025, 12:29:58 pm — [INFO] — Kailas Nimbalkar-->GET--->products
21/6/2025, 12:30:01 pm — [INFO] — Kailas Nimbalkar-->GET--->enquiries
21/6/2025, 12:30:01 pm — [INFO] — Kailas Nimbalkar-->GET--->enquiries
21/6/2025, 12:30:02 pm — [INFO] — Kailas Nimbalkar-->GET--->products
21/6/2025, 12:30:02 pm — [INFO] — Kailas Nimbalkar-->GET--->products
21/6/2025, 12:30:08 pm — [INFO] — Kailas Nimbalkar-->GET--->enquiries
21/6/2025, 12:30:08 pm — [INFO] — Kailas Nimbalkar-->GET--->enquiries
21/6/2025, 12:30:08 pm — [INFO] — Kailas Nimbalkar-->GET--->products
21/6/2025, 12:30:08 pm — [INFO] — Kailas Nimbalkar-->GET--->products
21/6/2025, 12:33:09 pm — [WARN] — Unauthorized operation -->GET--->enquiries
21/6/2025, 12:33:09 pm — [WARN] — Unauthorized operation -->GET--->enquiries
21/6/2025, 12:43:10 pm — [WARN] — Unauthorized operation -->POST--->enquiries
21/6/2025, 12:43:41 pm — [INFO] — Kailas Nimbalkar-->GET--->enquiries
21/6/2025, 12:43:41 pm — [INFO] — Kailas Nimbalkar-->GET--->enquiries
21/6/2025, 12:43:41 pm — [INFO] — Kailas Nimbalkar-->GET--->products
21/6/2025, 12:43:41 pm — [INFO] — Kailas Nimbalkar-->GET--->products
21/6/2025, 12:43:45 pm — [INFO] — Kailas Nimbalkar-->GET--->enquiries
21/6/2025, 12:43:45 pm — [INFO] — Kailas Nimbalkar-->GET--->enquiries
21/6/2025, 12:43:45 pm — [INFO] — Kailas Nimbalkar-->GET--->products
21/6/2025, 12:43:45 pm — [INFO] — Kailas Nimbalkar-->GET--->products
21/6/2025, 12:43:59 pm — [INFO] — Kailas Nimbalkar-->POST--->enquiries
21/6/2025, 12:47:16 pm — [INFO] — Kailas Nimbalkar-->GET--->enquiries
21/6/2025, 12:47:16 pm — [INFO] — Kailas Nimbalkar-->GET--->enquiries
21/6/2025, 12:47:16 pm — [INFO] — Kailas Nimbalkar-->GET--->products
21/6/2025, 12:47:16 pm — [INFO] — Kailas Nimbalkar-->GET--->products
21/6/2025, 12:49:25 pm — [INFO] — Kailas Nimbalkar-->GET--->enquiries
21/6/2025, 12:49:25 pm — [INFO] — Kailas Nimbalkar-->GET--->enquiries
21/6/2025, 12:49:25 pm — [INFO] — Kailas Nimbalkar-->GET--->products
21/6/2025, 12:49:26 pm — [INFO] — Kailas Nimbalkar-->GET--->products
21/6/2025, 12:49:29 pm — [INFO] — Kailas Nimbalkar-->DELETE--->enquiries
21/6/2025, 12:49:36 pm — [INFO] — Kailas Nimbalkar-->GET--->enquiries
21/6/2025, 12:49:36 pm — [INFO] — Kailas Nimbalkar-->GET--->enquiries
21/6/2025, 12:49:36 pm — [INFO] — Kailas Nimbalkar-->GET--->products
21/6/2025, 12:49:36 pm — [INFO] — Kailas Nimbalkar-->GET--->products
21/6/2025, 12:49:59 pm — [INFO] — Kailas Nimbalkar-->POST--->enquiries
21/6/2025, 12:50:05 pm — [INFO] — Kailas Nimbalkar-->GET--->enquiries
21/6/2025, 12:50:05 pm — [INFO] — Kailas Nimbalkar-->GET--->enquiries
21/6/2025, 12:50:05 pm — [INFO] — Kailas Nimbalkar-->GET--->products
21/6/2025, 12:50:05 pm — [INFO] — Kailas Nimbalkar-->GET--->products
21/6/2025, 12:51:03 pm — [INFO] — Kailas Nimbalkar-->POST--->enquiries
21/6/2025, 12:51:48 pm — [INFO] — Kailas Nimbalkar-->GET--->enquiries
21/6/2025, 12:51:48 pm — [INFO] — Kailas Nimbalkar-->GET--->enquiries
21/6/2025, 12:51:48 pm — [INFO] — Kailas Nimbalkar-->GET--->products
21/6/2025, 12:51:48 pm — [INFO] — Kailas Nimbalkar-->GET--->products
21/6/2025, 12:51:53 pm — [INFO] — Kailas Nimbalkar-->GET--->enquiries
21/6/2025, 12:51:53 pm — [INFO] — Kailas Nimbalkar-->GET--->enquiries
21/6/2025, 12:51:53 pm — [INFO] — Kailas Nimbalkar-->GET--->products
21/6/2025, 12:51:53 pm — [INFO] — Kailas Nimbalkar-->GET--->products
21/6/2025, 12:52:40 pm — [INFO] — Kailas Nimbalkar-->DELETE--->enquiries
21/6/2025, 12:53:07 pm — [INFO] — Kailas Nimbalkar-->POST--->enquiries
21/6/2025, 12:53:10 pm — [INFO] — Kailas Nimbalkar-->GET--->enquiries
21/6/2025, 12:53:10 pm — [INFO] — Kailas Nimbalkar-->GET--->enquiries
21/6/2025, 12:53:10 pm — [INFO] — Kailas Nimbalkar-->GET--->products
21/6/2025, 12:53:11 pm — [INFO] — Kailas Nimbalkar-->GET--->products
21/6/2025, 12:53:31 pm — [INFO] — Kailas Nimbalkar-->POST--->enquiries
21/6/2025, 12:53:43 pm — [INFO] — Kailas Nimbalkar-->GET--->enquiries
21/6/2025, 12:53:43 pm — [INFO] — Kailas Nimbalkar-->GET--->enquiries
21/6/2025, 12:53:43 pm — [INFO] — Kailas Nimbalkar-->GET--->products
21/6/2025, 12:53:43 pm — [INFO] — Kailas Nimbalkar-->GET--->products
21/6/2025, 12:54:14 pm — [INFO] — Kailas Nimbalkar-->GET--->enquiries
21/6/2025, 12:54:15 pm — [INFO] — Kailas Nimbalkar-->GET--->enquiries
21/6/2025, 12:54:15 pm — [INFO] — Kailas Nimbalkar-->GET--->products
21/6/2025, 12:54:15 pm — [INFO] — Kailas Nimbalkar-->GET--->products
21/6/2025, 12:55:52 pm — [INFO] — Kailas Nimbalkar-->POST--->enquiries
21/6/2025, 12:56:36 pm — [INFO] — Kailas Nimbalkar-->GET--->enquiries
21/6/2025, 12:56:36 pm — [INFO] — Kailas Nimbalkar-->GET--->enquiries
21/6/2025, 12:56:36 pm — [INFO] — Kailas Nimbalkar-->GET--->products
21/6/2025, 12:56:36 pm — [INFO] — Kailas Nimbalkar-->GET--->products
21/6/2025, 12:56:38 pm — [INFO] — Kailas Nimbalkar-->GET--->products
21/6/2025, 12:56:38 pm — [INFO] — Kailas Nimbalkar-->GET--->products
21/6/2025, 1:20:54 pm — [INFO] — Kailas Nimbalkar-->GET--->enquiries
21/6/2025, 1:20:54 pm — [INFO] — Kailas Nimbalkar-->GET--->enquiries
21/6/2025, 1:20:54 pm — [INFO] — Kailas Nimbalkar-->GET--->products
21/6/2025, 1:20:54 pm — [INFO] — Kailas Nimbalkar-->GET--->products
21/6/2025, 2:53:14 pm — [WARN] — Guest's illegal operation -->GET--->enquiries
21/6/2025, 2:53:14 pm — [WARN] — Guest's illegal operation -->GET--->enquiries
21/6/2025, 2:53:38 pm — [INFO] — Kailas Nimbalkar-->GET--->enquiries
21/6/2025, 2:53:38 pm — [INFO] — Kailas Nimbalkar-->GET--->enquiries
21/6/2025, 2:53:38 pm — [INFO] — Kailas Nimbalkar-->GET--->products
21/6/2025, 2:53:38 pm — [INFO] — Kailas Nimbalkar-->GET--->products
21/6/2025, 2:53:45 pm — [INFO] — Kailas Nimbalkar-->GET--->enquiries
21/6/2025, 2:53:45 pm — [INFO] — Kailas Nimbalkar-->GET--->enquiries
21/6/2025, 2:53:45 pm — [INFO] — Kailas Nimbalkar-->GET--->products
21/6/2025, 2:53:45 pm — [INFO] — Kailas Nimbalkar-->GET--->products
21/6/2025, 2:57:42 pm — [INFO] — Kailas Nimbalkar-->GET--->enquiries
21/6/2025, 2:57:42 pm — [INFO] — Kailas Nimbalkar-->GET--->enquiries
21/6/2025, 2:57:42 pm — [INFO] — Kailas Nimbalkar-->GET--->products
21/6/2025, 2:57:42 pm — [INFO] — Kailas Nimbalkar-->GET--->products
21/6/2025, 3:00:57 pm — [INFO] — Kailas Nimbalkar-->GET--->enquiries
21/6/2025, 3:00:57 pm — [INFO] — Kailas Nimbalkar-->GET--->enquiries
21/6/2025, 3:00:57 pm — [INFO] — Kailas Nimbalkar-->GET--->products
21/6/2025, 3:00:57 pm — [INFO] — Kailas Nimbalkar-->GET--->products
21/6/2025, 3:01:11 pm — [INFO] — Kailas Nimbalkar-->DELETE--->enquiries
21/6/2025, 3:01:51 pm — [INFO] — Kailas Nimbalkar-->DELETE--->enquiries
21/6/2025, 3:03:42 pm — [INFO] — Kailas Nimbalkar-->GET--->enquiries
21/6/2025, 3:03:42 pm — [INFO] — Kailas Nimbalkar-->GET--->enquiries
21/6/2025, 3:03:42 pm — [INFO] — Kailas Nimbalkar-->GET--->products
21/6/2025, 3:03:42 pm — [INFO] — Kailas Nimbalkar-->GET--->products
21/6/2025, 3:03:49 pm — [INFO] — Kailas Nimbalkar-->GET--->products
21/6/2025, 3:03:49 pm — [INFO] — Kailas Nimbalkar-->GET--->products
21/6/2025, 3:03:55 pm — [INFO] — Kailas Nimbalkar-->GET--->enquiries
21/6/2025, 3:03:55 pm — [INFO] — Kailas Nimbalkar-->GET--->enquiries
21/6/2025, 3:03:55 pm — [INFO] — Kailas Nimbalkar-->GET--->products
21/6/2025, 3:03:55 pm — [INFO] — Kailas Nimbalkar-->GET--->products
21/6/2025, 3:04:33 pm — [INFO] — Kailas Nimbalkar-->POST--->enquiries
21/6/2025, 3:07:54 pm — [INFO] — Kailas Nimbalkar-->GET--->enquiries
21/6/2025, 3:07:54 pm — [INFO] — Kailas Nimbalkar-->GET--->enquiries
21/6/2025, 3:07:54 pm — [INFO] — Kailas Nimbalkar-->GET--->products
21/6/2025, 3:07:54 pm — [INFO] — Kailas Nimbalkar-->GET--->products
21/6/2025, 3:08:13 pm — [INFO] — Kailas Nimbalkar-->POST--->enquiries
21/6/2025, 3:08:53 pm — [INFO] — Kailas Nimbalkar-->POST--->enquiries
21/6/2025, 3:12:12 pm — [INFO] — Kailas Nimbalkar-->POST--->enquiries
21/6/2025, 3:12:18 pm — [INFO] — Kailas Nimbalkar-->GET--->enquiries
21/6/2025, 3:12:18 pm — [INFO] — Kailas Nimbalkar-->GET--->enquiries
21/6/2025, 3:12:18 pm — [INFO] — Kailas Nimbalkar-->GET--->products
21/6/2025, 3:12:18 pm — [INFO] — Kailas Nimbalkar-->GET--->products
21/6/2025, 3:12:31 pm — [INFO] — Kailas Nimbalkar-->POST--->enquiries
21/6/2025, 3:14:50 pm — [INFO] — Kailas Nimbalkar-->DELETE--->enquiries
21/6/2025, 3:20:36 pm — [INFO] — Kailas Nimbalkar-->GET--->products
21/6/2025, 3:20:36 pm — [INFO] — Kailas Nimbalkar-->GET--->products
21/6/2025, 3:21:55 pm — [INFO] — Kailas Nimbalkar-->GET--->enquiries
21/6/2025, 3:21:55 pm — [INFO] — Kailas Nimbalkar-->GET--->enquiries
21/6/2025, 3:21:55 pm — [INFO] — Kailas Nimbalkar-->GET--->products
21/6/2025, 3:21:55 pm — [INFO] — Kailas Nimbalkar-->GET--->products
21/6/2025, 3:21:56 pm — [INFO] — Kailas Nimbalkar-->GET--->products
21/6/2025, 3:21:56 pm — [INFO] — Kailas Nimbalkar-->GET--->products
21/6/2025, 3:27:47 pm — [INFO] — Kailas Nimbalkar-->GET--->products
21/6/2025, 3:27:47 pm — [INFO] — Kailas Nimbalkar-->GET--->products
21/6/2025, 3:28:56 pm — [INFO] — Kailas Nimbalkar-->POST--->products
21/6/2025, 3:30:26 pm — [INFO] — Kailas Nimbalkar-->GET--->enquiries
21/6/2025, 3:30:26 pm — [INFO] — Kailas Nimbalkar-->GET--->enquiries
21/6/2025, 3:30:26 pm — [INFO] — Kailas Nimbalkar-->GET--->products
21/6/2025, 3:30:26 pm — [INFO] — Kailas Nimbalkar-->GET--->products
21/6/2025, 3:30:32 pm — [INFO] — Kailas Nimbalkar-->GET--->enquiries
21/6/2025, 3:30:32 pm — [INFO] — Kailas Nimbalkar-->GET--->enquiries
21/6/2025, 3:30:32 pm — [INFO] — Kailas Nimbalkar-->GET--->products
21/6/2025, 3:30:32 pm — [INFO] — Kailas Nimbalkar-->GET--->products
21/6/2025, 3:33:44 pm — [INFO] — Kailas Nimbalkar-->GET--->enquiries
21/6/2025, 3:33:44 pm — [INFO] — Kailas Nimbalkar-->GET--->enquiries
21/6/2025, 3:33:44 pm — [INFO] — Kailas Nimbalkar-->GET--->products
21/6/2025, 3:33:44 pm — [INFO] — Kailas Nimbalkar-->GET--->products
21/6/2025, 3:33:45 pm — [INFO] — Kailas Nimbalkar-->GET--->enquiries
21/6/2025, 3:33:45 pm — [INFO] — Kailas Nimbalkar-->GET--->enquiries
21/6/2025, 3:33:45 pm — [INFO] — Kailas Nimbalkar-->GET--->products
21/6/2025, 3:33:45 pm — [INFO] — Kailas Nimbalkar-->GET--->products
21/6/2025, 3:39:19 pm — [INFO] — Kailas Nimbalkar-->GET--->enquiries
21/6/2025, 3:39:19 pm — [INFO] — Kailas Nimbalkar-->GET--->enquiries
21/6/2025, 3:39:19 pm — [INFO] — Kailas Nimbalkar-->GET--->products
21/6/2025, 3:39:19 pm — [INFO] — Kailas Nimbalkar-->GET--->products
21/6/2025, 3:46:16 pm — [INFO] — Kailas Nimbalkar-->GET--->enquiries
21/6/2025, 3:46:16 pm — [INFO] — Kailas Nimbalkar-->GET--->enquiries
21/6/2025, 3:46:16 pm — [INFO] — Kailas Nimbalkar-->GET--->products
21/6/2025, 3:46:16 pm — [INFO] — Kailas Nimbalkar-->GET--->products
21/6/2025, 3:46:21 pm — [INFO] — Kailas Nimbalkar-->GET--->enquiries
21/6/2025, 3:46:21 pm — [INFO] — Kailas Nimbalkar-->GET--->enquiries
21/6/2025, 3:46:21 pm — [INFO] — Kailas Nimbalkar-->GET--->products
21/6/2025, 3:46:21 pm — [INFO] — Kailas Nimbalkar-->GET--->products
21/6/2025, 3:49:32 pm — [INFO] — Kailas Nimbalkar-->GET--->enquiries
21/6/2025, 3:49:32 pm — [INFO] — Kailas Nimbalkar-->GET--->enquiries
21/6/2025, 3:49:32 pm — [INFO] — Kailas Nimbalkar-->GET--->products
21/6/2025, 3:49:32 pm — [INFO] — Kailas Nimbalkar-->GET--->products
21/6/2025, 3:52:49 pm — [INFO] — Kailas Nimbalkar-->GET--->enquiries
21/6/2025, 3:52:49 pm — [INFO] — Kailas Nimbalkar-->GET--->enquiries
21/6/2025, 3:52:49 pm — [INFO] — Kailas Nimbalkar-->GET--->products
21/6/2025, 3:52:49 pm — [INFO] — Kailas Nimbalkar-->GET--->products
21/6/2025, 3:53:17 pm — [INFO] — Kailas Nimbalkar-->GET--->enquiries
21/6/2025, 3:53:17 pm — [INFO] — Kailas Nimbalkar-->GET--->enquiries
21/6/2025, 3:53:17 pm — [INFO] — Kailas Nimbalkar-->GET--->products
21/6/2025, 3:53:17 pm — [INFO] — Kailas Nimbalkar-->GET--->products
21/6/2025, 3:53:37 pm — [WARN] — Unauthorized operation -->GET--->enquiries
21/6/2025, 3:53:37 pm — [WARN] — Unauthorized operation -->GET--->enquiries
21/6/2025, 3:53:41 pm — [WARN] — Unauthorized operation -->GET--->enquiries
21/6/2025, 3:53:41 pm — [WARN] — Unauthorized operation -->GET--->enquiries
21/6/2025, 3:54:01 pm — [WARN] — Unauthorized operation -->GET--->enquiries
21/6/2025, 3:54:01 pm — [WARN] — Unauthorized operation -->GET--->enquiries
21/6/2025, 3:54:40 pm — [INFO] — Kailas Nimbalkar-->GET--->enquiries
21/6/2025, 3:54:40 pm — [INFO] — Kailas Nimbalkar-->GET--->enquiries
21/6/2025, 3:54:40 pm — [INFO] — Kailas Nimbalkar-->GET--->products
21/6/2025, 3:54:41 pm — [INFO] — Kailas Nimbalkar-->GET--->products
21/6/2025, 3:54:44 pm — [INFO] — Kailas Nimbalkar-->GET--->enquiries
21/6/2025, 3:54:44 pm — [INFO] — Kailas Nimbalkar-->GET--->enquiries
21/6/2025, 3:54:44 pm — [INFO] — Kailas Nimbalkar-->GET--->products
21/6/2025, 3:54:44 pm — [INFO] — Kailas Nimbalkar-->GET--->products
21/6/2025, 3:54:47 pm — [INFO] — Kailas Nimbalkar-->GET--->enquiries
21/6/2025, 3:54:47 pm — [INFO] — Kailas Nimbalkar-->GET--->enquiries
21/6/2025, 3:54:47 pm — [INFO] — Kailas Nimbalkar-->GET--->products
21/6/2025, 3:54:48 pm — [INFO] — Kailas Nimbalkar-->GET--->products
21/6/2025, 3:55:04 pm — [INFO] — Kailas Nimbalkar-->GET--->enquiries
21/6/2025, 3:55:04 pm — [INFO] — Kailas Nimbalkar-->GET--->enquiries
21/6/2025, 3:55:04 pm — [INFO] — Kailas Nimbalkar-->GET--->products
21/6/2025, 3:55:04 pm — [INFO] — Kailas Nimbalkar-->GET--->products
21/6/2025, 3:55:35 pm — [INFO] — Kailas Nimbalkar-->POST--->enquiries
21/6/2025, 4:01:09 pm — [INFO] — Kailas Nimbalkar-->GET--->enquiries
21/6/2025, 4:01:09 pm — [INFO] — Kailas Nimbalkar-->GET--->enquiries
21/6/2025, 4:01:09 pm — [INFO] — Kailas Nimbalkar-->GET--->products
21/6/2025, 4:01:09 pm — [INFO] — Kailas Nimbalkar-->GET--->products
